The following modules were not unloaded:
  (Use "module --force purge" to unload all):

  1) releases/2023a   2) tis/2018.01
N E X T F L O W  ~  version 22.10.0
Launching `/home/ulb/mlg/hdmarmol/maestriNanolympicMod/myNanolympics/NanOlympicsMod/pipeline.nf` [hopeful_fourier] DSL1 - revision: 91e2af624e
WARN: The `into` operator should be used to connect two or more target channels -- consider replacing it with `.set { bed_nanocompore }`
SampleName: MAESTRI_WT, Condition: WT, DataPath: /globalscratch/ulb/mlg/hdmarmol/sampledata/HEK293T_BP_WT1_Chromosome1_basecalled/workspace/
Tuple: [MAESTRI_WT, WT, /globalscratch/ulb/mlg/hdmarmol/sampledata/HEK293T_BP_WT1_Chromosome1_basecalled/workspace/]
SampleName: MAESTRI_MD, Condition: KO, DataPath: /globalscratch/ulb/mlg/hdmarmol/sampledata/HEK293T_BP_METTL3Inhibitor1_Chromosome1_basecalled/workspace/
Tuple: [MAESTRI_MD, KO, /globalscratch/ulb/mlg/hdmarmol/sampledata/HEK293T_BP_METTL3Inhibitor1_Chromosome1_basecalled/workspace/]
[-        ] process > multi2single -
[-        ] process > fastq        -

[-        ] process > multi2single  [  0%] 0 of 2
[-        ] process > fastq         -
[-        ] process > minimap2      -
[-        ] process > minimap2Merge -
[-        ] process > tombo1        -
[-        ] process > tombo2        -
[-        ] process > tombo3        -
[-        ] process > nanom6a       -
[-        ] process > differr       -
[-        ] process > eligos        -
[-        ] process > mines         -
WARN: Operator `choice` is deprecated -- it will be removed in a future release
WARN: Operator `choice` is deprecated -- it will be removed in a future release
WARN: Output `set` must define at least two component -- Check process `tombo1`
WARN: Input `set` must define at least two component -- Check process `tombo2`
WARN: Output `set` must define at least two component -- Check process `tombo2`
WARN: Input `set` must define at least two component -- Check process `tombo3`
WARN: Input `set` must define at least two component -- Check process `nanom6a`
WARN: Operator `choice` is deprecated -- it will be removed in a future release
WARN: Operator `choice` is deprecated -- it will be removed in a future release
WARN: Input `set` must define at least two component -- Check process `mines`

executor >  slurm (2)
[26/41663c] process > multi2single (2) [  0%] 0 of 2
[-        ] process > fastq            -
[-        ] process > minimap2         -
[-        ] process > minimap2Merge    -
[-        ] process > tombo1           -
[-        ] process > tombo2           -
[-        ] process > tombo3           -
[-        ] process > nanom6a          -
[-        ] process > differr          -
[-        ] process > eligos           -
[-        ] process > mines            -
[-        ] process > dena             -
[-        ] process > epinanoSVM       -
[-        ] process > epinanoError     -
[-        ] process > nanodoc          -
[-        ] process > drummer          -
[-        ] process > nanopolish1      -
[-        ] process > xpore1           -
[-        ] process > xpore2           -
[-        ] process > nanocompore1     -
[-        ] process > nanocompore2     -
[-        ] process > m6anet1          -
[-        ] process > m6anet2          -
[-        ] process > yanocomp1        -
[-        ] process > yanocomp2        -
[-        ] process > postprocessing   -
WARN: Operator `choice` is deprecated -- it will be removed in a future release
WARN: Operator `choice` is deprecated -- it will be removed in a future release
WARN: Output `set` must define at least two component -- Check process `tombo1`
WARN: Input `set` must define at least two component -- Check process `tombo2`
WARN: Output `set` must define at least two component -- Check process `tombo2`
WARN: Input `set` must define at least two component -- Check process `tombo3`
WARN: Input `set` must define at least two component -- Check process `nanom6a`
WARN: Operator `choice` is deprecated -- it will be removed in a future release
WARN: Operator `choice` is deprecated -- it will be removed in a future release
WARN: Input `set` must define at least two component -- Check process `mines`
WARN: Input `set` must define at least two component -- Check process `dena`
WARN: Operator `choice` is deprecated -- it will be removed in a future release
WARN: Operator `choice` is deprecated -- it will be removed in a future release
WARN: Operator `choice` is deprecated -- it will be removed in a future release
WARN: Operator `choice` is deprecated -- it will be removed in a future release
WARN: Operator `choice` is deprecated -- it will be removed in a future release
WARN: Operator `choice` is deprecated -- it will be removed in a future release

executor >  slurm (2)
[26/41663c] process > multi2single (2) [  0%] 0 of 2
[-        ] process > fastq            -
[-        ] process > minimap2         -
[-        ] process > minimap2Merge    -
[-        ] process > tombo1           -
[-        ] process > tombo2           -
[-        ] process > tombo3           -
[-        ] process > nanom6a          -
[-        ] process > differr          -
[-        ] process > eligos           -
[-        ] process > mines            -
[-        ] process > dena             -
[-        ] process > epinanoSVM       -
[-        ] process > epinanoError     -
[-        ] process > nanodoc          -
[-        ] process > drummer          -
[-        ] process > nanopolish1      -
[-        ] process > xpore1           -
[-        ] process > xpore2           -
[-        ] process > nanocompore1     -
[-        ] process > nanocompore2     -
[-        ] process > m6anet1          -
[-        ] process > m6anet2          -
[-        ] process > yanocomp1        -
[-        ] process > yanocomp2        -
[-        ] process > postprocessing   -
WARN: Operator `choice` is deprecated -- it will be removed in a future release
WARN: Operator `choice` is deprecated -- it will be removed in a future release
WARN: Output `set` must define at least two component -- Check process `tombo1`
WARN: Input `set` must define at least two component -- Check process `tombo2`
WARN: Output `set` must define at least two component -- Check process `tombo2`
WARN: Input `set` must define at least two component -- Check process `tombo3`
WARN: Input `set` must define at least two component -- Check process `nanom6a`
WARN: Operator `choice` is deprecated -- it will be removed in a future release
WARN: Operator `choice` is deprecated -- it will be removed in a future release
WARN: Input `set` must define at least two component -- Check process `mines`
WARN: Input `set` must define at least two component -- Check process `dena`
WARN: Operator `choice` is deprecated -- it will be removed in a future release
WARN: Operator `choice` is deprecated -- it will be removed in a future release
WARN: Operator `choice` is deprecated -- it will be removed in a future release
WARN: Operator `choice` is deprecated -- it will be removed in a future release
WARN: Operator `choice` is deprecated -- it will be removed in a future release
WARN: Operator `choice` is deprecated -- it will be removed in a future release
slurmstepd: error: *** JOB 3019854 ON lm4-w040 CANCELLED AT 2025-01-29T12:32:16 ***
