The following modules were not unloaded:
  (Use "module --force purge" to unload all):

  1) releases/2023a   2) tis/2018.01
N E X T F L O W  ~  version 22.10.0
Launching `/home/ulb/mlg/hdmarmol/maestriNanolympicMod/myNanolympics/NanOlympicsMod/pipeline.nf` [sick_laplace] DSL1 - revision: 91e2af624e
WARN: The `into` operator should be used to connect two or more target channels -- consider replacing it with `.set { bed_nanocompore }`
SampleName: MAESTRI_WT, Condition: WT, DataPath: /globalscratch/ulb/mlg/hdmarmol/sampledata/HEK293T_BP_WT1_Chromosome1_basecalled/workspace/
Tuple: [MAESTRI_WT, WT, /globalscratch/ulb/mlg/hdmarmol/sampledata/HEK293T_BP_WT1_Chromosome1_basecalled/workspace/]
SampleName: MAESTRI_MD, Condition: KO, DataPath: /globalscratch/ulb/mlg/hdmarmol/sampledata/HEK293T_BP_METTL3Inhibitor1_Chromosome1_basecalled/workspace/
Tuple: [MAESTRI_MD, KO, /globalscratch/ulb/mlg/hdmarmol/sampledata/HEK293T_BP_METTL3Inhibitor1_Chromosome1_basecalled/workspace/]
[-        ] process > multi2single -

[-        ] process > multi2single  -
[-        ] process > fastq         -
[-        ] process > minimap2      -
[-        ] process > minimap2Merge -
[-        ] process > tombo1        -
[-        ] process > tombo2        -
[-        ] process > tombo3        -
[-        ] process > nanom6a       -
[-        ] process > differr       -
WARN: Operator `choice` is deprecated -- it will be removed in a future release
WARN: Operator `choice` is deprecated -- it will be removed in a future release
WARN: Output `set` must define at least two component -- Check process `tombo1`
WARN: Input `set` must define at least two component -- Check process `tombo2`
WARN: Output `set` must define at least two component -- Check process `tombo2`
WARN: Input `set` must define at least two component -- Check process `tombo3`
WARN: Input `set` must define at least two component -- Check process `nanom6a`
WARN: Operator `choice` is deprecated -- it will be removed in a future release
WARN: Operator `choice` is deprecated -- it will be removed in a future release

[69/edfa90] process > multi2single (1) [100%] 2 of 2, cached: 2 ✔
[f7/d734a6] process > fastq (2)        [100%] 2 of 2, cached: 2 ✔
[-        ] process > minimap2         -
[-        ] process > minimap2Merge    -
[06/61fbef] process > tombo1 (1)       [100%] 1 of 1, cached: 1 ✔
[-        ] process > tombo2           -
[-        ] process > tombo3           -
[-        ] process > nanom6a          -
[-        ] process > differr          -
[-        ] process > eligos           -
[-        ] process > mines            -
[-        ] process > dena             -
[-        ] process > epinanoSVM       -
[-        ] process > epinanoError     -
[-        ] process > nanodoc          -
[-        ] process > drummer          -
[-        ] process > nanopolish1      -
[-        ] process > xpore1           -
[-        ] process > xpore2           -
[-        ] process > nanocompore1     -
WARN: Operator `choice` is deprecated -- it will be removed in a future release
WARN: Operator `choice` is deprecated -- it will be removed in a future release
WARN: Output `set` must define at least two component -- Check process `tombo1`
WARN: Input `set` must define at least two component -- Check process `tombo2`
WARN: Output `set` must define at least two component -- Check process `tombo2`
WARN: Input `set` must define at least two component -- Check process `tombo3`
WARN: Input `set` must define at least two component -- Check process `nanom6a`
WARN: Operator `choice` is deprecated -- it will be removed in a future release
WARN: Operator `choice` is deprecated -- it will be removed in a future release
WARN: Input `set` must define at least two component -- Check process `mines`
WARN: Input `set` must define at least two component -- Check process `dena`
WARN: Operator `choice` is deprecated -- it will be removed in a future release
WARN: Operator `choice` is deprecated -- it will be removed in a future release
WARN: Operator `choice` is deprecated -- it will be removed in a future release
WARN: Operator `choice` is deprecated -- it will be removed in a future release

[69/edfa90] process > multi2single (1) [100%] 2 of 2, cached: 2 ✔
[f7/d734a6] process > fastq (2)        [100%] 2 of 2, cached: 2 ✔
[69/0bb421] process > minimap2 (2)     [100%] 1 of 1, cached: 1
[-        ] process > minimap2Merge    -
[06/61fbef] process > tombo1 (1)       [100%] 1 of 1, cached: 1 ✔
[-        ] process > tombo2           -
[-        ] process > tombo3           [  0%] 0 of 1
[-        ] process > nanom6a          -
[-        ] process > differr          -
[-        ] process > eligos           -
[-        ] process > mines            -
[-        ] process > dena             -
[-        ] process > epinanoSVM       -
[-        ] process > epinanoError     -
[e5/92d01c] process > nanodoc (1)      [100%] 1 of 1, cached: 1 ✔
[-        ] process > drummer          -
[-        ] process > nanopolish1      -
[-        ] process > xpore1           -
[-        ] process > xpore2           -
[-        ] process > nanocompore1     -
[-        ] process > nanocompore2     -
[-        ] process > m6anet1          -
[-        ] process > m6anet2          -
[-        ] process > yanocomp1        -
[-        ] process > yanocomp2        -
WARN: Operator `choice` is deprecated -- it will be removed in a future release
WARN: Operator `choice` is deprecated -- it will be removed in a future release
WARN: Output `set` must define at least two component -- Check process `tombo1`
WARN: Input `set` must define at least two component -- Check process `tombo2`
WARN: Output `set` must define at least two component -- Check process `tombo2`
WARN: Input `set` must define at least two component -- Check process `tombo3`
WARN: Input `set` must define at least two component -- Check process `nanom6a`
WARN: Operator `choice` is deprecated -- it will be removed in a future release
WARN: Operator `choice` is deprecated -- it will be removed in a future release
WARN: Input `set` must define at least two component -- Check process `mines`
WARN: Input `set` must define at least two component -- Check process `dena`
WARN: Operator `choice` is deprecated -- it will be removed in a future release
WARN: Operator `choice` is deprecated -- it will be removed in a future release
WARN: Operator `choice` is deprecated -- it will be removed in a future release
WARN: Operator `choice` is deprecated -- it will be removed in a future release
WARN: Operator `choice` is deprecated -- it will be removed in a future release
WARN: Operator `choice` is deprecated -- it will be removed in a future release

executor >  slurm (3)
[69/edfa90] process > multi2single (1) [100%] 2 of 2, cached: 2 ✔
[f7/d734a6] process > fastq (2)        [100%] 2 of 2, cached: 2 ✔
[e7/cd1f5e] process > minimap2 (1)     [100%] 2 of 2, cached: 2 ✔
[-        ] process > minimap2Merge    -
[06/61fbef] process > tombo1 (1)       [100%] 1 of 1, cached: 1 ✔
[2d/16f9f7] process > tombo2 (1)       [  0%] 0 of 1
[55/d592fa] process > tombo3 (1)       [  0%] 0 of 1
[2f/40d100] process > nanom6a (1)      [  0%] 0 of 1
[-        ] process > differr          -
[-        ] process > eligos           -
[-        ] process > mines            -
[-        ] process > dena             -
[-        ] process > epinanoSVM       -
[-        ] process > epinanoError     -
[e5/92d01c] process > nanodoc (1)      [100%] 1 of 1, cached: 1 ✔
[ac/29d0e6] process > drummer (1)      [100%] 1 of 1, cached: 1 ✔
[-        ] process > nanopolish1      [  0%] 0 of 2
[-        ] process > xpore1           -
[-        ] process > xpore2           -
[-        ] process > nanocompore1     -
[-        ] process > nanocompore2     -
[-        ] process > m6anet1          -
[-        ] process > m6anet2          -
[-        ] process > yanocomp1        -
[-        ] process > yanocomp2        -
[-        ] process > postprocessing   -
WARN: Operator `choice` is deprecated -- it will be removed in a future release
WARN: Operator `choice` is deprecated -- it will be removed in a future release
WARN: Output `set` must define at least two component -- Check process `tombo1`
WARN: Input `set` must define at least two component -- Check process `tombo2`
WARN: Output `set` must define at least two component -- Check process `tombo2`
WARN: Input `set` must define at least two component -- Check process `tombo3`
WARN: Input `set` must define at least two component -- Check process `nanom6a`
WARN: Operator `choice` is deprecated -- it will be removed in a future release
WARN: Operator `choice` is deprecated -- it will be removed in a future release
WARN: Input `set` must define at least two component -- Check process `mines`
WARN: Input `set` must define at least two component -- Check process `dena`
WARN: Operator `choice` is deprecated -- it will be removed in a future release
WARN: Operator `choice` is deprecated -- it will be removed in a future release
WARN: Operator `choice` is deprecated -- it will be removed in a future release
WARN: Operator `choice` is deprecated -- it will be removed in a future release
WARN: Operator `choice` is deprecated -- it will be removed in a future release
WARN: Operator `choice` is deprecated -- it will be removed in a future release

executor >  slurm (6)
[69/edfa90] process > multi2single (1)  [100%] 2 of 2, cached: 2 ✔
[f7/d734a6] process > fastq (2)         [100%] 2 of 2, cached: 2 ✔
[e7/cd1f5e] process > minimap2 (1)      [100%] 2 of 2, cached: 2 ✔
[98/98231a] process > minimap2Merge (1) [100%] 1 of 1, cached: 1 ✔
[06/61fbef] process > tombo1 (1)        [100%] 1 of 1, cached: 1 ✔
[2d/16f9f7] process > tombo2 (1)        [  0%] 0 of 1
[55/d592fa] process > tombo3 (1)        [  0%] 0 of 1
[2f/40d100] process > nanom6a (1)       [  0%] 0 of 1
[f6/1bdc89] process > differr (1)       [  0%] 0 of 1
[b8/4e3a1b] process > eligos (1)        [100%] 1 of 1, cached: 1 ✔
[-        ] process > mines             -
[-        ] process > dena              -
[-        ] process > epinanoSVM        -
[-        ] process > epinanoError      -
[e5/92d01c] process > nanodoc (1)       [100%] 1 of 1, cached: 1 ✔
[ac/29d0e6] process > drummer (1)       [100%] 1 of 1, cached: 1 ✔
[f9/05c5f4] process > nanopolish1 (2)   [  0%] 0 of 2
[-        ] process > xpore1            -
[-        ] process > xpore2            -
[-        ] process > nanocompore1      -
[-        ] process > nanocompore2      -
[-        ] process > m6anet1           -
[-        ] process > m6anet2           -
[-        ] process > yanocomp1         -
[-        ] process > yanocomp2         -
[-        ] process > postprocessing    -
Pulling Singularity image docker://bproject/dena:v1 [cache /globalscratch/ulb/mlg/hdmarmol/caches/bproject-dena-v1.img]
WARN: Operator `choice` is deprecated -- it will be removed in a future release
WARN: Operator `choice` is deprecated -- it will be removed in a future release
WARN: Output `set` must define at least two component -- Check process `tombo1`
WARN: Input `set` must define at least two component -- Check process `tombo2`
WARN: Output `set` must define at least two component -- Check process `tombo2`
WARN: Input `set` must define at least two component -- Check process `tombo3`
WARN: Input `set` must define at least two component -- Check process `nanom6a`
WARN: Operator `choice` is deprecated -- it will be removed in a future release
WARN: Operator `choice` is deprecated -- it will be removed in a future release
WARN: Input `set` must define at least two component -- Check process `mines`
WARN: Input `set` must define at least two component -- Check process `dena`
WARN: Operator `choice` is deprecated -- it will be removed in a future release
WARN: Operator `choice` is deprecated -- it will be removed in a future release
WARN: Operator `choice` is deprecated -- it will be removed in a future release
WARN: Operator `choice` is deprecated -- it will be removed in a future release
WARN: Operator `choice` is deprecated -- it will be removed in a future release
WARN: Operator `choice` is deprecated -- it will be removed in a future release

executor >  slurm (6)
[69/edfa90] process > multi2single (1)  [100%] 2 of 2, cached: 2 ✔
[f7/d734a6] process > fastq (2)         [100%] 2 of 2, cached: 2 ✔
[e7/cd1f5e] process > minimap2 (1)      [100%] 2 of 2, cached: 2 ✔
[98/98231a] process > minimap2Merge (1) [100%] 1 of 1, cached: 1 ✔
[06/61fbef] process > tombo1 (1)        [100%] 1 of 1, cached: 1 ✔
[2d/16f9f7] process > tombo2 (1)        [  0%] 0 of 1
[55/d592fa] process > tombo3 (1)        [  0%] 0 of 1
[2f/40d100] process > nanom6a (1)       [  0%] 0 of 1
[f6/1bdc89] process > differr (1)       [  0%] 0 of 1
[b8/4e3a1b] process > eligos (1)        [100%] 1 of 1, cached: 1 ✔
[-        ] process > mines             -
[-        ] process > dena              -
[-        ] process > epinanoSVM        -
[-        ] process > epinanoError      -
[e5/92d01c] process > nanodoc (1)       [100%] 1 of 1, cached: 1 ✔
[ac/29d0e6] process > drummer (1)       [100%] 1 of 1, cached: 1 ✔
[f9/05c5f4] process > nanopolish1 (2)   [  0%] 0 of 2
[-        ] process > xpore1            -
[-        ] process > xpore2            -
[-        ] process > nanocompore1      -
[-        ] process > nanocompore2      -
[-        ] process > m6anet1           -
[-        ] process > m6anet2           -
[-        ] process > yanocomp1         -
[-        ] process > yanocomp2         -
[-        ] process > postprocessing    -
Pulling Singularity image docker://bproject/dena:v1 [cache /globalscratch/ulb/mlg/hdmarmol/caches/bproject-dena-v1.img]
WARN: Operator `choice` is deprecated -- it will be removed in a future release
WARN: Operator `choice` is deprecated -- it will be removed in a future release
WARN: Output `set` must define at least two component -- Check process `tombo1`
WARN: Input `set` must define at least two component -- Check process `tombo2`
WARN: Output `set` must define at least two component -- Check process `tombo2`
WARN: Input `set` must define at least two component -- Check process `tombo3`
WARN: Input `set` must define at least two component -- Check process `nanom6a`
WARN: Operator `choice` is deprecated -- it will be removed in a future release
WARN: Operator `choice` is deprecated -- it will be removed in a future release
WARN: Input `set` must define at least two component -- Check process `mines`
WARN: Input `set` must define at least two component -- Check process `dena`
WARN: Operator `choice` is deprecated -- it will be removed in a future release
WARN: Operator `choice` is deprecated -- it will be removed in a future release
WARN: Operator `choice` is deprecated -- it will be removed in a future release
WARN: Operator `choice` is deprecated -- it will be removed in a future release
WARN: Operator `choice` is deprecated -- it will be removed in a future release
WARN: Operator `choice` is deprecated -- it will be removed in a future release

executor >  slurm (6)
[69/edfa90] process > multi2single (1)  [100%] 2 of 2, cached: 2 ✔
[f7/d734a6] process > fastq (2)         [100%] 2 of 2, cached: 2 ✔
[e7/cd1f5e] process > minimap2 (1)      [100%] 2 of 2, cached: 2 ✔
[98/98231a] process > minimap2Merge (1) [100%] 1 of 1, cached: 1 ✔
[06/61fbef] process > tombo1 (1)        [100%] 1 of 1, cached: 1 ✔
[2d/16f9f7] process > tombo2 (1)        [  0%] 0 of 1
[55/d592fa] process > tombo3 (1)        [  0%] 0 of 1
[2f/40d100] process > nanom6a (1)       [  0%] 0 of 1
[f6/1bdc89] process > differr (1)       [  0%] 0 of 1
[b8/4e3a1b] process > eligos (1)        [100%] 1 of 1, cached: 1 ✔
[-        ] process > mines             -
[-        ] process > dena              -
[-        ] process > epinanoSVM        -
[-        ] process > epinanoError      -
[e5/92d01c] process > nanodoc (1)       [100%] 1 of 1, cached: 1 ✔
[ac/29d0e6] process > drummer (1)       [100%] 1 of 1, cached: 1 ✔
[f9/05c5f4] process > nanopolish1 (2)   [  0%] 0 of 2
[-        ] process > xpore1            -
[-        ] process > xpore2            -
[-        ] process > nanocompore1      -
[-        ] process > nanocompore2      -
[-        ] process > m6anet1           -
[-        ] process > m6anet2           -
[-        ] process > yanocomp1         -
[-        ] process > yanocomp2         -
[-        ] process > postprocessing    -
Pulling Singularity image docker://bproject/dena:v1 [cache /globalscratch/ulb/mlg/hdmarmol/caches/bproject-dena-v1.img]
WARN: Operator `choice` is deprecated -- it will be removed in a future release
WARN: Operator `choice` is deprecated -- it will be removed in a future release
WARN: Output `set` must define at least two component -- Check process `tombo1`
WARN: Input `set` must define at least two component -- Check process `tombo2`
WARN: Output `set` must define at least two component -- Check process `tombo2`
WARN: Input `set` must define at least two component -- Check process `tombo3`
WARN: Input `set` must define at least two component -- Check process `nanom6a`
WARN: Operator `choice` is deprecated -- it will be removed in a future release
WARN: Operator `choice` is deprecated -- it will be removed in a future release
WARN: Input `set` must define at least two component -- Check process `mines`
WARN: Input `set` must define at least two component -- Check process `dena`
WARN: Operator `choice` is deprecated -- it will be removed in a future release
WARN: Operator `choice` is deprecated -- it will be removed in a future release
WARN: Operator `choice` is deprecated -- it will be removed in a future release
WARN: Operator `choice` is deprecated -- it will be removed in a future release
WARN: Operator `choice` is deprecated -- it will be removed in a future release
WARN: Operator `choice` is deprecated -- it will be removed in a future release
Error executing process > 'nanom6a (1)'

Caused by:
  Process `nanom6a (1)` terminated with an error exit status (1)

Command executed:

  java -jar /picard/build/libs/picard.jar CreateSequenceDictionary R=genome.fa O=genome.dict
  java -jar /picard/build/libs/picard.jar CreateSequenceDictionary R=transcriptome.fa O=transcriptome.dict

Command exit status:
  1

Command output:
  (empty)

Command error:
  INFO:    Environment variable SINGULARITYENV_TMPDIR is set, but APPTAINERENV_TMPDIR is preferred
  INFO	2025-01-31 14:20:58	CreateSequenceDictionary	
  
  ********** NOTE: Picard's command line syntax is changing.
  **********
  ********** For more information, please see:
  ********** https://github.com/broadinstitute/picard/wiki/Command-Line-Syntax-Transition-For-Users-(Pre-Transition)
  **********
  ********** The command line looks like this in the new syntax:
  **********
  **********    CreateSequenceDictionary -R genome.fa -O genome.dict
  **********
  
  
  14:20:59.264 INFO  NativeLibraryLoader - Loading libgkl_compression.so from jar:file:/picard/build/libs/picard.jar!/com/intel/gkl/native/libgkl_compression.so
  [Fri Jan 31 14:20:59 UTC 2025] CreateSequenceDictionary OUTPUT=genome.dict REFERENCE=genome.fa    TRUNCATE_NAMES_AT_WHITESPACE=true NUM_SEQUENCES=2147483647 VERBOSITY=INFO QUIET=false VALIDATION_STRINGENCY=STRICT COMPRESSION_LEVEL=5 MAX_RECORDS_IN_RAM=500000 CREATE_INDEX=false CREATE_MD5_FILE=false GA4GH_CLIENT_SECRETS=client_secrets.json USE_JDK_DEFLATER=false USE_JDK_INFLATER=false
  [Fri Jan 31 14:20:59 UTC 2025] Executing as hdmarmol@lm4-w040 on Linux 4.18.0-513.11.1.el8_9.x86_64 amd64; OpenJDK 64-Bit Server VM 11.0.13+7-b1751.21; Deflater: Intel; Inflater: Intel; Provider GCS is not available; Picard version: 2.26.10-4-ga03ed41-SNAPSHOT
  [Fri Jan 31 14:20:59 UTC 2025] picard.sam.CreateSequenceDictionary done. Elapsed time: 0.00 minutes.
  Runtime.totalMemory()=259522560
  To get help, see http://broadinstitute.github.io/picard/index.html#GettingHelp
  Exception in thread "main" java.lang.OutOfMemoryError: Java heap space
  	at htsjdk.samtools.reference.AbstractIndexedFastaSequenceFile.getSubsequenceAt(AbstractIndexedFastaSequenceFile.java:184)
  	at htsjdk.samtools.reference.IndexedFastaSequenceFile.getSubsequenceAt(IndexedFastaSequenceFile.java:49)
  	at htsjdk.samtools.reference.AbstractIndexedFastaSequenceFile.getSequence(AbstractIndexedFastaSequenceFile.java:162)
  	at htsjdk.samtools.reference.IndexedFastaSequenceFile.getSequence(IndexedFastaSequenceFile.java:49)
  	at htsjdk.samtools.reference.AbstractIndexedFastaSequenceFile.nextSequence(AbstractIndexedFastaSequenceFile.java:139)
  	at htsjdk.samtools.reference.IndexedFastaSequenceFile.nextSequence(IndexedFastaSequenceFile.java:49)
  	at picard.util.SequenceDictionaryUtils$SamSequenceRecordsIterator.<init>(SequenceDictionaryUtils.java:84)
  	at picard.sam.CreateSequenceDictionary.lambda$getSamSequenceRecordsIterable$0(CreateSequenceDictionary.java:169)
  	at picard.sam.CreateSequenceDictionary$$Lambda$110/0x0000000100275c40.iterator(Unknown Source)
  	at picard.sam.CreateSequenceDictionary.doWork(CreateSequenceDictionary.java:234)
  	at picard.cmdline.CommandLineProgram.instanceMain(CommandLineProgram.java:308)
  	at picard.cmdline.PicardCommandLine.instanceMain(PicardCommandLine.java:103)
  	at picard.cmdline.PicardCommandLine.main(PicardCommandLine.java:113)

Work dir:
  /globalscratch/users/h/d/hdmarmol/work/2f/40d100e6334e7f90be6e8a07c0be89

Tip: when you have fixed the problem you can continue the execution adding the option `-resume` to the run command line


WARN: Killing running tasks (5)

executor >  slurm (6)
[69/edfa90] process > multi2single (1)  [100%] 2 of 2, cached: 2 ✔
[f7/d734a6] process > fastq (2)         [100%] 2 of 2, cached: 2 ✔
[e7/cd1f5e] process > minimap2 (1)      [100%] 2 of 2, cached: 2 ✔
[98/98231a] process > minimap2Merge (1) [100%] 1 of 1, cached: 1 ✔
[06/61fbef] process > tombo1 (1)        [100%] 1 of 1, cached: 1 ✔
[-        ] process > tombo2 (1)        -
[-        ] process > tombo3 (1)        -
[2f/40d100] process > nanom6a (1)       [100%] 1 of 1, failed: 1 ✘
[-        ] process > differr (1)       -
[b8/4e3a1b] process > eligos (1)        [100%] 1 of 1, cached: 1 ✔
[-        ] process > mines             -
[-        ] process > dena              -
[-        ] process > epinanoSVM        -
[-        ] process > epinanoError      -
[e5/92d01c] process > nanodoc (1)       [100%] 1 of 1, cached: 1 ✔
[ac/29d0e6] process > drummer (1)       [100%] 1 of 1, cached: 1 ✔
[-        ] process > nanopolish1 (2)   -
[-        ] process > xpore1            -
[-        ] process > xpore2            -
[-        ] process > nanocompore1      -
[-        ] process > nanocompore2      -
[-        ] process > m6anet1           -
[-        ] process > m6anet2           -
[-        ] process > yanocomp1         -
[-        ] process > yanocomp2         -
[-        ] process > postprocessing    -
Pulling Singularity image docker://bproject/dena:v1 [cache /globalscratch/ulb/mlg/hdmarmol/caches/bproject-dena-v1.img]
WARN: Operator `choice` is deprecated -- it will be removed in a future release
WARN: Operator `choice` is deprecated -- it will be removed in a future release
WARN: Output `set` must define at least two component -- Check process `tombo1`
WARN: Input `set` must define at least two component -- Check process `tombo2`
WARN: Output `set` must define at least two component -- Check process `tombo2`
WARN: Input `set` must define at least two component -- Check process `tombo3`
WARN: Input `set` must define at least two component -- Check process `nanom6a`
WARN: Operator `choice` is deprecated -- it will be removed in a future release
WARN: Operator `choice` is deprecated -- it will be removed in a future release
WARN: Input `set` must define at least two component -- Check process `mines`
WARN: Input `set` must define at least two component -- Check process `dena`
WARN: Operator `choice` is deprecated -- it will be removed in a future release
WARN: Operator `choice` is deprecated -- it will be removed in a future release
WARN: Operator `choice` is deprecated -- it will be removed in a future release
WARN: Operator `choice` is deprecated -- it will be removed in a future release
WARN: Operator `choice` is deprecated -- it will be removed in a future release
WARN: Operator `choice` is deprecated -- it will be removed in a future release
Error executing process > 'nanom6a (1)'

Caused by:
  Process `nanom6a (1)` terminated with an error exit status (1)

Command executed:

  java -jar /picard/build/libs/picard.jar CreateSequenceDictionary R=genome.fa O=genome.dict
  java -jar /picard/build/libs/picard.jar CreateSequenceDictionary R=transcriptome.fa O=transcriptome.dict

Command exit status:
  1

Command output:
  (empty)

Command error:
  INFO:    Environment variable SINGULARITYENV_TMPDIR is set, but APPTAINERENV_TMPDIR is preferred
  INFO	2025-01-31 14:20:58	CreateSequenceDictionary	
  
  ********** NOTE: Picard's command line syntax is changing.
  **********
  ********** For more information, please see:
  ********** https://github.com/broadinstitute/picard/wiki/Command-Line-Syntax-Transition-For-Users-(Pre-Transition)
  **********
  ********** The command line looks like this in the new syntax:
  **********
  **********    CreateSequenceDictionary -R genome.fa -O genome.dict
  **********
  
  
  14:20:59.264 INFO  NativeLibraryLoader - Loading libgkl_compression.so from jar:file:/picard/build/libs/picard.jar!/com/intel/gkl/native/libgkl_compression.so
  [Fri Jan 31 14:20:59 UTC 2025] CreateSequenceDictionary OUTPUT=genome.dict REFERENCE=genome.fa    TRUNCATE_NAMES_AT_WHITESPACE=true NUM_SEQUENCES=2147483647 VERBOSITY=INFO QUIET=false VALIDATION_STRINGENCY=STRICT COMPRESSION_LEVEL=5 MAX_RECORDS_IN_RAM=500000 CREATE_INDEX=false CREATE_MD5_FILE=false GA4GH_CLIENT_SECRETS=client_secrets.json USE_JDK_DEFLATER=false USE_JDK_INFLATER=false
  [Fri Jan 31 14:20:59 UTC 2025] Executing as hdmarmol@lm4-w040 on Linux 4.18.0-513.11.1.el8_9.x86_64 amd64; OpenJDK 64-Bit Server VM 11.0.13+7-b1751.21; Deflater: Intel; Inflater: Intel; Provider GCS is not available; Picard version: 2.26.10-4-ga03ed41-SNAPSHOT
  [Fri Jan 31 14:20:59 UTC 2025] picard.sam.CreateSequenceDictionary done. Elapsed time: 0.00 minutes.
  Runtime.totalMemory()=259522560
  To get help, see http://broadinstitute.github.io/picard/index.html#GettingHelp
  Exception in thread "main" java.lang.OutOfMemoryError: Java heap space
  	at htsjdk.samtools.reference.AbstractIndexedFastaSequenceFile.getSubsequenceAt(AbstractIndexedFastaSequenceFile.java:184)
  	at htsjdk.samtools.reference.IndexedFastaSequenceFile.getSubsequenceAt(IndexedFastaSequenceFile.java:49)
  	at htsjdk.samtools.reference.AbstractIndexedFastaSequenceFile.getSequence(AbstractIndexedFastaSequenceFile.java:162)
  	at htsjdk.samtools.reference.IndexedFastaSequenceFile.getSequence(IndexedFastaSequenceFile.java:49)
  	at htsjdk.samtools.reference.AbstractIndexedFastaSequenceFile.nextSequence(AbstractIndexedFastaSequenceFile.java:139)
  	at htsjdk.samtools.reference.IndexedFastaSequenceFile.nextSequence(IndexedFastaSequenceFile.java:49)
  	at picard.util.SequenceDictionaryUtils$SamSequenceRecordsIterator.<init>(SequenceDictionaryUtils.java:84)
  	at picard.sam.CreateSequenceDictionary.lambda$getSamSequenceRecordsIterable$0(CreateSequenceDictionary.java:169)
  	at picard.sam.CreateSequenceDictionary$$Lambda$110/0x0000000100275c40.iterator(Unknown Source)
  	at picard.sam.CreateSequenceDictionary.doWork(CreateSequenceDictionary.java:234)
  	at picard.cmdline.CommandLineProgram.instanceMain(CommandLineProgram.java:308)
  	at picard.cmdline.PicardCommandLine.instanceMain(PicardCommandLine.java:103)
  	at picard.cmdline.PicardCommandLine.main(PicardCommandLine.java:113)

Work dir:
  /globalscratch/users/h/d/hdmarmol/work/2f/40d100e6334e7f90be6e8a07c0be89

Tip: when you have fixed the problem you can continue the execution adding the option `-resume` to the run command line



