The following modules were not unloaded:
  (Use "module --force purge" to unload all):

  1) releases/2023a   2) tis/2018.01
N E X T F L O W  ~  version 22.10.0
Launching `/home/ulb/mlg/hdmarmol/maestriNanolympicMod/myNanolympics/NanOlympicsMod/pipeline.nf` [cranky_venter] DSL1 - revision: 4de35876af
WARN: The `into` operator should be used to connect two or more target channels -- consider replacing it with `.set { bed_nanocompore }`
SampleName: MAESTRI_WT, Condition: WT, DataPath: /globalscratch/ulb/mlg/hdmarmol/sampledata/HEK293T_BP_WT1_Chromosome1_basecalled/workspace/
Tuple: [MAESTRI_WT, WT, /globalscratch/ulb/mlg/hdmarmol/sampledata/HEK293T_BP_WT1_Chromosome1_basecalled/workspace/]
SampleName: MAESTRI_MD, Condition: KO, DataPath: /globalscratch/ulb/mlg/hdmarmol/sampledata/HEK293T_BP_METTL3Inhibitor1_Chromosome1_basecalled/workspace/
Tuple: [MAESTRI_MD, KO, /globalscratch/ulb/mlg/hdmarmol/sampledata/HEK293T_BP_METTL3Inhibitor1_Chromosome1_basecalled/workspace/]
[-        ] process > multi2single -
[-        ] process > fastq        -

[-        ] process > multi2single  -
[-        ] process > fastq         -
[-        ] process > minimap2      -
[-        ] process > minimap2Merge -
[-        ] process > tombo1        -
[-        ] process > tombo2        -
[-        ] process > tombo3        -
[-        ] process > nanom6a       -
WARN: Operator `choice` is deprecated -- it will be removed in a future release
WARN: Operator `choice` is deprecated -- it will be removed in a future release
WARN: Output `set` must define at least two component -- Check process `tombo1`
WARN: Input `set` must define at least two component -- Check process `tombo2`
WARN: Output `set` must define at least two component -- Check process `tombo2`
WARN: Input `set` must define at least two component -- Check process `tombo3`
WARN: Input `set` must define at least two component -- Check process `nanom6a`
WARN: Operator `choice` is deprecated -- it will be removed in a future release

[69/edfa90] process > multi2single (1) [100%] 2 of 2, cached: 2 ✔
[-        ] process > fastq            -
[-        ] process > minimap2         -
[-        ] process > minimap2Merge    -
[-        ] process > tombo1           -
[-        ] process > tombo2           -
[-        ] process > tombo3           -
[-        ] process > nanom6a          -
[-        ] process > differr          -
[-        ] process > eligos           -
[-        ] process > mines            -
[-        ] process > dena             -
[-        ] process > epinanoSVM       -
[-        ] process > epinanoError     -
WARN: Operator `choice` is deprecated -- it will be removed in a future release
WARN: Operator `choice` is deprecated -- it will be removed in a future release
WARN: Output `set` must define at least two component -- Check process `tombo1`
WARN: Input `set` must define at least two component -- Check process `tombo2`
WARN: Output `set` must define at least two component -- Check process `tombo2`
WARN: Input `set` must define at least two component -- Check process `tombo3`
WARN: Input `set` must define at least two component -- Check process `nanom6a`
WARN: Operator `choice` is deprecated -- it will be removed in a future release
WARN: Operator `choice` is deprecated -- it will be removed in a future release
WARN: Input `set` must define at least two component -- Check process `mines`
WARN: Input `set` must define at least two component -- Check process `dena`
WARN: Operator `choice` is deprecated -- it will be removed in a future release

[69/edfa90] process > multi2single (1) [100%] 2 of 2, cached: 2 ✔
[f7/d734a6] process > fastq (2)        [100%] 2 of 2, cached: 2
[-        ] process > minimap2         -
[-        ] process > minimap2Merge    -
[-        ] process > tombo1           -
[-        ] process > tombo2           -
[-        ] process > tombo3           -
[-        ] process > nanom6a          -
[-        ] process > differr          -
[-        ] process > eligos           -
[-        ] process > mines            -
[-        ] process > dena             -
[-        ] process > epinanoSVM       -
[-        ] process > epinanoError     -
[-        ] process > nanodoc          -
[-        ] process > drummer          -
WARN: Operator `choice` is deprecated -- it will be removed in a future release
WARN: Operator `choice` is deprecated -- it will be removed in a future release
WARN: Output `set` must define at least two component -- Check process `tombo1`
WARN: Input `set` must define at least two component -- Check process `tombo2`
WARN: Output `set` must define at least two component -- Check process `tombo2`
WARN: Input `set` must define at least two component -- Check process `tombo3`
WARN: Input `set` must define at least two component -- Check process `nanom6a`
WARN: Operator `choice` is deprecated -- it will be removed in a future release
WARN: Operator `choice` is deprecated -- it will be removed in a future release
WARN: Input `set` must define at least two component -- Check process `mines`
WARN: Input `set` must define at least two component -- Check process `dena`
WARN: Operator `choice` is deprecated -- it will be removed in a future release
WARN: Operator `choice` is deprecated -- it will be removed in a future release

[69/edfa90] process > multi2single (1) [100%] 2 of 2, cached: 2 ✔
[f7/d734a6] process > fastq (2)        [100%] 2 of 2, cached: 2 ✔
[-        ] process > minimap2         -
[-        ] process > minimap2Merge    -
[-        ] process > tombo1           -
[-        ] process > tombo2           -
[-        ] process > tombo3           -
[-        ] process > nanom6a          -
[-        ] process > differr          -
[-        ] process > eligos           -
[-        ] process > mines            -
[-        ] process > dena             -
[-        ] process > epinanoSVM       -
[-        ] process > epinanoError     -
[e5/92d01c] process > nanodoc (1)      [100%] 1 of 1, cached: 1 ✔
[-        ] process > drummer          -
[-        ] process > nanopolish1      -
[-        ] process > xpore1           -
[-        ] process > xpore2           -
[-        ] process > nanocompore1     -
[-        ] process > nanocompore2     -
[-        ] process > m6anet1          -
[-        ] process > m6anet2          -
[-        ] process > yanocomp1        -
[-        ] process > yanocomp2        -
[-        ] process > postprocessing   -
WARN: Operator `choice` is deprecated -- it will be removed in a future release
WARN: Operator `choice` is deprecated -- it will be removed in a future release
WARN: Output `set` must define at least two component -- Check process `tombo1`
WARN: Input `set` must define at least two component -- Check process `tombo2`
WARN: Output `set` must define at least two component -- Check process `tombo2`
WARN: Input `set` must define at least two component -- Check process `tombo3`
WARN: Input `set` must define at least two component -- Check process `nanom6a`
WARN: Operator `choice` is deprecated -- it will be removed in a future release
WARN: Operator `choice` is deprecated -- it will be removed in a future release
WARN: Input `set` must define at least two component -- Check process `mines`
WARN: Input `set` must define at least two component -- Check process `dena`
WARN: Operator `choice` is deprecated -- it will be removed in a future release
WARN: Operator `choice` is deprecated -- it will be removed in a future release
WARN: Operator `choice` is deprecated -- it will be removed in a future release
WARN: Operator `choice` is deprecated -- it will be removed in a future release
WARN: Operator `choice` is deprecated -- it will be removed in a future release
WARN: Operator `choice` is deprecated -- it will be removed in a future release

[69/edfa90] process > multi2single (1) [100%] 2 of 2, cached: 2 ✔
[f7/d734a6] process > fastq (2)        [100%] 2 of 2, cached: 2 ✔
[69/0bb421] process > minimap2 (2)     [100%] 2 of 2, cached: 2 ✔
[-        ] process > minimap2Merge    -
[06/61fbef] process > tombo1 (1)       [100%] 1 of 1, cached: 1 ✔
[-        ] process > tombo2           -
[-        ] process > tombo3           [  0%] 0 of 1
[-        ] process > nanom6a          -
[-        ] process > differr          -
[-        ] process > eligos           -
[-        ] process > mines            -
[-        ] process > dena             -
[-        ] process > epinanoSVM       -
[-        ] process > epinanoError     -
[e5/92d01c] process > nanodoc (1)      [100%] 1 of 1, cached: 1 ✔
[-        ] process > drummer          -
[-        ] process > nanopolish1      -
[-        ] process > xpore1           -
[-        ] process > xpore2           -
[-        ] process > nanocompore1     -
[-        ] process > nanocompore2     -
[-        ] process > m6anet1          -
[-        ] process > m6anet2          -
[-        ] process > yanocomp1        -
[-        ] process > yanocomp2        -
[-        ] process > postprocessing   -
WARN: Operator `choice` is deprecated -- it will be removed in a future release
WARN: Operator `choice` is deprecated -- it will be removed in a future release
WARN: Output `set` must define at least two component -- Check process `tombo1`
WARN: Input `set` must define at least two component -- Check process `tombo2`
WARN: Output `set` must define at least two component -- Check process `tombo2`
WARN: Input `set` must define at least two component -- Check process `tombo3`
WARN: Input `set` must define at least two component -- Check process `nanom6a`
WARN: Operator `choice` is deprecated -- it will be removed in a future release
WARN: Operator `choice` is deprecated -- it will be removed in a future release
WARN: Input `set` must define at least two component -- Check process `mines`
WARN: Input `set` must define at least two component -- Check process `dena`
WARN: Operator `choice` is deprecated -- it will be removed in a future release
WARN: Operator `choice` is deprecated -- it will be removed in a future release
WARN: Operator `choice` is deprecated -- it will be removed in a future release
WARN: Operator `choice` is deprecated -- it will be removed in a future release
WARN: Operator `choice` is deprecated -- it will be removed in a future release
WARN: Operator `choice` is deprecated -- it will be removed in a future release

executor >  slurm (3)
[69/edfa90] process > multi2single (1) [100%] 2 of 2, cached: 2 ✔
[f7/d734a6] process > fastq (2)        [100%] 2 of 2, cached: 2 ✔
[69/0bb421] process > minimap2 (2)     [100%] 2 of 2, cached: 2 ✔
[-        ] process > minimap2Merge    -
[06/61fbef] process > tombo1 (1)       [100%] 1 of 1, cached: 1 ✔
[49/740322] process > tombo2 (1)       [  0%] 0 of 1
[e1/752b54] process > tombo3 (1)       [  0%] 0 of 1
[bb/6e2a6d] process > nanom6a (1)      [  0%] 0 of 1
[-        ] process > differr          [  0%] 0 of 1
[b8/4e3a1b] process > eligos (1)       [100%] 1 of 1, cached: 1 ✔
[-        ] process > mines            -
[-        ] process > dena             -
[-        ] process > epinanoSVM       -
[-        ] process > epinanoError     -
[e5/92d01c] process > nanodoc (1)      [100%] 1 of 1, cached: 1 ✔
[ac/29d0e6] process > drummer (1)      [100%] 1 of 1, cached: 1 ✔
[-        ] process > nanopolish1      -
[-        ] process > xpore1           -
[-        ] process > xpore2           -
[-        ] process > nanocompore1     -
[-        ] process > nanocompore2     -
[-        ] process > m6anet1          -
[-        ] process > m6anet2          -
[-        ] process > yanocomp1        -
[-        ] process > yanocomp2        -
[-        ] process > postprocessing   -
WARN: Operator `choice` is deprecated -- it will be removed in a future release
WARN: Operator `choice` is deprecated -- it will be removed in a future release
WARN: Output `set` must define at least two component -- Check process `tombo1`
WARN: Input `set` must define at least two component -- Check process `tombo2`
WARN: Output `set` must define at least two component -- Check process `tombo2`
WARN: Input `set` must define at least two component -- Check process `tombo3`
WARN: Input `set` must define at least two component -- Check process `nanom6a`
WARN: Operator `choice` is deprecated -- it will be removed in a future release
WARN: Operator `choice` is deprecated -- it will be removed in a future release
WARN: Input `set` must define at least two component -- Check process `mines`
WARN: Input `set` must define at least two component -- Check process `dena`
WARN: Operator `choice` is deprecated -- it will be removed in a future release
WARN: Operator `choice` is deprecated -- it will be removed in a future release
WARN: Operator `choice` is deprecated -- it will be removed in a future release
WARN: Operator `choice` is deprecated -- it will be removed in a future release
WARN: Operator `choice` is deprecated -- it will be removed in a future release
WARN: Operator `choice` is deprecated -- it will be removed in a future release

executor >  slurm (5)
[69/edfa90] process > multi2single (1)  [100%] 2 of 2, cached: 2 ✔
[f7/d734a6] process > fastq (2)         [100%] 2 of 2, cached: 2 ✔
[69/0bb421] process > minimap2 (2)      [100%] 2 of 2, cached: 2 ✔
[98/98231a] process > minimap2Merge (1) [100%] 1 of 1, cached: 1 ✔
[06/61fbef] process > tombo1 (1)        [100%] 1 of 1, cached: 1 ✔
[49/740322] process > tombo2 (1)        [  0%] 0 of 1
[e1/752b54] process > tombo3 (1)        [  0%] 0 of 1
[bb/6e2a6d] process > nanom6a (1)       [  0%] 0 of 1
[f1/8de4ef] process > differr (1)       [  0%] 0 of 1
[b8/4e3a1b] process > eligos (1)        [100%] 1 of 1, cached: 1 ✔
[-        ] process > mines             -
[-        ] process > dena              -
[-        ] process > epinanoSVM        -
[-        ] process > epinanoError      -
[e5/92d01c] process > nanodoc (1)       [100%] 1 of 1, cached: 1 ✔
[ac/29d0e6] process > drummer (1)       [100%] 1 of 1, cached: 1 ✔
[d0/a679d3] process > nanopolish1 (2)   [  0%] 0 of 1
[-        ] process > xpore1            -
[-        ] process > xpore2            -
[-        ] process > nanocompore1      -
[-        ] process > nanocompore2      -
[-        ] process > m6anet1           -
[-        ] process > m6anet2           -
[-        ] process > yanocomp1         -
[-        ] process > yanocomp2         -
[-        ] process > postprocessing    -
Pulling Singularity image docker://bproject/dena:v1 [cache /globalscratch/ulb/mlg/hdmarmol/caches/bproject-dena-v1.img]
WARN: Operator `choice` is deprecated -- it will be removed in a future release
WARN: Operator `choice` is deprecated -- it will be removed in a future release
WARN: Output `set` must define at least two component -- Check process `tombo1`
WARN: Input `set` must define at least two component -- Check process `tombo2`
WARN: Output `set` must define at least two component -- Check process `tombo2`
WARN: Input `set` must define at least two component -- Check process `tombo3`
WARN: Input `set` must define at least two component -- Check process `nanom6a`
WARN: Operator `choice` is deprecated -- it will be removed in a future release
WARN: Operator `choice` is deprecated -- it will be removed in a future release
WARN: Input `set` must define at least two component -- Check process `mines`
WARN: Input `set` must define at least two component -- Check process `dena`
WARN: Operator `choice` is deprecated -- it will be removed in a future release
WARN: Operator `choice` is deprecated -- it will be removed in a future release
WARN: Operator `choice` is deprecated -- it will be removed in a future release
WARN: Operator `choice` is deprecated -- it will be removed in a future release
WARN: Operator `choice` is deprecated -- it will be removed in a future release
WARN: Operator `choice` is deprecated -- it will be removed in a future release

executor >  slurm (6)
[69/edfa90] process > multi2single (1)  [100%] 2 of 2, cached: 2 ✔
[f7/d734a6] process > fastq (2)         [100%] 2 of 2, cached: 2 ✔
[69/0bb421] process > minimap2 (2)      [100%] 2 of 2, cached: 2 ✔
[98/98231a] process > minimap2Merge (1) [100%] 1 of 1, cached: 1 ✔
[06/61fbef] process > tombo1 (1)        [100%] 1 of 1, cached: 1 ✔
[49/740322] process > tombo2 (1)        [  0%] 0 of 1
[e1/752b54] process > tombo3 (1)        [  0%] 0 of 1
[bb/6e2a6d] process > nanom6a (1)       [  0%] 0 of 1
[f1/8de4ef] process > differr (1)       [  0%] 0 of 1
[b8/4e3a1b] process > eligos (1)        [100%] 1 of 1, cached: 1 ✔
[-        ] process > mines             -
[-        ] process > dena              -
[-        ] process > epinanoSVM        -
[-        ] process > epinanoError      -
[e5/92d01c] process > nanodoc (1)       [100%] 1 of 1, cached: 1 ✔
[ac/29d0e6] process > drummer (1)       [100%] 1 of 1, cached: 1 ✔
[d8/4f5301] process > nanopolish1 (1)   [  0%] 0 of 2
[-        ] process > xpore1            -
[-        ] process > xpore2            -
[-        ] process > nanocompore1      -
[-        ] process > nanocompore2      -
[-        ] process > m6anet1           -
[-        ] process > m6anet2           -
[-        ] process > yanocomp1         -
[-        ] process > yanocomp2         -
[-        ] process > postprocessing    -
Pulling Singularity image docker://bproject/dena:v1 [cache /globalscratch/ulb/mlg/hdmarmol/caches/bproject-dena-v1.img]
WARN: Operator `choice` is deprecated -- it will be removed in a future release
WARN: Operator `choice` is deprecated -- it will be removed in a future release
WARN: Output `set` must define at least two component -- Check process `tombo1`
WARN: Input `set` must define at least two component -- Check process `tombo2`
WARN: Output `set` must define at least two component -- Check process `tombo2`
WARN: Input `set` must define at least two component -- Check process `tombo3`
WARN: Input `set` must define at least two component -- Check process `nanom6a`
WARN: Operator `choice` is deprecated -- it will be removed in a future release
WARN: Operator `choice` is deprecated -- it will be removed in a future release
WARN: Input `set` must define at least two component -- Check process `mines`
WARN: Input `set` must define at least two component -- Check process `dena`
WARN: Operator `choice` is deprecated -- it will be removed in a future release
WARN: Operator `choice` is deprecated -- it will be removed in a future release
WARN: Operator `choice` is deprecated -- it will be removed in a future release
WARN: Operator `choice` is deprecated -- it will be removed in a future release
WARN: Operator `choice` is deprecated -- it will be removed in a future release
WARN: Operator `choice` is deprecated -- it will be removed in a future release

executor >  slurm (6)
[69/edfa90] process > multi2single (1)  [100%] 2 of 2, cached: 2 ✔
[f7/d734a6] process > fastq (2)         [100%] 2 of 2, cached: 2 ✔
[69/0bb421] process > minimap2 (2)      [100%] 2 of 2, cached: 2 ✔
[98/98231a] process > minimap2Merge (1) [100%] 1 of 1, cached: 1 ✔
[06/61fbef] process > tombo1 (1)        [100%] 1 of 1, cached: 1 ✔
[49/740322] process > tombo2 (1)        [  0%] 0 of 1
[e1/752b54] process > tombo3 (1)        [  0%] 0 of 1
[bb/6e2a6d] process > nanom6a (1)       [  0%] 0 of 1 ✔
[f1/8de4ef] process > differr (1)       [  0%] 0 of 1
[b8/4e3a1b] process > eligos (1)        [100%] 1 of 1, cached: 1 ✔
[-        ] process > mines             -
[-        ] process > dena              -
[-        ] process > epinanoSVM        -
[-        ] process > epinanoError      -
[e5/92d01c] process > nanodoc (1)       [100%] 1 of 1, cached: 1 ✔
[ac/29d0e6] process > drummer (1)       [100%] 1 of 1, cached: 1 ✔
[d8/4f5301] process > nanopolish1 (1)   [  0%] 0 of 2
[-        ] process > xpore1            -
[-        ] process > xpore2            -
[-        ] process > nanocompore1      -
[-        ] process > nanocompore2      -
[-        ] process > m6anet1           -
[-        ] process > m6anet2           -
[-        ] process > yanocomp1         -
[-        ] process > yanocomp2         -
[-        ] process > postprocessing    -
Pulling Singularity image docker://bproject/dena:v1 [cache /globalscratch/ulb/mlg/hdmarmol/caches/bproject-dena-v1.img]
WARN: Operator `choice` is deprecated -- it will be removed in a future release
WARN: Operator `choice` is deprecated -- it will be removed in a future release
WARN: Output `set` must define at least two component -- Check process `tombo1`
WARN: Input `set` must define at least two component -- Check process `tombo2`
WARN: Output `set` must define at least two component -- Check process `tombo2`
WARN: Input `set` must define at least two component -- Check process `tombo3`
WARN: Input `set` must define at least two component -- Check process `nanom6a`
WARN: Operator `choice` is deprecated -- it will be removed in a future release
WARN: Operator `choice` is deprecated -- it will be removed in a future release
WARN: Input `set` must define at least two component -- Check process `mines`
WARN: Input `set` must define at least two component -- Check process `dena`
WARN: Operator `choice` is deprecated -- it will be removed in a future release
WARN: Operator `choice` is deprecated -- it will be removed in a future release
WARN: Operator `choice` is deprecated -- it will be removed in a future release
WARN: Operator `choice` is deprecated -- it will be removed in a future release
WARN: Operator `choice` is deprecated -- it will be removed in a future release
WARN: Operator `choice` is deprecated -- it will be removed in a future release
Error executing process > 'nanom6a (1)'

Caused by:
  Process `nanom6a (1)` terminated with an error exit status (1)

Command executed:

  export _JAVA_OPTIONS="-Xmx1024M -Xms512M"
  
        java -jar /picard/build/libs/picard.jar CreateSequenceDictionary              -R genome.fa -O genome.dict              USE_JDK_DEFLATER=true USE_JDK_INFLATER=true
  
        java -jar /picard/build/libs/picard.jar CreateSequenceDictionary              -R transcriptome.fa -O transcriptome.dict              USE_JDK_DEFLATER=true USE_JDK_INFLATER=true

Command exit status:
  1

Command output:
  (empty)

Command error:
  O=reference.dict
  
  
  Version: 2.26.10-4-ga03ed41-SNAPSHOT
  
  
  Options:
  
  --help
  -h                            Displays options specific to this tool.
  
  --stdhelp
  -H                            Displays options specific to this tool AND options common to all Picard command line
                                tools.
  
  --version                     Displays program version.
  
  OUTPUT=File
  O=File                        Output SAM file containing only the sequence dictionary. By default it will use the base
                                name of the input reference with the .dict extension  Default value: null. 
  
  GENOME_ASSEMBLY=String
  AS=String                     Put into AS field of sequence dictionary entry if supplied  Default value: null. 
  
  URI=String
  UR=String                     Put into UR field of sequence dictionary entry.  If not supplied, input reference file is
                                used  Default value: null. 
  
  SPECIES=String
  SP=String                     Put into SP field of sequence dictionary entry  Default value: null. 
  
  TRUNCATE_NAMES_AT_WHITESPACE=Boolean
                                Make sequence name the first word from the > line in the fasta file.  By default the
                                entire contents of the > line is used, excluding leading and trailing whitespace.  Default
                                value: true. This option can be set to 'null' to clear the default value. Possible values:
                                {true, false} 
  
  NUM_SEQUENCES=Integer         Stop after writing this many sequences.  For testing.  Default value: 2147483647. This
                                option can be set to 'null' to clear the default value. 
  
  ALT_NAMES=File
  AN=File                       Optional file containing the alternative names for the contigs. Tools may use this
                                information to consider different contig notations as identical (e.g: 'chr1' and '1'). The
                                alternative names will be put into the appropriate @AN annotation for each contig. No
                                header. First column is the original name, the second column is an alternative name. One
                                contig may have more than one alternative name.  Default value: null. 
  
  REFERENCE=File
  R=File                        Input reference fasta or fasta.gz  Required. 

Work dir:
  /globalscratch/users/h/d/hdmarmol/work/bb/6e2a6df526ae37a97a1a2229bb53b0

Tip: you can replicate the issue by changing to the process work dir and entering the command `bash .command.run`


WARN: Killing running tasks (5)

executor >  slurm (6)
[69/edfa90] process > multi2single (1)  [100%] 2 of 2, cached: 2 ✔
[f7/d734a6] process > fastq (2)         [100%] 2 of 2, cached: 2 ✔
[69/0bb421] process > minimap2 (2)      [100%] 2 of 2, cached: 2 ✔
[98/98231a] process > minimap2Merge (1) [100%] 1 of 1, cached: 1 ✔
[06/61fbef] process > tombo1 (1)        [100%] 1 of 1, cached: 1 ✔
[-        ] process > tombo2 (1)        -
[-        ] process > tombo3 (1)        -
[bb/6e2a6d] process > nanom6a (1)       [100%] 1 of 1, failed: 1 ✘
[-        ] process > differr (1)       -
[b8/4e3a1b] process > eligos (1)        [100%] 1 of 1, cached: 1 ✔
[-        ] process > mines             -
[-        ] process > dena              -
[-        ] process > epinanoSVM        -
[-        ] process > epinanoError      -
[e5/92d01c] process > nanodoc (1)       [100%] 1 of 1, cached: 1 ✔
[ac/29d0e6] process > drummer (1)       [100%] 1 of 1, cached: 1 ✔
[-        ] process > nanopolish1 (1)   -
[-        ] process > xpore1            -
[-        ] process > xpore2            -
[-        ] process > nanocompore1      -
[-        ] process > nanocompore2      -
[-        ] process > m6anet1           -
[-        ] process > m6anet2           -
[-        ] process > yanocomp1         -
[-        ] process > yanocomp2         -
[-        ] process > postprocessing    -
Pulling Singularity image docker://bproject/dena:v1 [cache /globalscratch/ulb/mlg/hdmarmol/caches/bproject-dena-v1.img]
WARN: Operator `choice` is deprecated -- it will be removed in a future release
WARN: Operator `choice` is deprecated -- it will be removed in a future release
WARN: Output `set` must define at least two component -- Check process `tombo1`
WARN: Input `set` must define at least two component -- Check process `tombo2`
WARN: Output `set` must define at least two component -- Check process `tombo2`
WARN: Input `set` must define at least two component -- Check process `tombo3`
WARN: Input `set` must define at least two component -- Check process `nanom6a`
WARN: Operator `choice` is deprecated -- it will be removed in a future release
WARN: Operator `choice` is deprecated -- it will be removed in a future release
WARN: Input `set` must define at least two component -- Check process `mines`
WARN: Input `set` must define at least two component -- Check process `dena`
WARN: Operator `choice` is deprecated -- it will be removed in a future release
WARN: Operator `choice` is deprecated -- it will be removed in a future release
WARN: Operator `choice` is deprecated -- it will be removed in a future release
WARN: Operator `choice` is deprecated -- it will be removed in a future release
WARN: Operator `choice` is deprecated -- it will be removed in a future release
WARN: Operator `choice` is deprecated -- it will be removed in a future release
Error executing process > 'nanom6a (1)'

Caused by:
  Process `nanom6a (1)` terminated with an error exit status (1)

Command executed:

  export _JAVA_OPTIONS="-Xmx1024M -Xms512M"
  
        java -jar /picard/build/libs/picard.jar CreateSequenceDictionary              -R genome.fa -O genome.dict              USE_JDK_DEFLATER=true USE_JDK_INFLATER=true
  
        java -jar /picard/build/libs/picard.jar CreateSequenceDictionary              -R transcriptome.fa -O transcriptome.dict              USE_JDK_DEFLATER=true USE_JDK_INFLATER=true

Command exit status:
  1

Command output:
  (empty)

Command error:
  O=reference.dict
  
  
  Version: 2.26.10-4-ga03ed41-SNAPSHOT
  
  
  Options:
  
  --help
  -h                            Displays options specific to this tool.
  
  --stdhelp
  -H                            Displays options specific to this tool AND options common to all Picard command line
                                tools.
  
  --version                     Displays program version.
  
  OUTPUT=File
  O=File                        Output SAM file containing only the sequence dictionary. By default it will use the base
                                name of the input reference with the .dict extension  Default value: null. 
  
  GENOME_ASSEMBLY=String
  AS=String                     Put into AS field of sequence dictionary entry if supplied  Default value: null. 
  
  URI=String
  UR=String                     Put into UR field of sequence dictionary entry.  If not supplied, input reference file is
                                used  Default value: null. 
  
  SPECIES=String
  SP=String                     Put into SP field of sequence dictionary entry  Default value: null. 
  
  TRUNCATE_NAMES_AT_WHITESPACE=Boolean
                                Make sequence name the first word from the > line in the fasta file.  By default the
                                entire contents of the > line is used, excluding leading and trailing whitespace.  Default
                                value: true. This option can be set to 'null' to clear the default value. Possible values:
                                {true, false} 
  
  NUM_SEQUENCES=Integer         Stop after writing this many sequences.  For testing.  Default value: 2147483647. This
                                option can be set to 'null' to clear the default value. 
  
  ALT_NAMES=File
  AN=File                       Optional file containing the alternative names for the contigs. Tools may use this
                                information to consider different contig notations as identical (e.g: 'chr1' and '1'). The
                                alternative names will be put into the appropriate @AN annotation for each contig. No
                                header. First column is the original name, the second column is an alternative name. One
                                contig may have more than one alternative name.  Default value: null. 
  
  REFERENCE=File
  R=File                        Input reference fasta or fasta.gz  Required. 

Work dir:
  /globalscratch/users/h/d/hdmarmol/work/bb/6e2a6df526ae37a97a1a2229bb53b0

Tip: you can replicate the issue by changing to the process work dir and entering the command `bash .command.run`



