The following modules were not unloaded:
  (Use "module --force purge" to unload all):

  1) releases/2023a   2) tis/2018.01
N E X T F L O W  ~  version 22.10.0
Launching `/home/ulb/mlg/hdmarmol/maestriNanolympicMod/myNanolympics/NanOlympicsMod/pipeline.nf` [admiring_sanger] DSL1 - revision: 75857156f9
WARN: The `into` operator should be used to connect two or more target channels -- consider replacing it with `.set { bed_nanocompore }`
SampleName: MAESTRI_WT, Condition: WT, DataPath: /globalscratch/ulb/mlg/hdmarmol/smalltest/inputData/HEK293T_BP_WT1_Chromosome1_basecalled/workspace/
Tuple: [MAESTRI_WT, WT, /globalscratch/ulb/mlg/hdmarmol/smalltest/inputData/HEK293T_BP_WT1_Chromosome1_basecalled/workspace/]
SampleName: MAESTRI_MD, Condition: KO, DataPath: /globalscratch/ulb/mlg/hdmarmol/smalltest/inputData/HEK293T_BP_METTL3Inhibitor1_Chromosome1_basecalled/workspace/
Tuple: [MAESTRI_MD, KO, /globalscratch/ulb/mlg/hdmarmol/smalltest/inputData/HEK293T_BP_METTL3Inhibitor1_Chromosome1_basecalled/workspace/]
[-        ] process > multi2single -
[-        ] process > fastq        -

[-        ] process > multi2single  [  0%] 0 of 2
[-        ] process > fastq         -
[-        ] process > minimap2      -
[-        ] process > minimap2Merge -
[-        ] process > tombo1        -
[-        ] process > tombo2        -
[-        ] process > tombo3        -
[-        ] process > nanom6a       -
[-        ] process > differr       -
[-        ] process > eligos        -
WARN: Operator `choice` is deprecated -- it will be removed in a future release
WARN: Operator `choice` is deprecated -- it will be removed in a future release
WARN: Output `set` must define at least two component -- Check process `tombo1`
WARN: Input `set` must define at least two component -- Check process `tombo2`
WARN: Output `set` must define at least two component -- Check process `tombo2`
WARN: Input `set` must define at least two component -- Check process `tombo3`
WARN: Input `set` must define at least two component -- Check process `nanom6a`
WARN: Operator `choice` is deprecated -- it will be removed in a future release
WARN: Operator `choice` is deprecated -- it will be removed in a future release
WARN: Input `set` must define at least two component -- Check process `mines`

executor >  slurm (2)
[a5/5f9ff8] process > multi2single (2) [  0%] 0 of 2
[-        ] process > fastq            -
[-        ] process > minimap2         -
[-        ] process > minimap2Merge    -
[-        ] process > tombo1           -
[-        ] process > tombo2           -
[-        ] process > tombo3           -
[-        ] process > nanom6a          -
[-        ] process > differr          -
[-        ] process > eligos           -
[-        ] process > mines            -
[-        ] process > dena             -
[-        ] process > epinanoSVM       -
[-        ] process > epinanoError     -
[-        ] process > nanodoc          -
[-        ] process > drummer          -
[-        ] process > nanopolish1      -
[-        ] process > xpore1           -
[-        ] process > xpore2           -
[-        ] process > nanocompore1     -
[-        ] process > nanocompore2     -
[-        ] process > m6anet1          -
[-        ] process > m6anet2          -
[-        ] process > yanocomp1        -
WARN: Operator `choice` is deprecated -- it will be removed in a future release
WARN: Operator `choice` is deprecated -- it will be removed in a future release
WARN: Output `set` must define at least two component -- Check process `tombo1`
WARN: Input `set` must define at least two component -- Check process `tombo2`
WARN: Output `set` must define at least two component -- Check process `tombo2`
WARN: Input `set` must define at least two component -- Check process `tombo3`
WARN: Input `set` must define at least two component -- Check process `nanom6a`
WARN: Operator `choice` is deprecated -- it will be removed in a future release
WARN: Operator `choice` is deprecated -- it will be removed in a future release
WARN: Input `set` must define at least two component -- Check process `mines`
WARN: Input `set` must define at least two component -- Check process `dena`
WARN: Operator `choice` is deprecated -- it will be removed in a future release
WARN: Operator `choice` is deprecated -- it will be removed in a future release
WARN: Operator `choice` is deprecated -- it will be removed in a future release
WARN: Operator `choice` is deprecated -- it will be removed in a future release
WARN: Operator `choice` is deprecated -- it will be removed in a future release
WARN: Operator `choice` is deprecated -- it will be removed in a future release

executor >  slurm (2)
[a5/5f9ff8] process > multi2single (2) [  0%] 0 of 2
[-        ] process > fastq            -
[-        ] process > minimap2         -
[-        ] process > minimap2Merge    -
[-        ] process > tombo1           -
[-        ] process > tombo2           -
[-        ] process > tombo3           -
[-        ] process > nanom6a          -
[-        ] process > differr          -
[-        ] process > eligos           -
[-        ] process > mines            -
[-        ] process > dena             -
[-        ] process > epinanoSVM       -
[-        ] process > epinanoError     -
[-        ] process > nanodoc          -
[-        ] process > drummer          -
[-        ] process > nanopolish1      -
[-        ] process > xpore1           -
[-        ] process > xpore2           -
[-        ] process > nanocompore1     -
[-        ] process > nanocompore2     -
[-        ] process > m6anet1          -
[-        ] process > m6anet2          -
[-        ] process > yanocomp1        -
[-        ] process > yanocomp2        -
[-        ] process > postprocessing   -
WARN: Operator `choice` is deprecated -- it will be removed in a future release
WARN: Operator `choice` is deprecated -- it will be removed in a future release
WARN: Output `set` must define at least two component -- Check process `tombo1`
WARN: Input `set` must define at least two component -- Check process `tombo2`
WARN: Output `set` must define at least two component -- Check process `tombo2`
WARN: Input `set` must define at least two component -- Check process `tombo3`
WARN: Input `set` must define at least two component -- Check process `nanom6a`
WARN: Operator `choice` is deprecated -- it will be removed in a future release
WARN: Operator `choice` is deprecated -- it will be removed in a future release
WARN: Input `set` must define at least two component -- Check process `mines`
WARN: Input `set` must define at least two component -- Check process `dena`
WARN: Operator `choice` is deprecated -- it will be removed in a future release
WARN: Operator `choice` is deprecated -- it will be removed in a future release
WARN: Operator `choice` is deprecated -- it will be removed in a future release
WARN: Operator `choice` is deprecated -- it will be removed in a future release
WARN: Operator `choice` is deprecated -- it will be removed in a future release
WARN: Operator `choice` is deprecated -- it will be removed in a future release

executor >  slurm (2)
[a5/5f9ff8] process > multi2single (2) [  0%] 0 of 2
[-        ] process > fastq            -
[-        ] process > minimap2         -
[-        ] process > minimap2Merge    -
[-        ] process > tombo1           -
[-        ] process > tombo2           -
[-        ] process > tombo3           -
[-        ] process > nanom6a          -
[-        ] process > differr          -
[-        ] process > eligos           -
[-        ] process > mines            -
[-        ] process > dena             -
[-        ] process > epinanoSVM       -
[-        ] process > epinanoError     -
[-        ] process > nanodoc          -
[-        ] process > drummer          -
[-        ] process > nanopolish1      -
[-        ] process > xpore1           -
[-        ] process > xpore2           -
[-        ] process > nanocompore1     -
[-        ] process > nanocompore2     -
[-        ] process > m6anet1          -
[-        ] process > m6anet2          -
[-        ] process > yanocomp1        -
[-        ] process > yanocomp2        -
[-        ] process > postprocessing   -
WARN: Operator `choice` is deprecated -- it will be removed in a future release
WARN: Operator `choice` is deprecated -- it will be removed in a future release
WARN: Output `set` must define at least two component -- Check process `tombo1`
WARN: Input `set` must define at least two component -- Check process `tombo2`
WARN: Output `set` must define at least two component -- Check process `tombo2`
WARN: Input `set` must define at least two component -- Check process `tombo3`
WARN: Input `set` must define at least two component -- Check process `nanom6a`
WARN: Operator `choice` is deprecated -- it will be removed in a future release
WARN: Operator `choice` is deprecated -- it will be removed in a future release
WARN: Input `set` must define at least two component -- Check process `mines`
WARN: Input `set` must define at least two component -- Check process `dena`
WARN: Operator `choice` is deprecated -- it will be removed in a future release
WARN: Operator `choice` is deprecated -- it will be removed in a future release
WARN: Operator `choice` is deprecated -- it will be removed in a future release
WARN: Operator `choice` is deprecated -- it will be removed in a future release
WARN: Operator `choice` is deprecated -- it will be removed in a future release
WARN: Operator `choice` is deprecated -- it will be removed in a future release

executor >  slurm (2)
[a5/5f9ff8] process > multi2single (2) [100%] 2 of 2 ✔
[-        ] process > fastq            [  0%] 0 of 1
[-        ] process > minimap2         -
[-        ] process > minimap2Merge    -
[-        ] process > tombo1           -
[-        ] process > tombo2           -
[-        ] process > tombo3           -
[-        ] process > nanom6a          -
[-        ] process > differr          -
[-        ] process > eligos           -
[-        ] process > mines            -
[-        ] process > dena             -
[-        ] process > epinanoSVM       -
[-        ] process > epinanoError     -
[-        ] process > nanodoc          -
[-        ] process > drummer          -
[-        ] process > nanopolish1      -
[-        ] process > xpore1           -
[-        ] process > xpore2           -
[-        ] process > nanocompore1     -
[-        ] process > nanocompore2     -
[-        ] process > m6anet1          -
[-        ] process > m6anet2          -
[-        ] process > yanocomp1        -
[-        ] process > yanocomp2        -
[-        ] process > postprocessing   -


















executor >  slurm (5)
[a5/5f9ff8] process > multi2single (2) [100%] 2 of 2 ✔
[3c/fb05e9] process > fastq (2)        [  0%] 0 of 2
[-        ] process > minimap2         -
[-        ] process > minimap2Merge    -
[-        ] process > tombo1           -
[-        ] process > tombo2           -
[-        ] process > tombo3           -
[-        ] process > nanom6a          -
[-        ] process > differr          -
[-        ] process > eligos           -
[-        ] process > mines            -
[-        ] process > dena             -
[-        ] process > epinanoSVM       -
[-        ] process > epinanoError     -
[c7/571065] process > nanodoc (1)      [  0%] 0 of 1
[-        ] process > drummer          -
[-        ] process > nanopolish1      -
[-        ] process > xpore1           -
[-        ] process > xpore2           -
[-        ] process > nanocompore1     -
[-        ] process > nanocompore2     -
[-        ] process > m6anet1          -
[-        ] process > m6anet2          -
[-        ] process > yanocomp1        -
[-        ] process > yanocomp2        -
[-        ] process > postprocessing   -
Pulling Singularity image docker://hdmarmol/tombo-vbz:v01 [cache /globalscratch/ulb/mlg/hdmarmol/caches/hdmarmol-tombo-vbz-v01.img]

















executor >  slurm (5)
[a5/5f9ff8] process > multi2single (2) [100%] 2 of 2 ✔
[3c/fb05e9] process > fastq (2)        [  0%] 0 of 2
[-        ] process > minimap2         -
[-        ] process > minimap2Merge    -
[-        ] process > tombo1           -
[-        ] process > tombo2           -
[-        ] process > tombo3           -
[-        ] process > nanom6a          -
[-        ] process > differr          -
[-        ] process > eligos           -
[-        ] process > mines            -
[-        ] process > dena             -
[-        ] process > epinanoSVM       -
[-        ] process > epinanoError     -
[c7/571065] process > nanodoc (1)      [  0%] 0 of 1
[-        ] process > drummer          -
[-        ] process > nanopolish1      -
[-        ] process > xpore1           -
[-        ] process > xpore2           -
[-        ] process > nanocompore1     -
[-        ] process > nanocompore2     -
[-        ] process > m6anet1          -
[-        ] process > m6anet2          -
[-        ] process > yanocomp1        -
[-        ] process > yanocomp2        -
[-        ] process > postprocessing   -
Pulling Singularity image docker://hdmarmol/tombo-vbz:v01 [cache /globalscratch/ulb/mlg/hdmarmol/caches/hdmarmol-tombo-vbz-v01.img]

executor >  slurm (6)
[a5/5f9ff8] process > multi2single (2) [100%] 2 of 2 ✔
[3c/fb05e9] process > fastq (2)        [100%] 2 of 2 ✔
[02/820391] process > minimap2 (1)     [  0%] 0 of 2
[-        ] process > minimap2Merge    -
[-        ] process > tombo1           -
[-        ] process > tombo2           -
[-        ] process > tombo3           -
[-        ] process > nanom6a          -
[-        ] process > differr          -
[-        ] process > eligos           -
[-        ] process > mines            -
[-        ] process > dena             -
[-        ] process > epinanoSVM       -
[-        ] process > epinanoError     -
[c7/571065] process > nanodoc (1)      [100%] 1 of 1 ✔
[-        ] process > drummer          -
[-        ] process > nanopolish1      -
[-        ] process > xpore1           -
[-        ] process > xpore2           -
[-        ] process > nanocompore1     -
[-        ] process > nanocompore2     -
[-        ] process > m6anet1          -
[-        ] process > m6anet2          -
[-        ] process > yanocomp1        -
[-        ] process > yanocomp2        -
[-        ] process > postprocessing   -
Pulling Singularity image docker://hdmarmol/tombo-vbz:v01 [cache /globalscratch/ulb/mlg/hdmarmol/caches/hdmarmol-tombo-vbz-v01.img]

executor >  slurm (7)
[a5/5f9ff8] process > multi2single (2) [100%] 2 of 2 ✔
[3c/fb05e9] process > fastq (2)        [100%] 2 of 2 ✔
[29/edba84] process > minimap2 (2)     [  0%] 0 of 2
[-        ] process > minimap2Merge    -
[-        ] process > tombo1           -
[-        ] process > tombo2           -
[-        ] process > tombo3           -
[-        ] process > nanom6a          -
[-        ] process > differr          -
[-        ] process > eligos           -
[-        ] process > mines            -
[-        ] process > dena             -
[-        ] process > epinanoSVM       -
[-        ] process > epinanoError     -
[c7/571065] process > nanodoc (1)      [100%] 1 of 1 ✔
[-        ] process > drummer          -
[-        ] process > nanopolish1      -
[-        ] process > xpore1           -
[-        ] process > xpore2           -
[-        ] process > nanocompore1     -
[-        ] process > nanocompore2     -
[-        ] process > m6anet1          -
[-        ] process > m6anet2          -
[-        ] process > yanocomp1        -
[-        ] process > yanocomp2        -
[-        ] process > postprocessing   -
Pulling Singularity image docker://hdmarmol/tombo-vbz:v01 [cache /globalscratch/ulb/mlg/hdmarmol/caches/hdmarmol-tombo-vbz-v01.img]

executor >  slurm (7)
[a5/5f9ff8] process > multi2single (2) [100%] 2 of 2 ✔
[3c/fb05e9] process > fastq (2)        [100%] 2 of 2 ✔
[29/edba84] process > minimap2 (2)     [  0%] 0 of 2
[-        ] process > minimap2Merge    -
[-        ] process > tombo1           -
[-        ] process > tombo2           -
[-        ] process > tombo3           -
[-        ] process > nanom6a          -
[-        ] process > differr          -
[-        ] process > eligos           -
[-        ] process > mines            -
[-        ] process > dena             -
[-        ] process > epinanoSVM       -
[-        ] process > epinanoError     -
[c7/571065] process > nanodoc (1)      [100%] 1 of 1 ✔
[-        ] process > drummer          -
[-        ] process > nanopolish1      -
[-        ] process > xpore1           -
[-        ] process > xpore2           -
[-        ] process > nanocompore1     -
[-        ] process > nanocompore2     -
[-        ] process > m6anet1          -
[-        ] process > m6anet2          -
[-        ] process > yanocomp1        -
[-        ] process > yanocomp2        -
[-        ] process > postprocessing   -
Pulling Singularity image docker://hdmarmol/tombo-vbz:v01 [cache /globalscratch/ulb/mlg/hdmarmol/caches/hdmarmol-tombo-vbz-v01.img]

executor >  slurm (7)
[a5/5f9ff8] process > multi2single (2) [100%] 2 of 2 ✔
[3c/fb05e9] process > fastq (2)        [100%] 2 of 2 ✔
[29/edba84] process > minimap2 (2)     [  0%] 0 of 2
[-        ] process > minimap2Merge    -
[-        ] process > tombo1           -
[-        ] process > tombo2           -
[-        ] process > tombo3           -
[-        ] process > nanom6a          -
[-        ] process > differr          -
[-        ] process > eligos           -
[-        ] process > mines            -
[-        ] process > dena             -
[-        ] process > epinanoSVM       -
[-        ] process > epinanoError     -
[c7/571065] process > nanodoc (1)      [100%] 1 of 1 ✔
[-        ] process > drummer          -
[-        ] process > nanopolish1      -
[-        ] process > xpore1           -
[-        ] process > xpore2           -
[-        ] process > nanocompore1     -
[-        ] process > nanocompore2     -
[-        ] process > m6anet1          -
[-        ] process > m6anet2          -
[-        ] process > yanocomp1        -
[-        ] process > yanocomp2        -
[-        ] process > postprocessing   -


executor >  slurm (7)
[a5/5f9ff8] process > multi2single (2) [100%] 2 of 2 ✔
[3c/fb05e9] process > fastq (2)        [100%] 2 of 2 ✔
[29/edba84] process > minimap2 (2)     [ 50%] 1 of 2
[-        ] process > minimap2Merge    -
[-        ] process > tombo1           -
[-        ] process > tombo2           -
[-        ] process > tombo3           -
[-        ] process > nanom6a          -
[-        ] process > differr          -
[-        ] process > eligos           -
[-        ] process > mines            -
[-        ] process > dena             -
[-        ] process > epinanoSVM       -
[-        ] process > epinanoError     -
[c7/571065] process > nanodoc (1)      [100%] 1 of 1 ✔
[-        ] process > drummer          -
[-        ] process > nanopolish1      -
[-        ] process > xpore1           -
[-        ] process > xpore2           -
[-        ] process > nanocompore1     -
[-        ] process > nanocompore2     -
[-        ] process > m6anet1          -
[-        ] process > m6anet2          -
[-        ] process > yanocomp1        -
[-        ] process > yanocomp2        -
[-        ] process > postprocessing   -


executor >  slurm (8)
[a5/5f9ff8] process > multi2single (2) [100%] 2 of 2 ✔
[3c/fb05e9] process > fastq (2)        [100%] 2 of 2 ✔
[29/edba84] process > minimap2 (2)     [ 50%] 1 of 2
[-        ] process > minimap2Merge    -
[-        ] process > tombo1           -
[-        ] process > tombo2           -
[-        ] process > tombo3           -
[-        ] process > nanom6a          -
[-        ] process > differr          -
[-        ] process > eligos           -
[-        ] process > mines            -
[-        ] process > dena             -
[-        ] process > epinanoSVM       -
[-        ] process > epinanoError     -
[c7/571065] process > nanodoc (1)      [100%] 1 of 1 ✔
[-        ] process > drummer          -
[26/8451e7] process > nanopolish1 (1)  [  0%] 0 of 1
[-        ] process > xpore1           -
[-        ] process > xpore2           -
[-        ] process > nanocompore1     -
[-        ] process > nanocompore2     -
[-        ] process > m6anet1          -
[-        ] process > m6anet2          -
[-        ] process > yanocomp1        -
[-        ] process > yanocomp2        -
[-        ] process > postprocessing   -

executor >  slurm (8)
[a5/5f9ff8] process > multi2single (2) [100%] 2 of 2 ✔
[3c/fb05e9] process > fastq (2)        [100%] 2 of 2 ✔
[02/820391] process > minimap2 (1)     [100%] 2 of 2 ✔
[-        ] process > minimap2Merge    -
[-        ] process > tombo1           -
[-        ] process > tombo2           -
[-        ] process > tombo3           -
[-        ] process > nanom6a          -
[-        ] process > differr          -
[-        ] process > eligos           -
[-        ] process > mines            -
[-        ] process > dena             -
[-        ] process > epinanoSVM       -
[-        ] process > epinanoError     -
[c7/571065] process > nanodoc (1)      [100%] 1 of 1 ✔
[-        ] process > drummer          -
[26/8451e7] process > nanopolish1 (1)  [  0%] 0 of 1
[-        ] process > xpore1           -
[-        ] process > xpore2           -
[-        ] process > nanocompore1     -
[-        ] process > nanocompore2     -
[-        ] process > m6anet1          -
[-        ] process > m6anet2          -
[-        ] process > yanocomp1        -
[-        ] process > yanocomp2        -
[-        ] process > postprocessing   -

executor >  slurm (9)
[a5/5f9ff8] process > multi2single (2) [100%] 2 of 2 ✔
[3c/fb05e9] process > fastq (2)        [100%] 2 of 2 ✔
[02/820391] process > minimap2 (1)     [100%] 2 of 2 ✔
[-        ] process > minimap2Merge    [  0%] 0 of 1
[-        ] process > tombo1           -
[-        ] process > tombo2           -
[-        ] process > tombo3           -
[-        ] process > nanom6a          -
[-        ] process > differr          [  0%] 0 of 1
[-        ] process > eligos           [  0%] 0 of 1
[-        ] process > mines            -
[-        ] process > dena             -
[-        ] process > epinanoSVM       -
[-        ] process > epinanoError     -
[c7/571065] process > nanodoc (1)      [100%] 1 of 1 ✔
[-        ] process > drummer          -
[6d/1bec31] process > nanopolish1 (2)  [  0%] 0 of 2
[-        ] process > xpore1           -
[-        ] process > xpore2           -
[-        ] process > nanocompore1     -
[-        ] process > nanocompore2     -
[-        ] process > m6anet1          -
[-        ] process > m6anet2          -
[-        ] process > yanocomp1        -
[-        ] process > yanocomp2        -
[-        ] process > postprocessing   -

executor >  slurm (12)
[a5/5f9ff8] process > multi2single (2)  [100%] 2 of 2 ✔
[3c/fb05e9] process > fastq (2)         [100%] 2 of 2 ✔
[02/820391] process > minimap2 (1)      [100%] 2 of 2 ✔
[63/8ea634] process > minimap2Merge (1) [  0%] 0 of 1
[-        ] process > tombo1            -
[-        ] process > tombo2            -
[-        ] process > tombo3            -
[-        ] process > nanom6a           -
[14/9f3300] process > differr (1)       [  0%] 0 of 1
[5e/2a8133] process > eligos (1)        [  0%] 0 of 1
[-        ] process > mines             -
[-        ] process > dena              -
[-        ] process > epinanoSVM        -
[-        ] process > epinanoError      -
[c7/571065] process > nanodoc (1)       [100%] 1 of 1 ✔
[-        ] process > drummer           [  0%] 0 of 1
[6d/1bec31] process > nanopolish1 (2)   [  0%] 0 of 2
[-        ] process > xpore1            -
[-        ] process > xpore2            -
[-        ] process > nanocompore1      -
[-        ] process > nanocompore2      -
[-        ] process > m6anet1           -
[-        ] process > m6anet2           -
[-        ] process > yanocomp1         -
[-        ] process > yanocomp2         -
[-        ] process > postprocessing    -

executor >  slurm (13)
[a5/5f9ff8] process > multi2single (2)  [100%] 2 of 2 ✔
[3c/fb05e9] process > fastq (2)         [100%] 2 of 2 ✔
[02/820391] process > minimap2 (1)      [100%] 2 of 2 ✔
[63/8ea634] process > minimap2Merge (1) [  0%] 0 of 1
[-        ] process > tombo1            -
[-        ] process > tombo2            -
[-        ] process > tombo3            -
[-        ] process > nanom6a           -
[14/9f3300] process > differr (1)       [  0%] 0 of 1
[5e/2a8133] process > eligos (1)        [  0%] 0 of 1
[-        ] process > mines             -
[-        ] process > dena              -
[-        ] process > epinanoSVM        -
[-        ] process > epinanoError      -
[c7/571065] process > nanodoc (1)       [100%] 1 of 1 ✔
[7d/9e58c2] process > drummer (1)       [  0%] 0 of 1
[6d/1bec31] process > nanopolish1 (2)   [  0%] 0 of 2
[-        ] process > xpore1            -
[-        ] process > xpore2            -
[-        ] process > nanocompore1      -
[-        ] process > nanocompore2      -
[-        ] process > m6anet1           -
[-        ] process > m6anet2           -
[-        ] process > yanocomp1         -
[-        ] process > yanocomp2         -
[-        ] process > postprocessing    -

executor >  slurm (13)
[a5/5f9ff8] process > multi2single (2)  [100%] 2 of 2 ✔
[3c/fb05e9] process > fastq (2)         [100%] 2 of 2 ✔
[02/820391] process > minimap2 (1)      [100%] 2 of 2 ✔
[63/8ea634] process > minimap2Merge (1) [  0%] 0 of 1
[-        ] process > tombo1            -
[-        ] process > tombo2            -
[-        ] process > tombo3            -
[-        ] process > nanom6a           -
[14/9f3300] process > differr (1)       [  0%] 0 of 1
[5e/2a8133] process > eligos (1)        [  0%] 0 of 1
[-        ] process > mines             -
[-        ] process > dena              -
[-        ] process > epinanoSVM        -
[-        ] process > epinanoError      -
[c7/571065] process > nanodoc (1)       [100%] 1 of 1 ✔
[7d/9e58c2] process > drummer (1)       [  0%] 0 of 1
[6d/1bec31] process > nanopolish1 (2)   [  0%] 0 of 2
[-        ] process > xpore1            -
[-        ] process > xpore2            -
[-        ] process > nanocompore1      -
[-        ] process > nanocompore2      -
[-        ] process > m6anet1           -
[-        ] process > m6anet2           -
[-        ] process > yanocomp1         -
[-        ] process > yanocomp2         -
[-        ] process > postprocessing    -

executor >  slurm (13)
[a5/5f9ff8] process > multi2single (2)  [100%] 2 of 2 ✔
[3c/fb05e9] process > fastq (2)         [100%] 2 of 2 ✔
[02/820391] process > minimap2 (1)      [100%] 2 of 2 ✔
[63/8ea634] process > minimap2Merge (1) [100%] 1 of 1 ✔
[-        ] process > tombo1            -
[-        ] process > tombo2            -
[-        ] process > tombo3            -
[-        ] process > nanom6a           -
[14/9f3300] process > differr (1)       [  0%] 0 of 1
[5e/2a8133] process > eligos (1)        [100%] 1 of 1 ✔
[-        ] process > mines             -
[-        ] process > dena              -
[-        ] process > epinanoSVM        -
[-        ] process > epinanoError      -
[c7/571065] process > nanodoc (1)       [100%] 1 of 1 ✔
[7d/9e58c2] process > drummer (1)       [100%] 1 of 1 ✔
[6d/1bec31] process > nanopolish1 (2)   [  0%] 0 of 2
[-        ] process > xpore1            -
[-        ] process > xpore2            -
[-        ] process > nanocompore1      -
[-        ] process > nanocompore2      -
[-        ] process > m6anet1           -
[-        ] process > m6anet2           -
[-        ] process > yanocomp1         -
[-        ] process > yanocomp2         -
[-        ] process > postprocessing    -

executor >  slurm (13)
[a5/5f9ff8] process > multi2single (2)  [100%] 2 of 2 ✔
[3c/fb05e9] process > fastq (2)         [100%] 2 of 2 ✔
[02/820391] process > minimap2 (1)      [100%] 2 of 2 ✔
[63/8ea634] process > minimap2Merge (1) [100%] 1 of 1 ✔
[-        ] process > tombo1            -
[-        ] process > tombo2            -
[-        ] process > tombo3            -
[-        ] process > nanom6a           -
[14/9f3300] process > differr (1)       [  0%] 0 of 1
[5e/2a8133] process > eligos (1)        [100%] 1 of 1 ✔
[-        ] process > mines             -
[-        ] process > dena              -
[-        ] process > epinanoSVM        -
[-        ] process > epinanoError      -
[c7/571065] process > nanodoc (1)       [100%] 1 of 1 ✔
[7d/9e58c2] process > drummer (1)       [100%] 1 of 1 ✔
[6d/1bec31] process > nanopolish1 (2)   [  0%] 0 of 2
[-        ] process > xpore1            -
[-        ] process > xpore2            -
[-        ] process > nanocompore1      -
[-        ] process > nanocompore2      -
[-        ] process > m6anet1           -
[-        ] process > m6anet2           -
[-        ] process > yanocomp1         -
[-        ] process > yanocomp2         -
[-        ] process > postprocessing    -
Pulling Singularity image docker://bproject/m6anet:v1 [cache /globalscratch/ulb/mlg/hdmarmol/caches/bproject-m6anet-v1.img]

executor >  slurm (13)
[a5/5f9ff8] process > multi2single (2)  [100%] 2 of 2 ✔
[3c/fb05e9] process > fastq (2)         [100%] 2 of 2 ✔
[02/820391] process > minimap2 (1)      [100%] 2 of 2 ✔
[63/8ea634] process > minimap2Merge (1) [100%] 1 of 1 ✔
[-        ] process > tombo1            -
[-        ] process > tombo2            -
[-        ] process > tombo3            -
[-        ] process > nanom6a           -
[14/9f3300] process > differr (1)       [  0%] 0 of 1
[5e/2a8133] process > eligos (1)        [100%] 1 of 1 ✔
[-        ] process > mines             -
[-        ] process > dena              -
[-        ] process > epinanoSVM        -
[-        ] process > epinanoError      -
[c7/571065] process > nanodoc (1)       [100%] 1 of 1 ✔
[7d/9e58c2] process > drummer (1)       [100%] 1 of 1 ✔
[26/8451e7] process > nanopolish1 (1)   [ 50%] 1 of 2
[-        ] process > xpore1            -
[-        ] process > xpore2            -
[-        ] process > nanocompore1      -
[-        ] process > nanocompore2      -
[-        ] process > m6anet1           -
[-        ] process > m6anet2           -
[-        ] process > yanocomp1         -
[-        ] process > yanocomp2         -
[-        ] process > postprocessing    -
Pulling Singularity image docker://bproject/m6anet:v1 [cache /globalscratch/ulb/mlg/hdmarmol/caches/bproject-m6anet-v1.img]
Pulling Singularity image docker://bproject/yanocomp:v1 [cache /globalscratch/ulb/mlg/hdmarmol/caches/bproject-yanocomp-v1.img]
Pulling Singularity image docker://bproject/xpore:v1 [cache /globalscratch/ulb/mlg/hdmarmol/caches/bproject-xpore-v1.img]
Pulling Singularity image docker://bproject/nanocompore:v1 [cache /globalscratch/ulb/mlg/hdmarmol/caches/bproject-nanocompore-v1.img]

executor >  slurm (13)
[a5/5f9ff8] process > multi2single (2)  [100%] 2 of 2 ✔
[3c/fb05e9] process > fastq (2)         [100%] 2 of 2 ✔
[02/820391] process > minimap2 (1)      [100%] 2 of 2 ✔
[63/8ea634] process > minimap2Merge (1) [100%] 1 of 1 ✔
[-        ] process > tombo1            -
[-        ] process > tombo2            -
[-        ] process > tombo3            -
[-        ] process > nanom6a           -
[14/9f3300] process > differr (1)       [  0%] 0 of 1
[5e/2a8133] process > eligos (1)        [100%] 1 of 1 ✔
[-        ] process > mines             -
[-        ] process > dena              -
[-        ] process > epinanoSVM        -
[-        ] process > epinanoError      -
[c7/571065] process > nanodoc (1)       [100%] 1 of 1 ✔
[7d/9e58c2] process > drummer (1)       [100%] 1 of 1 ✔
[26/8451e7] process > nanopolish1 (1)   [ 50%] 1 of 2 ✔
[-        ] process > xpore1            -
[-        ] process > xpore2            -
[-        ] process > nanocompore1      -
[-        ] process > nanocompore2      -
[-        ] process > m6anet1           -
[-        ] process > m6anet2           -
[-        ] process > yanocomp1         -
[-        ] process > yanocomp2         -
[-        ] process > postprocessing    -





executor >  slurm (13)
[a5/5f9ff8] process > multi2single (2)  [100%] 2 of 2 ✔
[3c/fb05e9] process > fastq (2)         [100%] 2 of 2 ✔
[02/820391] process > minimap2 (1)      [100%] 2 of 2 ✔
[63/8ea634] process > minimap2Merge (1) [100%] 1 of 1 ✔
[-        ] process > tombo1            -
[-        ] process > tombo2            -
[-        ] process > tombo3            -
[-        ] process > nanom6a           -
[14/9f3300] process > differr (1)       [  0%] 0 of 1
[5e/2a8133] process > eligos (1)        [100%] 1 of 1 ✔
[-        ] process > mines             -
[-        ] process > dena              -
[-        ] process > epinanoSVM        -
[-        ] process > epinanoError      -
[c7/571065] process > nanodoc (1)       [100%] 1 of 1 ✔
[7d/9e58c2] process > drummer (1)       [100%] 1 of 1 ✔
[6d/1bec31] process > nanopolish1 (2)   [100%] 2 of 2 ✔
[-        ] process > xpore1            -
[-        ] process > xpore2            -
[-        ] process > nanocompore1      -
[-        ] process > nanocompore2      -
[-        ] process > m6anet1           -
[-        ] process > m6anet2           -
[-        ] process > yanocomp1         -
[-        ] process > yanocomp2         -
[-        ] process > postprocessing    -





executor >  slurm (13)
[a5/5f9ff8] process > multi2single (2)  [100%] 2 of 2 ✔
[3c/fb05e9] process > fastq (2)         [100%] 2 of 2 ✔
[02/820391] process > minimap2 (1)      [100%] 2 of 2 ✔
[63/8ea634] process > minimap2Merge (1) [100%] 1 of 1 ✔
[-        ] process > tombo1            -
[-        ] process > tombo2            -
[-        ] process > tombo3            -
[-        ] process > nanom6a           -
[14/9f3300] process > differr (1)       [  0%] 0 of 1
[5e/2a8133] process > eligos (1)        [100%] 1 of 1 ✔
[-        ] process > mines             -
[-        ] process > dena              -
[-        ] process > epinanoSVM        -
[-        ] process > epinanoError      -
[c7/571065] process > nanodoc (1)       [100%] 1 of 1 ✔
[7d/9e58c2] process > drummer (1)       [100%] 1 of 1 ✔
[6d/1bec31] process > nanopolish1 (2)   [100%] 2 of 2 ✔
[-        ] process > xpore1            -
[-        ] process > xpore2            -
[-        ] process > nanocompore1      -
[-        ] process > nanocompore2      -
[-        ] process > m6anet1           -
[-        ] process > m6anet2           -
[-        ] process > yanocomp1         -
[-        ] process > yanocomp2         -
[-        ] process > postprocessing    -
Error executing process > 'xpore1 (2)'

Caused by:
  Failed to pull singularity image
  command: singularity pull  --name bproject-xpore-v1.img.pulling.1739540205698 docker://bproject/xpore:v1 > /dev/null
  status : 255
  message:
    INFO:    Converting OCI blobs to SIF format
    INFO:    Starting build...
    Getting image source signatures
    Copying blob sha256:e40358d56549ddb73844e293d3e8516935fdce48fad537cc0226a472175b157a
    Copying blob sha256:c610536171e3c233fc979d34130a90e9c9bc030425e5af141fd0c3aa8bcf5fb2
    Copying blob sha256:7e2ade9c2628705fbf9b8277163ef3b15bb91de883ec226b02f5b0404a984122
    Copying config sha256:8f7163e0a73ef92e2f58bb79f719ecd4f8ee0cc047da2de1bfd84568d6a3224b
    Writing manifest to image destination
    Storing signatures
    FATAL:   While making image from oci registry: error fetching image to cache: while building SIF from layers: conveyor failed to get: while getting config: no descriptor found for reference "da8ba541d697b212a8890783c61bad97e5cf0cb8e5a1b214b02597b8f40197f5"




WARN: Killing running tasks (1)

executor >  slurm (13)
[a5/5f9ff8] process > multi2single (2)  [100%] 2 of 2 ✔
[3c/fb05e9] process > fastq (2)         [100%] 2 of 2 ✔
[02/820391] process > minimap2 (1)      [100%] 2 of 2 ✔
[63/8ea634] process > minimap2Merge (1) [100%] 1 of 1 ✔
[-        ] process > tombo1            -
[-        ] process > tombo2            -
[-        ] process > tombo3            -
[-        ] process > nanom6a           -
[-        ] process > differr (1)       -
[5e/2a8133] process > eligos (1)        [100%] 1 of 1 ✔
[-        ] process > mines             -
[-        ] process > dena              -
[-        ] process > epinanoSVM        -
[-        ] process > epinanoError      -
[c7/571065] process > nanodoc (1)       [100%] 1 of 1 ✔
[7d/9e58c2] process > drummer (1)       [100%] 1 of 1 ✔
[6d/1bec31] process > nanopolish1 (2)   [100%] 2 of 2 ✔
[-        ] process > xpore1            -
[-        ] process > xpore2            -
[-        ] process > nanocompore1      -
[-        ] process > nanocompore2      -
[-        ] process > m6anet1           -
[-        ] process > m6anet2           -
[-        ] process > yanocomp1         -
[-        ] process > yanocomp2         -
[-        ] process > postprocessing    -
Error executing process > 'xpore1 (2)'

Caused by:
  Failed to pull singularity image
  command: singularity pull  --name bproject-xpore-v1.img.pulling.1739540205698 docker://bproject/xpore:v1 > /dev/null
  status : 255
  message:
    INFO:    Converting OCI blobs to SIF format
    INFO:    Starting build...
    Getting image source signatures
    Copying blob sha256:e40358d56549ddb73844e293d3e8516935fdce48fad537cc0226a472175b157a
    Copying blob sha256:c610536171e3c233fc979d34130a90e9c9bc030425e5af141fd0c3aa8bcf5fb2
    Copying blob sha256:7e2ade9c2628705fbf9b8277163ef3b15bb91de883ec226b02f5b0404a984122
    Copying config sha256:8f7163e0a73ef92e2f58bb79f719ecd4f8ee0cc047da2de1bfd84568d6a3224b
    Writing manifest to image destination
    Storing signatures
    FATAL:   While making image from oci registry: error fetching image to cache: while building SIF from layers: conveyor failed to get: while getting config: no descriptor found for reference "da8ba541d697b212a8890783c61bad97e5cf0cb8e5a1b214b02597b8f40197f5"





