The following modules were not unloaded:
  (Use "module --force purge" to unload all):

  1) releases/2023a   2) tis/2018.01
N E X T F L O W  ~  version 22.10.0
Launching `/home/ulb/mlg/hdmarmol/maestriNanolympicMod/myNanolympics/NanOlympicsMod/pipeline.nf` [gloomy_ampere] DSL1 - revision: 91e2af624e
WARN: The `into` operator should be used to connect two or more target channels -- consider replacing it with `.set { bed_nanocompore }`
SampleName: MAESTRI_WT, Condition: WT, DataPath: /globalscratch/ulb/mlg/hdmarmol/sampledata/HEK293T_BP_WT1_Chromosome1_basecalled/workspace/
Tuple: [MAESTRI_WT, WT, /globalscratch/ulb/mlg/hdmarmol/sampledata/HEK293T_BP_WT1_Chromosome1_basecalled/workspace/]
SampleName: MAESTRI_MD, Condition: KO, DataPath: /globalscratch/ulb/mlg/hdmarmol/sampledata/HEK293T_BP_METTL3Inhibitor1_Chromosome1_basecalled/workspace/
Tuple: [MAESTRI_MD, KO, /globalscratch/ulb/mlg/hdmarmol/sampledata/HEK293T_BP_METTL3Inhibitor1_Chromosome1_basecalled/workspace/]
[-        ] process > multi2single  -
[-        ] process > fastq         -
[-        ] process > minimap2      -
[-        ] process > minimap2Merge -
[-        ] process > tombo1        -
[-        ] process > tombo2        -
[-        ] process > tombo3        -
[-        ] process > nanom6a       -
WARN: Operator `choice` is deprecated -- it will be removed in a future release
WARN: Operator `choice` is deprecated -- it will be removed in a future release
WARN: Output `set` must define at least two component -- Check process `tombo1`
WARN: Input `set` must define at least two component -- Check process `tombo2`
WARN: Output `set` must define at least two component -- Check process `tombo2`
WARN: Input `set` must define at least two component -- Check process `tombo3`
WARN: Input `set` must define at least two component -- Check process `nanom6a`

[32/ac38cf] process > multi2single (1) [100%] 2 of 2, cached: 2 ✔
[-        ] process > fastq            -
[-        ] process > minimap2         -
[-        ] process > minimap2Merge    -
[-        ] process > tombo1           -
[-        ] process > tombo2           -
[-        ] process > tombo3           -
[-        ] process > nanom6a          -
[-        ] process > differr          -
[-        ] process > eligos           -
[-        ] process > mines            -
[-        ] process > dena             -
[-        ] process > epinanoSVM       -
[-        ] process > epinanoError     -
[-        ] process > nanodoc          -
WARN: Operator `choice` is deprecated -- it will be removed in a future release
WARN: Operator `choice` is deprecated -- it will be removed in a future release
WARN: Output `set` must define at least two component -- Check process `tombo1`
WARN: Input `set` must define at least two component -- Check process `tombo2`
WARN: Output `set` must define at least two component -- Check process `tombo2`
WARN: Input `set` must define at least two component -- Check process `tombo3`
WARN: Input `set` must define at least two component -- Check process `nanom6a`
WARN: Operator `choice` is deprecated -- it will be removed in a future release
WARN: Operator `choice` is deprecated -- it will be removed in a future release
WARN: Input `set` must define at least two component -- Check process `mines`
WARN: Input `set` must define at least two component -- Check process `dena`
WARN: Operator `choice` is deprecated -- it will be removed in a future release
WARN: Operator `choice` is deprecated -- it will be removed in a future release

[32/ac38cf] process > multi2single (1) [100%] 2 of 2, cached: 2 ✔
[-        ] process > fastq            [  0%] 0 of 2
[-        ] process > minimap2         -
[-        ] process > minimap2Merge    -
[a7/ac0aee] process > tombo1 (1)       [100%] 1 of 1, cached: 1 ✔
[-        ] process > tombo2           [  0%] 0 of 1
[-        ] process > tombo3           [  0%] 0 of 1
[-        ] process > nanom6a          -
[-        ] process > differr          -
[-        ] process > eligos           -
[-        ] process > mines            -
[-        ] process > dena             -
[-        ] process > epinanoSVM       -
[-        ] process > epinanoError     -
[-        ] process > nanodoc          -
[-        ] process > drummer          -
[-        ] process > nanopolish1      -
[-        ] process > xpore1           -
[-        ] process > xpore2           -
[-        ] process > nanocompore1     -
[-        ] process > nanocompore2     -
[-        ] process > m6anet1          -
[-        ] process > m6anet2          -
[-        ] process > yanocomp1        -
[-        ] process > yanocomp2        -
Pulling Singularity image docker://bproject/nanodoc:v2 [cache /globalscratch/ulb/mlg/hdmarmol/caches/bproject-nanodoc-v2.img]
WARN: Operator `choice` is deprecated -- it will be removed in a future release
WARN: Operator `choice` is deprecated -- it will be removed in a future release
WARN: Output `set` must define at least two component -- Check process `tombo1`
WARN: Input `set` must define at least two component -- Check process `tombo2`
WARN: Output `set` must define at least two component -- Check process `tombo2`
WARN: Input `set` must define at least two component -- Check process `tombo3`
WARN: Input `set` must define at least two component -- Check process `nanom6a`
WARN: Operator `choice` is deprecated -- it will be removed in a future release
WARN: Operator `choice` is deprecated -- it will be removed in a future release
WARN: Input `set` must define at least two component -- Check process `mines`
WARN: Input `set` must define at least two component -- Check process `dena`
WARN: Operator `choice` is deprecated -- it will be removed in a future release
WARN: Operator `choice` is deprecated -- it will be removed in a future release
WARN: Operator `choice` is deprecated -- it will be removed in a future release
WARN: Operator `choice` is deprecated -- it will be removed in a future release
WARN: Operator `choice` is deprecated -- it will be removed in a future release
WARN: Operator `choice` is deprecated -- it will be removed in a future release

executor >  slurm (4)
[32/ac38cf] process > multi2single (1) [100%] 2 of 2, cached: 2 ✔
[f1/5e48bb] process > fastq (2)        [  0%] 0 of 2
[-        ] process > minimap2         -
[-        ] process > minimap2Merge    -
[a7/ac0aee] process > tombo1 (1)       [100%] 1 of 1, cached: 1 ✔
[bf/f37d75] process > tombo2 (1)       [  0%] 0 of 1
[16/49bc5d] process > tombo3 (1)       [  0%] 0 of 1
[-        ] process > nanom6a          -
[-        ] process > differr          -
[-        ] process > eligos           -
[-        ] process > mines            -
[-        ] process > dena             -
[-        ] process > epinanoSVM       -
[-        ] process > epinanoError     -
[-        ] process > nanodoc          -
[-        ] process > drummer          -
[-        ] process > nanopolish1      -
[-        ] process > xpore1           -
[-        ] process > xpore2           -
[-        ] process > nanocompore1     -
[-        ] process > nanocompore2     -
[-        ] process > m6anet1          -
[-        ] process > m6anet2          -
[-        ] process > yanocomp1        -
[-        ] process > yanocomp2        -
[-        ] process > postprocessing   -
Pulling Singularity image docker://bproject/nanodoc:v2 [cache /globalscratch/ulb/mlg/hdmarmol/caches/bproject-nanodoc-v2.img]
Pulling Singularity image docker://bproject/nanom6a:v2 [cache /globalscratch/ulb/mlg/hdmarmol/caches/bproject-nanom6a-v2.img]
WARN: Operator `choice` is deprecated -- it will be removed in a future release
WARN: Operator `choice` is deprecated -- it will be removed in a future release
WARN: Output `set` must define at least two component -- Check process `tombo1`
WARN: Input `set` must define at least two component -- Check process `tombo2`
WARN: Output `set` must define at least two component -- Check process `tombo2`
WARN: Input `set` must define at least two component -- Check process `tombo3`
WARN: Input `set` must define at least two component -- Check process `nanom6a`
WARN: Operator `choice` is deprecated -- it will be removed in a future release
WARN: Operator `choice` is deprecated -- it will be removed in a future release
WARN: Input `set` must define at least two component -- Check process `mines`
WARN: Input `set` must define at least two component -- Check process `dena`
WARN: Operator `choice` is deprecated -- it will be removed in a future release
WARN: Operator `choice` is deprecated -- it will be removed in a future release
WARN: Operator `choice` is deprecated -- it will be removed in a future release
WARN: Operator `choice` is deprecated -- it will be removed in a future release
WARN: Operator `choice` is deprecated -- it will be removed in a future release
WARN: Operator `choice` is deprecated -- it will be removed in a future release

executor >  slurm (4)
[32/ac38cf] process > multi2single (1) [100%] 2 of 2, cached: 2 ✔
[f1/5e48bb] process > fastq (2)        [  0%] 0 of 2
[-        ] process > minimap2         -
[-        ] process > minimap2Merge    -
[a7/ac0aee] process > tombo1 (1)       [100%] 1 of 1, cached: 1 ✔
[bf/f37d75] process > tombo2 (1)       [  0%] 0 of 1
[16/49bc5d] process > tombo3 (1)       [  0%] 0 of 1
[-        ] process > nanom6a          -
[-        ] process > differr          -
[-        ] process > eligos           -
[-        ] process > mines            -
[-        ] process > dena             -
[-        ] process > epinanoSVM       -
[-        ] process > epinanoError     -
[-        ] process > nanodoc          -
[-        ] process > drummer          -
[-        ] process > nanopolish1      -
[-        ] process > xpore1           -
[-        ] process > xpore2           -
[-        ] process > nanocompore1     -
[-        ] process > nanocompore2     -
[-        ] process > m6anet1          -
[-        ] process > m6anet2          -
[-        ] process > yanocomp1        -
[-        ] process > yanocomp2        -
[-        ] process > postprocessing   -
Pulling Singularity image docker://bproject/nanodoc:v2 [cache /globalscratch/ulb/mlg/hdmarmol/caches/bproject-nanodoc-v2.img]
Pulling Singularity image docker://bproject/nanom6a:v2 [cache /globalscratch/ulb/mlg/hdmarmol/caches/bproject-nanom6a-v2.img]
WARN: Operator `choice` is deprecated -- it will be removed in a future release
WARN: Operator `choice` is deprecated -- it will be removed in a future release
WARN: Output `set` must define at least two component -- Check process `tombo1`
WARN: Input `set` must define at least two component -- Check process `tombo2`
WARN: Output `set` must define at least two component -- Check process `tombo2`
WARN: Input `set` must define at least two component -- Check process `tombo3`
WARN: Input `set` must define at least two component -- Check process `nanom6a`
WARN: Operator `choice` is deprecated -- it will be removed in a future release
WARN: Operator `choice` is deprecated -- it will be removed in a future release
WARN: Input `set` must define at least two component -- Check process `mines`
WARN: Input `set` must define at least two component -- Check process `dena`
WARN: Operator `choice` is deprecated -- it will be removed in a future release
WARN: Operator `choice` is deprecated -- it will be removed in a future release
WARN: Operator `choice` is deprecated -- it will be removed in a future release
WARN: Operator `choice` is deprecated -- it will be removed in a future release
WARN: Operator `choice` is deprecated -- it will be removed in a future release
WARN: Operator `choice` is deprecated -- it will be removed in a future release

executor >  slurm (5)
[32/ac38cf] process > multi2single (1) [100%] 2 of 2, cached: 2 ✔
[f1/5e48bb] process > fastq (2)        [  0%] 0 of 2
[-        ] process > minimap2         -
[-        ] process > minimap2Merge    -
[a7/ac0aee] process > tombo1 (1)       [100%] 1 of 1, cached: 1 ✔
[bf/f37d75] process > tombo2 (1)       [  0%] 0 of 1
[16/49bc5d] process > tombo3 (1)       [  0%] 0 of 1
[-        ] process > nanom6a          -
[-        ] process > differr          -
[-        ] process > eligos           -
[-        ] process > mines            -
[-        ] process > dena             -
[-        ] process > epinanoSVM       -
[-        ] process > epinanoError     -
[1a/5f8ae3] process > nanodoc (1)      [  0%] 0 of 1
[-        ] process > drummer          -
[-        ] process > nanopolish1      -
[-        ] process > xpore1           -
[-        ] process > xpore2           -
[-        ] process > nanocompore1     -
[-        ] process > nanocompore2     -
[-        ] process > m6anet1          -
[-        ] process > m6anet2          -
[-        ] process > yanocomp1        -
[-        ] process > yanocomp2        -
[-        ] process > postprocessing   -




















executor >  slurm (5)
[32/ac38cf] process > multi2single (1) [100%] 2 of 2, cached: 2 ✔
[f1/5e48bb] process > fastq (2)        [  0%] 0 of 2
[-        ] process > minimap2         -
[-        ] process > minimap2Merge    -
[a7/ac0aee] process > tombo1 (1)       [100%] 1 of 1, cached: 1 ✔
[bf/f37d75] process > tombo2 (1)       [  0%] 0 of 1
[16/49bc5d] process > tombo3 (1)       [  0%] 0 of 1
[-        ] process > nanom6a          -
[-        ] process > differr          -
[-        ] process > eligos           -
[-        ] process > mines            -
[-        ] process > dena             -
[-        ] process > epinanoSVM       -
[-        ] process > epinanoError     -
[1a/5f8ae3] process > nanodoc (1)      [100%] 1 of 1 ✔
[-        ] process > drummer          -
[-        ] process > nanopolish1      -
[-        ] process > xpore1           -
[-        ] process > xpore2           -
[-        ] process > nanocompore1     -
[-        ] process > nanocompore2     -
[-        ] process > m6anet1          -
[-        ] process > m6anet2          -
[-        ] process > yanocomp1        -
[-        ] process > yanocomp2        -
[-        ] process > postprocessing   -




















executor >  slurm (6)
[32/ac38cf] process > multi2single (1) [100%] 2 of 2, cached: 2 ✔
[f1/5e48bb] process > fastq (2)        [  0%] 0 of 2
[-        ] process > minimap2         -
[-        ] process > minimap2Merge    -
[a7/ac0aee] process > tombo1 (1)       [100%] 1 of 1, cached: 1 ✔
[bf/f37d75] process > tombo2 (1)       [  0%] 0 of 1
[16/49bc5d] process > tombo3 (1)       [  0%] 0 of 1
[a8/ef186f] process > nanom6a (1)      [  0%] 0 of 1
[-        ] process > differr          -
[-        ] process > eligos           -
[-        ] process > mines            -
[-        ] process > dena             -
[-        ] process > epinanoSVM       -
[-        ] process > epinanoError     -
[1a/5f8ae3] process > nanodoc (1)      [100%] 1 of 1 ✔
[-        ] process > drummer          -
[-        ] process > nanopolish1      -
[-        ] process > xpore1           -
[-        ] process > xpore2           -
[-        ] process > nanocompore1     -
[-        ] process > nanocompore2     -
[-        ] process > m6anet1          -
[-        ] process > m6anet2          -
[-        ] process > yanocomp1        -
[-        ] process > yanocomp2        -
[-        ] process > postprocessing   -

WARN: Killing running tasks (4)
executor >  slurm (6)
[32/ac38cf] process > multi2single (1) [100%] 2 of 2, cached: 2 ✔
[f1/5e48bb] process > fastq (2)        [  0%] 0 of 2
[-        ] process > minimap2         -
[-        ] process > minimap2Merge    -
[a7/ac0aee] process > tombo1 (1)       [100%] 1 of 1, cached: 1 ✔
[bf/f37d75] process > tombo2 (1)       [  0%] 0 of 1
[16/49bc5d] process > tombo3 (1)       [  0%] 0 of 1
[a8/ef186f] process > nanom6a (1)      [  0%] 0 of 1
[-        ] process > differr          -
[-        ] process > eligos           -
[-        ] process > mines            -
[-        ] process > dena             -
[-        ] process > epinanoSVM       -
[-        ] process > epinanoError     -
[1a/5f8ae3] process > nanodoc (1)      [100%] 1 of 1 ✔
[-        ] process > drummer          -
[-        ] process > nanopolish1      -
[-        ] process > xpore1           -
[-        ] process > xpore2           -
[-        ] process > nanocompore1     -
[-        ] process > nanocompore2     -
[-        ] process > m6anet1          -
[-        ] process > m6anet2          -
[-        ] process > yanocomp1        -
[-        ] process > yanocomp2        -
[-        ] process > postprocessing   -
Error executing process > 'nanom6a (1)'

Caused by:
  Process `nanom6a (1)` terminated with an error exit status (1)

Command executed:

  java -jar /picard/build/libs/picard.jar CreateSequenceDictionary -R genome.fa -O genome.dict
  		java -jar /picard/build/libs/picard.jar CreateSequenceDictionary -R transcriptome.fa -O transcriptome.dict
  
  		mkdir -p /globalscratch/ulb/mlg/hdmarmol/nanolympics/results2/WT/nanom6a/
  
  		find /globalscratch/ulb/mlg/hdmarmol/nanolympics/results2/WT/ -name "*.fast5" > /globalscratch/ulb/mlg/hdmarmol/nanolympics/results2/WT/nanom6a/files.txt
  		/nanom6A_2021_10_22/bin/extract_raw_and_feature_fast --cpu=6 --fl=/globalscratch/ulb/mlg/hdmarmol/nanolympics/results2/WT/nanom6a/files.txt -o /globalscratch/ulb/mlg/hdmarmol/nanolympics/results2/WT/nanom6a/result --clip=10 --basecall_group RawGenomeCorrected_000 --basecall_subgroup BaseCalled_template
  
  		for prob in 0.5 0.6 0.7 0.8 0.9 0.99;do /nanom6A_2021_10_22/bin/predict_sites --cpu 6 -i /globalscratch/ulb/mlg/hdmarmol/nanolympics/results2/WT/nanom6a/result -o /globalscratch/ulb/mlg/hdmarmol/nanolympics/results2/WT/nanom6a/result_final -r transcriptome.fa -g genome.fa -b /home/ulb/mlg/hdmarmol/dataInputs/dummy_genes2transcripts.txt --model /nanom6A_2021_10_22/bin/model/ --proba $prob; done
  
  #		mkdir -p /globalscratch/ulb/mlg/hdmarmol/nanolympics/results2/KO/nanom6a/
  
  #		find /globalscratch/ulb/mlg/hdmarmol/nanolympics/results2/KO/ -name "*.fast5" > /globalscratch/ulb/mlg/hdmarmol/nanolympics/results2/KO/nanom6a/files.txt
  #		/nanom6A_2021_10_22/bin/extract_raw_and_feature_fast --cpu=6 --fl=/globalscratch/ulb/mlg/hdmarmol/nanolympics/results2/KO/nanom6a/files.txt -o /globalscratch/ulb/mlg/hdmarmol/nanolympics/results2/KO/nanom6a/result --clip=10 --basecall_group RawGenomeCorrected_000 --basecall_subgroup BaseCalled_template
  
  #		for prob in 0.5 0.6 0.7 0.8 0.9 0.99;do /nanom6A_2021_10_22/bin/predict_sites --cpu 6 -i /globalscratch/ulb/mlg/hdmarmol/nanolympics/results2/KO/nanom6a/result -o /globalscratch/ulb/mlg/hdmarmol/nanolympics/results2/KO/nanom6a/result_final -r transcriptome.fa -g genome.fa -b /home/ulb/mlg/hdmarmol/dataInputs/dummy_genes2transcripts.txt --model /nanom6A_2021_10_22/bin/model/ --proba $prob; done

Command exit status:
  1

Command output:
  (empty)

Command error:
  INFO:    Environment variable SINGULARITYENV_TMPDIR is set, but APPTAINERENV_TMPDIR is preferred
  14:09:10.292 INFO  NativeLibraryLoader - Loading libgkl_compression.so from jar:file:/picard/build/libs/picard.jar!/com/intel/gkl/native/libgkl_compression.so
  [Mon Jan 27 14:09:10 UTC 2025] CreateSequenceDictionary --OUTPUT genome.dict --REFERENCE genome.fa --TRUNCATE_NAMES_AT_WHITESPACE true --NUM_SEQUENCES 2147483647 --VERBOSITY INFO --QUIET false --VALIDATION_STRINGENCY STRICT --COMPRESSION_LEVEL 5 --MAX_RECORDS_IN_RAM 500000 --CREATE_INDEX false --CREATE_MD5_FILE false --GA4GH_CLIENT_SECRETS client_secrets.json --help false --version false --showHidden false --USE_JDK_DEFLATER false --USE_JDK_INFLATER false
  [Mon Jan 27 14:09:10 UTC 2025] Executing as hdmarmol@lm4-w023 on Linux 4.18.0-513.11.1.el8_9.x86_64 amd64; OpenJDK 64-Bit Server VM 11.0.13+7-b1751.21; Deflater: Intel; Inflater: Intel; Provider GCS is not available; Picard version: Version:2.26.10-4-ga03ed41-SNAPSHOT
  [Mon Jan 27 14:09:10 UTC 2025] picard.sam.CreateSequenceDictionary done. Elapsed time: 0.00 minutes.
  Runtime.totalMemory()=2013265920
  To get help, see http://broadinstitute.github.io/picard/index.html#GettingHelp
  Exception in thread "main" htsjdk.samtools.SAMException: Error opening file: genome.fa
  	at htsjdk.samtools.util.IOUtil.openFileForReading(IOUtil.java:702)
  	at htsjdk.samtools.reference.FastaSequenceFile.<init>(FastaSequenceFile.java:64)
  	at htsjdk.samtools.reference.ReferenceSequenceFileFactory.getReferenceSequenceFile(ReferenceSequenceFileFactory.java:144)
  	at htsjdk.samtools.reference.ReferenceSequenceFileFactory.getReferenceSequenceFile(ReferenceSequenceFileFactory.java:100)
  	at htsjdk.samtools.reference.ReferenceSequenceFileFactory.getReferenceSequenceFile(ReferenceSequenceFileFactory.java:88)
  	at picard.util.SequenceDictionaryUtils$SamSequenceRecordsIterator.<init>(SequenceDictionaryUtils.java:82)
  	at picard.sam.CreateSequenceDictionary.lambda$getSamSequenceRecordsIterable$0(CreateSequenceDictionary.java:169)
  	at picard.sam.CreateSequenceDictionary.doWork(CreateSequenceDictionary.java:234)
  	at picard.cmdline.CommandLineProgram.instanceMain(CommandLineProgram.java:308)
  	at picard.cmdline.PicardCommandLine.instanceMain(PicardCommandLine.java:103)
  	at picard.cmdline.PicardCommandLine.main(PicardCommandLine.java:113)
  Caused by: java.nio.file.NoSuchFileException: genome.fa
  	at java.base/sun.nio.fs.UnixException.translateToIOException(UnixException.java:92)
  	at java.base/sun.nio.fs.UnixException.rethrowAsIOException(UnixException.java:111)
  	at java.base/sun.nio.fs.UnixException.rethrowAsIOException(UnixException.java:116)
  	at java.base/sun.nio.fs.UnixFileSystemProvider.newByteChannel(UnixFileSystemProvider.java:219)
  	at java.base/java.nio.file.Files.newByteChannel(Files.java:371)
  	at java.base/java.nio.file.Files.newByteChannel(Files.java:422)
  	at java.base/java.nio.file.spi.FileSystemProvider.newInputStream(FileSystemProvider.java:420)
  	at java.base/java.nio.file.Files.newInputStream(Files.java:156)
  	at htsjdk.samtools.util.IOUtil.openFileForReading(IOUtil.java:698)
  	... 10 more

Work dir:
  /globalscratch/users/h/d/hdmarmol/work/a8/ef186fd79a623f60e38ec493f48e66

Tip: you can replicate the issue by changing to the process work dir and entering the command `bash .command.run`



executor >  slurm (6)
[32/ac38cf] process > multi2single (1) [100%] 2 of 2, cached: 2 ✔
[-        ] process > fastq (2)        -
[-        ] process > minimap2         -
[-        ] process > minimap2Merge    -
[a7/ac0aee] process > tombo1 (1)       [100%] 1 of 1, cached: 1 ✔
[-        ] process > tombo2 (1)       -
[-        ] process > tombo3 (1)       -
[a8/ef186f] process > nanom6a (1)      [100%] 1 of 1, failed: 1 ✘
[-        ] process > differr          -
[-        ] process > eligos           -
[-        ] process > mines            -
[-        ] process > dena             -
[-        ] process > epinanoSVM       -
[-        ] process > epinanoError     -
[1a/5f8ae3] process > nanodoc (1)      [100%] 1 of 1 ✔
[-        ] process > drummer          -
[-        ] process > nanopolish1      -
[-        ] process > xpore1           -
[-        ] process > xpore2           -
[-        ] process > nanocompore1     -
[-        ] process > nanocompore2     -
[-        ] process > m6anet1          -
[-        ] process > m6anet2          -
[-        ] process > yanocomp1        -
[-        ] process > yanocomp2        -
[-        ] process > postprocessing   -
Error executing process > 'nanom6a (1)'

Caused by:
  Process `nanom6a (1)` terminated with an error exit status (1)

Command executed:

  java -jar /picard/build/libs/picard.jar CreateSequenceDictionary -R genome.fa -O genome.dict
  		java -jar /picard/build/libs/picard.jar CreateSequenceDictionary -R transcriptome.fa -O transcriptome.dict
  
  		mkdir -p /globalscratch/ulb/mlg/hdmarmol/nanolympics/results2/WT/nanom6a/
  
  		find /globalscratch/ulb/mlg/hdmarmol/nanolympics/results2/WT/ -name "*.fast5" > /globalscratch/ulb/mlg/hdmarmol/nanolympics/results2/WT/nanom6a/files.txt
  		/nanom6A_2021_10_22/bin/extract_raw_and_feature_fast --cpu=6 --fl=/globalscratch/ulb/mlg/hdmarmol/nanolympics/results2/WT/nanom6a/files.txt -o /globalscratch/ulb/mlg/hdmarmol/nanolympics/results2/WT/nanom6a/result --clip=10 --basecall_group RawGenomeCorrected_000 --basecall_subgroup BaseCalled_template
  
  		for prob in 0.5 0.6 0.7 0.8 0.9 0.99;do /nanom6A_2021_10_22/bin/predict_sites --cpu 6 -i /globalscratch/ulb/mlg/hdmarmol/nanolympics/results2/WT/nanom6a/result -o /globalscratch/ulb/mlg/hdmarmol/nanolympics/results2/WT/nanom6a/result_final -r transcriptome.fa -g genome.fa -b /home/ulb/mlg/hdmarmol/dataInputs/dummy_genes2transcripts.txt --model /nanom6A_2021_10_22/bin/model/ --proba $prob; done
  
  #		mkdir -p /globalscratch/ulb/mlg/hdmarmol/nanolympics/results2/KO/nanom6a/
  
  #		find /globalscratch/ulb/mlg/hdmarmol/nanolympics/results2/KO/ -name "*.fast5" > /globalscratch/ulb/mlg/hdmarmol/nanolympics/results2/KO/nanom6a/files.txt
  #		/nanom6A_2021_10_22/bin/extract_raw_and_feature_fast --cpu=6 --fl=/globalscratch/ulb/mlg/hdmarmol/nanolympics/results2/KO/nanom6a/files.txt -o /globalscratch/ulb/mlg/hdmarmol/nanolympics/results2/KO/nanom6a/result --clip=10 --basecall_group RawGenomeCorrected_000 --basecall_subgroup BaseCalled_template
  
  #		for prob in 0.5 0.6 0.7 0.8 0.9 0.99;do /nanom6A_2021_10_22/bin/predict_sites --cpu 6 -i /globalscratch/ulb/mlg/hdmarmol/nanolympics/results2/KO/nanom6a/result -o /globalscratch/ulb/mlg/hdmarmol/nanolympics/results2/KO/nanom6a/result_final -r transcriptome.fa -g genome.fa -b /home/ulb/mlg/hdmarmol/dataInputs/dummy_genes2transcripts.txt --model /nanom6A_2021_10_22/bin/model/ --proba $prob; done

Command exit status:
  1

Command output:
  (empty)

Command error:
  INFO:    Environment variable SINGULARITYENV_TMPDIR is set, but APPTAINERENV_TMPDIR is preferred
  14:09:10.292 INFO  NativeLibraryLoader - Loading libgkl_compression.so from jar:file:/picard/build/libs/picard.jar!/com/intel/gkl/native/libgkl_compression.so
  [Mon Jan 27 14:09:10 UTC 2025] CreateSequenceDictionary --OUTPUT genome.dict --REFERENCE genome.fa --TRUNCATE_NAMES_AT_WHITESPACE true --NUM_SEQUENCES 2147483647 --VERBOSITY INFO --QUIET false --VALIDATION_STRINGENCY STRICT --COMPRESSION_LEVEL 5 --MAX_RECORDS_IN_RAM 500000 --CREATE_INDEX false --CREATE_MD5_FILE false --GA4GH_CLIENT_SECRETS client_secrets.json --help false --version false --showHidden false --USE_JDK_DEFLATER false --USE_JDK_INFLATER false
  [Mon Jan 27 14:09:10 UTC 2025] Executing as hdmarmol@lm4-w023 on Linux 4.18.0-513.11.1.el8_9.x86_64 amd64; OpenJDK 64-Bit Server VM 11.0.13+7-b1751.21; Deflater: Intel; Inflater: Intel; Provider GCS is not available; Picard version: Version:2.26.10-4-ga03ed41-SNAPSHOT
  [Mon Jan 27 14:09:10 UTC 2025] picard.sam.CreateSequenceDictionary done. Elapsed time: 0.00 minutes.
  Runtime.totalMemory()=2013265920
  To get help, see http://broadinstitute.github.io/picard/index.html#GettingHelp
  Exception in thread "main" htsjdk.samtools.SAMException: Error opening file: genome.fa
  	at htsjdk.samtools.util.IOUtil.openFileForReading(IOUtil.java:702)
  	at htsjdk.samtools.reference.FastaSequenceFile.<init>(FastaSequenceFile.java:64)
  	at htsjdk.samtools.reference.ReferenceSequenceFileFactory.getReferenceSequenceFile(ReferenceSequenceFileFactory.java:144)
  	at htsjdk.samtools.reference.ReferenceSequenceFileFactory.getReferenceSequenceFile(ReferenceSequenceFileFactory.java:100)
  	at htsjdk.samtools.reference.ReferenceSequenceFileFactory.getReferenceSequenceFile(ReferenceSequenceFileFactory.java:88)
  	at picard.util.SequenceDictionaryUtils$SamSequenceRecordsIterator.<init>(SequenceDictionaryUtils.java:82)
  	at picard.sam.CreateSequenceDictionary.lambda$getSamSequenceRecordsIterable$0(CreateSequenceDictionary.java:169)
  	at picard.sam.CreateSequenceDictionary.doWork(CreateSequenceDictionary.java:234)
  	at picard.cmdline.CommandLineProgram.instanceMain(CommandLineProgram.java:308)
  	at picard.cmdline.PicardCommandLine.instanceMain(PicardCommandLine.java:103)
  	at picard.cmdline.PicardCommandLine.main(PicardCommandLine.java:113)
  Caused by: java.nio.file.NoSuchFileException: genome.fa
  	at java.base/sun.nio.fs.UnixException.translateToIOException(UnixException.java:92)
  	at java.base/sun.nio.fs.UnixException.rethrowAsIOException(UnixException.java:111)
  	at java.base/sun.nio.fs.UnixException.rethrowAsIOException(UnixException.java:116)
  	at java.base/sun.nio.fs.UnixFileSystemProvider.newByteChannel(UnixFileSystemProvider.java:219)
  	at java.base/java.nio.file.Files.newByteChannel(Files.java:371)
  	at java.base/java.nio.file.Files.newByteChannel(Files.java:422)
  	at java.base/java.nio.file.spi.FileSystemProvider.newInputStream(FileSystemProvider.java:420)
  	at java.base/java.nio.file.Files.newInputStream(Files.java:156)
  	at htsjdk.samtools.util.IOUtil.openFileForReading(IOUtil.java:698)
  	... 10 more

Work dir:
  /globalscratch/users/h/d/hdmarmol/work/a8/ef186fd79a623f60e38ec493f48e66

Tip: you can replicate the issue by changing to the process work dir and entering the command `bash .command.run`



