The following modules were not unloaded:
  (Use "module --force purge" to unload all):

  1) releases/2023a   2) tis/2018.01
N E X T F L O W  ~  version 22.10.0
Launching `/home/ulb/mlg/hdmarmol/maestriNanolympicMod/myNanolympics/NanOlympicsMod/pipeline.nf` [spontaneous_leakey] DSL1 - revision: 75857156f9
WARN: The `into` operator should be used to connect two or more target channels -- consider replacing it with `.set { bed_nanocompore }`
SampleName: MAESTRI_WT, Condition: WT, DataPath: /globalscratch/ulb/mlg/hdmarmol/smalltest/inputData/HEK293T_BP_WT1_Chromosome1_basecalled/workspace/
Tuple: [MAESTRI_WT, WT, /globalscratch/ulb/mlg/hdmarmol/smalltest/inputData/HEK293T_BP_WT1_Chromosome1_basecalled/workspace/]
SampleName: MAESTRI_MD, Condition: KO, DataPath: /globalscratch/ulb/mlg/hdmarmol/smalltest/inputData/HEK293T_BP_METTL3Inhibitor1_Chromosome1_basecalled/workspace/
Tuple: [MAESTRI_MD, KO, /globalscratch/ulb/mlg/hdmarmol/smalltest/inputData/HEK293T_BP_METTL3Inhibitor1_Chromosome1_basecalled/workspace/]
[-        ] process > multi2single -

[-        ] process > multi2single  -
[-        ] process > fastq         -
[-        ] process > minimap2      -
[-        ] process > minimap2Merge -
[-        ] process > tombo1        -
[-        ] process > tombo2        -
[-        ] process > tombo3        -
[-        ] process > nanom6a       -
[-        ] process > differr       -
[-        ] process > eligos        -
[-        ] process > mines         -
[-        ] process > dena          -
[-        ] process > epinanoSVM    -
WARN: Operator `choice` is deprecated -- it will be removed in a future release
WARN: Operator `choice` is deprecated -- it will be removed in a future release
WARN: Output `set` must define at least two component -- Check process `tombo1`
WARN: Input `set` must define at least two component -- Check process `tombo2`
WARN: Output `set` must define at least two component -- Check process `tombo2`
WARN: Input `set` must define at least two component -- Check process `tombo3`
WARN: Input `set` must define at least two component -- Check process `nanom6a`
WARN: Operator `choice` is deprecated -- it will be removed in a future release
WARN: Operator `choice` is deprecated -- it will be removed in a future release
WARN: Input `set` must define at least two component -- Check process `mines`
WARN: Input `set` must define at least two component -- Check process `dena`

[a5/5f9ff8] process > multi2single (2) [100%] 2 of 2, cached: 2 ✔
[-        ] process > fastq            -
[-        ] process > minimap2         -
[-        ] process > minimap2Merge    -
[-        ] process > tombo1           -
[-        ] process > tombo2           -
[-        ] process > tombo3           -
[-        ] process > nanom6a          -
[-        ] process > differr          -
[-        ] process > eligos           -
[-        ] process > mines            -
[-        ] process > dena             -
[-        ] process > epinanoSVM       -
[-        ] process > epinanoError     -
[-        ] process > nanodoc          -
[-        ] process > drummer          -
[-        ] process > nanopolish1      -
[-        ] process > xpore1           -
[-        ] process > xpore2           -
[-        ] process > nanocompore1     -
[-        ] process > nanocompore2     -
WARN: Operator `choice` is deprecated -- it will be removed in a future release
WARN: Operator `choice` is deprecated -- it will be removed in a future release
WARN: Output `set` must define at least two component -- Check process `tombo1`
WARN: Input `set` must define at least two component -- Check process `tombo2`
WARN: Output `set` must define at least two component -- Check process `tombo2`
WARN: Input `set` must define at least two component -- Check process `tombo3`
WARN: Input `set` must define at least two component -- Check process `nanom6a`
WARN: Operator `choice` is deprecated -- it will be removed in a future release
WARN: Operator `choice` is deprecated -- it will be removed in a future release
WARN: Input `set` must define at least two component -- Check process `mines`
WARN: Input `set` must define at least two component -- Check process `dena`
WARN: Operator `choice` is deprecated -- it will be removed in a future release
WARN: Operator `choice` is deprecated -- it will be removed in a future release
WARN: Operator `choice` is deprecated -- it will be removed in a future release
WARN: Operator `choice` is deprecated -- it will be removed in a future release

[a5/5f9ff8] process > multi2single (2) [100%] 2 of 2, cached: 2 ✔
[46/29f54e] process > fastq (1)        [100%] 2 of 2, cached: 2 ✔
[-        ] process > minimap2         -
[-        ] process > minimap2Merge    -
[df/093340] process > tombo1 (1)       [100%] 1 of 1, cached: 1 ✔
[-        ] process > tombo2           -
[f7/68519c] process > tombo3 (1)       [100%] 1 of 1, cached: 1 ✔
[-        ] process > nanom6a          -
[-        ] process > differr          -
[-        ] process > eligos           -
[-        ] process > mines            -
[-        ] process > dena             -
[-        ] process > epinanoSVM       -
[-        ] process > epinanoError     -
[c7/571065] process > nanodoc (1)      [100%] 1 of 1, cached: 1 ✔
[-        ] process > drummer          -
[-        ] process > nanopolish1      -
[-        ] process > xpore1           -
[-        ] process > xpore2           -
[-        ] process > nanocompore1     -
[-        ] process > nanocompore2     -
[-        ] process > m6anet1          -
[-        ] process > m6anet2          -
[-        ] process > yanocomp1        -
[-        ] process > yanocomp2        -
[-        ] process > postprocessing   -
WARN: Operator `choice` is deprecated -- it will be removed in a future release
WARN: Operator `choice` is deprecated -- it will be removed in a future release
WARN: Output `set` must define at least two component -- Check process `tombo1`
WARN: Input `set` must define at least two component -- Check process `tombo2`
WARN: Output `set` must define at least two component -- Check process `tombo2`
WARN: Input `set` must define at least two component -- Check process `tombo3`
WARN: Input `set` must define at least two component -- Check process `nanom6a`
WARN: Operator `choice` is deprecated -- it will be removed in a future release
WARN: Operator `choice` is deprecated -- it will be removed in a future release
WARN: Input `set` must define at least two component -- Check process `mines`
WARN: Input `set` must define at least two component -- Check process `dena`
WARN: Operator `choice` is deprecated -- it will be removed in a future release
WARN: Operator `choice` is deprecated -- it will be removed in a future release
WARN: Operator `choice` is deprecated -- it will be removed in a future release
WARN: Operator `choice` is deprecated -- it will be removed in a future release
WARN: Operator `choice` is deprecated -- it will be removed in a future release
WARN: Operator `choice` is deprecated -- it will be removed in a future release

[a5/5f9ff8] process > multi2single (2) [100%] 2 of 2, cached: 2 ✔
[46/29f54e] process > fastq (1)        [100%] 2 of 2, cached: 2 ✔
[02/820391] process > minimap2 (2)     [100%] 2 of 2, cached: 2 ✔
[-        ] process > minimap2Merge    -
[df/093340] process > tombo1 (1)       [100%] 1 of 1, cached: 1 ✔
[3a/7869db] process > tombo2 (1)       [100%] 1 of 1, cached: 1 ✔
[f7/68519c] process > tombo3 (1)       [100%] 1 of 1, cached: 1 ✔
[-        ] process > nanom6a          [  0%] 0 of 1
[-        ] process > differr          -
[-        ] process > eligos           -
[-        ] process > mines            -
[-        ] process > dena             -
[-        ] process > epinanoSVM       -
[-        ] process > epinanoError     -
[c7/571065] process > nanodoc (1)      [100%] 1 of 1, cached: 1 ✔
[-        ] process > drummer          -
[-        ] process > nanopolish1      -
[-        ] process > xpore1           -
[-        ] process > xpore2           -
[-        ] process > nanocompore1     -
[-        ] process > nanocompore2     -
[-        ] process > m6anet1          -
[-        ] process > m6anet2          -
[-        ] process > yanocomp1        -
[-        ] process > yanocomp2        -
[-        ] process > postprocessing   -
WARN: Operator `choice` is deprecated -- it will be removed in a future release
WARN: Operator `choice` is deprecated -- it will be removed in a future release
WARN: Output `set` must define at least two component -- Check process `tombo1`
WARN: Input `set` must define at least two component -- Check process `tombo2`
WARN: Output `set` must define at least two component -- Check process `tombo2`
WARN: Input `set` must define at least two component -- Check process `tombo3`
WARN: Input `set` must define at least two component -- Check process `nanom6a`
WARN: Operator `choice` is deprecated -- it will be removed in a future release
WARN: Operator `choice` is deprecated -- it will be removed in a future release
WARN: Input `set` must define at least two component -- Check process `mines`
WARN: Input `set` must define at least two component -- Check process `dena`
WARN: Operator `choice` is deprecated -- it will be removed in a future release
WARN: Operator `choice` is deprecated -- it will be removed in a future release
WARN: Operator `choice` is deprecated -- it will be removed in a future release
WARN: Operator `choice` is deprecated -- it will be removed in a future release
WARN: Operator `choice` is deprecated -- it will be removed in a future release
WARN: Operator `choice` is deprecated -- it will be removed in a future release

executor >  slurm (1)
[a5/5f9ff8] process > multi2single (2) [100%] 2 of 2, cached: 2 ✔
[46/29f54e] process > fastq (1)        [100%] 2 of 2, cached: 2 ✔
[02/820391] process > minimap2 (2)     [100%] 2 of 2, cached: 2 ✔
[-        ] process > minimap2Merge    -
[df/093340] process > tombo1 (1)       [100%] 1 of 1, cached: 1 ✔
[3a/7869db] process > tombo2 (1)       [100%] 1 of 1, cached: 1 ✔
[f7/68519c] process > tombo3 (1)       [100%] 1 of 1, cached: 1 ✔
[e4/75cff2] process > nanom6a (1)      [  0%] 0 of 1
[-        ] process > differr          -
[5e/2a8133] process > eligos (1)       [100%] 1 of 1, cached: 1 ✔
[-        ] process > mines            [  0%] 0 of 1
[-        ] process > dena             -
[-        ] process > epinanoSVM       -
[-        ] process > epinanoError     -
[c7/571065] process > nanodoc (1)      [100%] 1 of 1, cached: 1 ✔
[7d/9e58c2] process > drummer (1)      [100%] 1 of 1, cached: 1 ✔
[26/8451e7] process > nanopolish1 (1)  [100%] 1 of 1, cached: 1
[-        ] process > xpore1           -
[-        ] process > xpore2           -
[-        ] process > nanocompore1     -
[-        ] process > nanocompore2     -
[-        ] process > m6anet1          -
[-        ] process > m6anet2          -
[-        ] process > yanocomp1        -
[-        ] process > yanocomp2        -
[-        ] process > postprocessing   -
WARN: Operator `choice` is deprecated -- it will be removed in a future release
WARN: Operator `choice` is deprecated -- it will be removed in a future release
WARN: Output `set` must define at least two component -- Check process `tombo1`
WARN: Input `set` must define at least two component -- Check process `tombo2`
WARN: Output `set` must define at least two component -- Check process `tombo2`
WARN: Input `set` must define at least two component -- Check process `tombo3`
WARN: Input `set` must define at least two component -- Check process `nanom6a`
WARN: Operator `choice` is deprecated -- it will be removed in a future release
WARN: Operator `choice` is deprecated -- it will be removed in a future release
WARN: Input `set` must define at least two component -- Check process `mines`
WARN: Input `set` must define at least two component -- Check process `dena`
WARN: Operator `choice` is deprecated -- it will be removed in a future release
WARN: Operator `choice` is deprecated -- it will be removed in a future release
WARN: Operator `choice` is deprecated -- it will be removed in a future release
WARN: Operator `choice` is deprecated -- it will be removed in a future release
WARN: Operator `choice` is deprecated -- it will be removed in a future release
WARN: Operator `choice` is deprecated -- it will be removed in a future release

executor >  slurm (5)
[a5/5f9ff8] process > multi2single (2)  [100%] 2 of 2, cached: 2 ✔
[46/29f54e] process > fastq (1)         [100%] 2 of 2, cached: 2 ✔
[02/820391] process > minimap2 (2)      [100%] 2 of 2, cached: 2 ✔
[63/8ea634] process > minimap2Merge (1) [100%] 1 of 1, cached: 1 ✔
[df/093340] process > tombo1 (1)        [100%] 1 of 1, cached: 1 ✔
[3a/7869db] process > tombo2 (1)        [100%] 1 of 1, cached: 1 ✔
[f7/68519c] process > tombo3 (1)        [100%] 1 of 1, cached: 1 ✔
[e4/75cff2] process > nanom6a (1)       [  0%] 0 of 1
[e9/51fa1a] process > differr (1)       [100%] 1 of 1, cached: 1 ✔
[5e/2a8133] process > eligos (1)        [100%] 1 of 1, cached: 1 ✔
[76/5f1f42] process > mines (1)         [  0%] 0 of 1
[-        ] process > dena              [  0%] 0 of 1
[-        ] process > epinanoSVM        -
[-        ] process > epinanoError      -
[c7/571065] process > nanodoc (1)       [100%] 1 of 1, cached: 1 ✔
[7d/9e58c2] process > drummer (1)       [100%] 1 of 1, cached: 1 ✔
[6d/1bec31] process > nanopolish1 (2)   [100%] 2 of 2, cached: 2 ✔
[b9/9c49b6] process > xpore1 (2)        [  0%] 0 of 2
[-        ] process > xpore2            -
[ae/e2f0d2] process > nanocompore1 (2)  [100%] 2 of 2, cached: 2 ✔
[ba/82c682] process > nanocompore2 (1)  [100%] 1 of 1, cached: 1 ✔
[-        ] process > m6anet1           -
[-        ] process > m6anet2           -
[39/7474c2] process > yanocomp1 (1)     [  0%] 0 of 2
[-        ] process > yanocomp2         -
[-        ] process > postprocessing    -
Pulling Singularity image docker://bproject/m6anet:v1 [cache /globalscratch/ulb/mlg/hdmarmol/caches/bproject-m6anet-v1.img]
WARN: Operator `choice` is deprecated -- it will be removed in a future release
WARN: Operator `choice` is deprecated -- it will be removed in a future release
WARN: Output `set` must define at least two component -- Check process `tombo1`
WARN: Input `set` must define at least two component -- Check process `tombo2`
WARN: Output `set` must define at least two component -- Check process `tombo2`
WARN: Input `set` must define at least two component -- Check process `tombo3`
WARN: Input `set` must define at least two component -- Check process `nanom6a`
WARN: Operator `choice` is deprecated -- it will be removed in a future release
WARN: Operator `choice` is deprecated -- it will be removed in a future release
WARN: Input `set` must define at least two component -- Check process `mines`
WARN: Input `set` must define at least two component -- Check process `dena`
WARN: Operator `choice` is deprecated -- it will be removed in a future release
WARN: Operator `choice` is deprecated -- it will be removed in a future release
WARN: Operator `choice` is deprecated -- it will be removed in a future release
WARN: Operator `choice` is deprecated -- it will be removed in a future release
WARN: Operator `choice` is deprecated -- it will be removed in a future release
WARN: Operator `choice` is deprecated -- it will be removed in a future release

executor >  slurm (7)
[a5/5f9ff8] process > multi2single (2)  [100%] 2 of 2, cached: 2 ✔
[46/29f54e] process > fastq (1)         [100%] 2 of 2, cached: 2 ✔
[02/820391] process > minimap2 (2)      [100%] 2 of 2, cached: 2 ✔
[63/8ea634] process > minimap2Merge (1) [100%] 1 of 1, cached: 1 ✔
[df/093340] process > tombo1 (1)        [100%] 1 of 1, cached: 1 ✔
[3a/7869db] process > tombo2 (1)        [100%] 1 of 1, cached: 1 ✔
[f7/68519c] process > tombo3 (1)        [100%] 1 of 1, cached: 1 ✔
[e4/75cff2] process > nanom6a (1)       [  0%] 0 of 1
[e9/51fa1a] process > differr (1)       [100%] 1 of 1, cached: 1 ✔
[5e/2a8133] process > eligos (1)        [100%] 1 of 1, cached: 1 ✔
[76/5f1f42] process > mines (1)         [  0%] 0 of 1
[37/66e3b0] process > dena (1)          [  0%] 0 of 1
[-        ] process > epinanoSVM        -
[-        ] process > epinanoError      -
[c7/571065] process > nanodoc (1)       [100%] 1 of 1, cached: 1 ✔
[7d/9e58c2] process > drummer (1)       [100%] 1 of 1, cached: 1 ✔
[6d/1bec31] process > nanopolish1 (2)   [100%] 2 of 2, cached: 2 ✔
[b9/9c49b6] process > xpore1 (2)        [  0%] 0 of 2
[-        ] process > xpore2            -
[ae/e2f0d2] process > nanocompore1 (2)  [100%] 2 of 2, cached: 2 ✔
[ba/82c682] process > nanocompore2 (1)  [100%] 1 of 1, cached: 1 ✔
[-        ] process > m6anet1           -
[-        ] process > m6anet2           -
[82/2bb934] process > yanocomp1 (2)     [  0%] 0 of 2
[-        ] process > yanocomp2         -
[-        ] process > postprocessing    -
Pulling Singularity image docker://bproject/m6anet:v1 [cache /globalscratch/ulb/mlg/hdmarmol/caches/bproject-m6anet-v1.img]
WARN: Operator `choice` is deprecated -- it will be removed in a future release
WARN: Operator `choice` is deprecated -- it will be removed in a future release
WARN: Output `set` must define at least two component -- Check process `tombo1`
WARN: Input `set` must define at least two component -- Check process `tombo2`
WARN: Output `set` must define at least two component -- Check process `tombo2`
WARN: Input `set` must define at least two component -- Check process `tombo3`
WARN: Input `set` must define at least two component -- Check process `nanom6a`
WARN: Operator `choice` is deprecated -- it will be removed in a future release
WARN: Operator `choice` is deprecated -- it will be removed in a future release
WARN: Input `set` must define at least two component -- Check process `mines`
WARN: Input `set` must define at least two component -- Check process `dena`
WARN: Operator `choice` is deprecated -- it will be removed in a future release
WARN: Operator `choice` is deprecated -- it will be removed in a future release
WARN: Operator `choice` is deprecated -- it will be removed in a future release
WARN: Operator `choice` is deprecated -- it will be removed in a future release
WARN: Operator `choice` is deprecated -- it will be removed in a future release
WARN: Operator `choice` is deprecated -- it will be removed in a future release

WARN: Killing running tasks (6)
executor >  slurm (7)
[a5/5f9ff8] process > multi2single (2)  [100%] 2 of 2, cached: 2 ✔
[46/29f54e] process > fastq (1)         [100%] 2 of 2, cached: 2 ✔
[02/820391] process > minimap2 (2)      [100%] 2 of 2, cached: 2 ✔
[63/8ea634] process > minimap2Merge (1) [100%] 1 of 1, cached: 1 ✔
[df/093340] process > tombo1 (1)        [100%] 1 of 1, cached: 1 ✔
[3a/7869db] process > tombo2 (1)        [100%] 1 of 1, cached: 1 ✔
[f7/68519c] process > tombo3 (1)        [100%] 1 of 1, cached: 1 ✔
[e4/75cff2] process > nanom6a (1)       [  0%] 0 of 1
[e9/51fa1a] process > differr (1)       [100%] 1 of 1, cached: 1 ✔
[5e/2a8133] process > eligos (1)        [100%] 1 of 1, cached: 1 ✔
[76/5f1f42] process > mines (1)         [  0%] 0 of 1 ✔
[37/66e3b0] process > dena (1)          [  0%] 0 of 1
[-        ] process > epinanoSVM        -
[-        ] process > epinanoError      -
[c7/571065] process > nanodoc (1)       [100%] 1 of 1, cached: 1 ✔
[7d/9e58c2] process > drummer (1)       [100%] 1 of 1, cached: 1 ✔
[6d/1bec31] process > nanopolish1 (2)   [100%] 2 of 2, cached: 2 ✔
[b9/9c49b6] process > xpore1 (2)        [  0%] 0 of 2
[-        ] process > xpore2            -
[ae/e2f0d2] process > nanocompore1 (2)  [100%] 2 of 2, cached: 2 ✔
[ba/82c682] process > nanocompore2 (1)  [100%] 1 of 1, cached: 1 ✔
[-        ] process > m6anet1           -
[-        ] process > m6anet2           -
[82/2bb934] process > yanocomp1 (2)     [  0%] 0 of 2
[-        ] process > yanocomp2         -
[-        ] process > postprocessing    -
Pulling Singularity image docker://bproject/m6anet:v1 [cache /globalscratch/ulb/mlg/hdmarmol/caches/bproject-m6anet-v1.img]
WARN: Operator `choice` is deprecated -- it will be removed in a future release
WARN: Operator `choice` is deprecated -- it will be removed in a future release
WARN: Output `set` must define at least two component -- Check process `tombo1`
WARN: Input `set` must define at least two component -- Check process `tombo2`
WARN: Output `set` must define at least two component -- Check process `tombo2`
WARN: Input `set` must define at least two component -- Check process `tombo3`
WARN: Input `set` must define at least two component -- Check process `nanom6a`
WARN: Operator `choice` is deprecated -- it will be removed in a future release
WARN: Operator `choice` is deprecated -- it will be removed in a future release
WARN: Input `set` must define at least two component -- Check process `mines`
WARN: Input `set` must define at least two component -- Check process `dena`
WARN: Operator `choice` is deprecated -- it will be removed in a future release
WARN: Operator `choice` is deprecated -- it will be removed in a future release
WARN: Operator `choice` is deprecated -- it will be removed in a future release
WARN: Operator `choice` is deprecated -- it will be removed in a future release
WARN: Operator `choice` is deprecated -- it will be removed in a future release
WARN: Operator `choice` is deprecated -- it will be removed in a future release
Error executing process > 'mines (1)'

Caused by:
  Process `mines (1)` terminated with an error exit status (1)

Command executed:

  mkdir -p /globalscratch/ulb/mlg/hdmarmol/smalltest/results/WT/mines/
  #		mkdir -p /globalscratch/ulb/mlg/hdmarmol/smalltest/results/KO/mines/
  
  #		wig2bed < /globalscratch/ulb/mlg/hdmarmol/smalltest/results/WT/tomboDenovo/output_filename.fraction_modified_reads.plus.wig > /globalscratch/ulb/mlg/hdmarmol/smalltest/results/WT/mines/output_filename.fraction_modified_reads.plus.wig.bed
  		wig2bed < /globalscratch/ulb/mlg/hdmarmol/smalltest/results/tomboDenovo/sample.level_samp_comp_detect.statistic.plus > /globalscratch/ulb/mlg/hdmarmol/smalltest/results/WT/mines/output_filename.fraction_modified_reads.plus.wig.bed
  
  
  #		wig2bed < /globalscratch/ulb/mlg/hdmarmol/smalltest/results/KO/tomboDenovo/output_filename.fraction_modified_reads.plus.wig > /globalscratch/ulb/mlg/hdmarmol/smalltest/results/KO/mines/output_filename.fraction_modified_reads.plus.wig.bed
  
  		python3 /MINES/cDNA_MINES.py --fraction_modified /globalscratch/ulb/mlg/hdmarmol/smalltest/results/WT/mines/output_filename.fraction_modified_reads.plus.wig.bed --coverage /globalscratch/ulb/mlg/hdmarmol/smalltest/results/WT/tomboDenovo/output_filename.coverage.plus.bedgraph --output /globalscratch/ulb/mlg/hdmarmol/smalltest/results/WT/mines/m6A_output_filename.bed --ref transcriptome.fa --kmer_models /MINES/Final_Models/names.txt
  		
  #		python3 /MINES/cDNA_MINES.py --fraction_modified /globalscratch/ulb/mlg/hdmarmol/smalltest/results/KO/mines/output_filename.fraction_modified_reads.plus.wig.bed --coverage /globalscratch/ulb/mlg/hdmarmol/smalltest/results/KO/tomboDenovo/output_filename.coverage.plus.bedgraph --output /globalscratch/ulb/mlg/hdmarmol/smalltest/results/KO/mines/m6A_output_filename.bed --ref transcriptome.fa --kmer_models /MINES/Final_Models/names.txt

Command exit status:
  1

Command output:
  (empty)

Command error:
  INFO:    Environment variable SINGULARITYENV_TMPDIR is set, but APPTAINERENV_TMPDIR is preferred
  .command.sh: line 6: /globalscratch/ulb/mlg/hdmarmol/smalltest/results/tomboDenovo/sample.level_samp_comp_detect.statistic.plus: No such file or directory

Work dir:
  /globalscratch/users/h/d/hdmarmol/smalltest/work/76/5f1f427d1e6d08b4d448752f293fa1

Tip: you can try to figure out what's wrong by changing to the process work dir and showing the script file named `.command.sh`



executor >  slurm (7)
[a5/5f9ff8] process > multi2single (2)  [100%] 2 of 2, cached: 2 ✔
[46/29f54e] process > fastq (1)         [100%] 2 of 2, cached: 2 ✔
[02/820391] process > minimap2 (2)      [100%] 2 of 2, cached: 2 ✔
[63/8ea634] process > minimap2Merge (1) [100%] 1 of 1, cached: 1 ✔
[df/093340] process > tombo1 (1)        [100%] 1 of 1, cached: 1 ✔
[3a/7869db] process > tombo2 (1)        [100%] 1 of 1, cached: 1 ✔
[f7/68519c] process > tombo3 (1)        [100%] 1 of 1, cached: 1 ✔
[-        ] process > nanom6a (1)       -
[e9/51fa1a] process > differr (1)       [100%] 1 of 1, cached: 1 ✔
[5e/2a8133] process > eligos (1)        [100%] 1 of 1, cached: 1 ✔
[76/5f1f42] process > mines (1)         [100%] 1 of 1, failed: 1 ✘
[-        ] process > dena (1)          -
[-        ] process > epinanoSVM        -
[-        ] process > epinanoError      -
[c7/571065] process > nanodoc (1)       [100%] 1 of 1, cached: 1 ✔
[7d/9e58c2] process > drummer (1)       [100%] 1 of 1, cached: 1 ✔
[6d/1bec31] process > nanopolish1 (2)   [100%] 2 of 2, cached: 2 ✔
[-        ] process > xpore1 (2)        -
[-        ] process > xpore2            -
[ae/e2f0d2] process > nanocompore1 (2)  [100%] 2 of 2, cached: 2 ✔
[ba/82c682] process > nanocompore2 (1)  [100%] 1 of 1, cached: 1 ✔
[-        ] process > m6anet1           -
[-        ] process > m6anet2           -
[-        ] process > yanocomp1 (2)     -
[-        ] process > yanocomp2         -
[-        ] process > postprocessing    -
Pulling Singularity image docker://bproject/m6anet:v1 [cache /globalscratch/ulb/mlg/hdmarmol/caches/bproject-m6anet-v1.img]
WARN: Operator `choice` is deprecated -- it will be removed in a future release
WARN: Operator `choice` is deprecated -- it will be removed in a future release
WARN: Output `set` must define at least two component -- Check process `tombo1`
WARN: Input `set` must define at least two component -- Check process `tombo2`
WARN: Output `set` must define at least two component -- Check process `tombo2`
WARN: Input `set` must define at least two component -- Check process `tombo3`
WARN: Input `set` must define at least two component -- Check process `nanom6a`
WARN: Operator `choice` is deprecated -- it will be removed in a future release
WARN: Operator `choice` is deprecated -- it will be removed in a future release
WARN: Input `set` must define at least two component -- Check process `mines`
WARN: Input `set` must define at least two component -- Check process `dena`
WARN: Operator `choice` is deprecated -- it will be removed in a future release
WARN: Operator `choice` is deprecated -- it will be removed in a future release
WARN: Operator `choice` is deprecated -- it will be removed in a future release
WARN: Operator `choice` is deprecated -- it will be removed in a future release
WARN: Operator `choice` is deprecated -- it will be removed in a future release
WARN: Operator `choice` is deprecated -- it will be removed in a future release
Error executing process > 'mines (1)'

Caused by:
  Process `mines (1)` terminated with an error exit status (1)

Command executed:

  mkdir -p /globalscratch/ulb/mlg/hdmarmol/smalltest/results/WT/mines/
  #		mkdir -p /globalscratch/ulb/mlg/hdmarmol/smalltest/results/KO/mines/
  
  #		wig2bed < /globalscratch/ulb/mlg/hdmarmol/smalltest/results/WT/tomboDenovo/output_filename.fraction_modified_reads.plus.wig > /globalscratch/ulb/mlg/hdmarmol/smalltest/results/WT/mines/output_filename.fraction_modified_reads.plus.wig.bed
  		wig2bed < /globalscratch/ulb/mlg/hdmarmol/smalltest/results/tomboDenovo/sample.level_samp_comp_detect.statistic.plus > /globalscratch/ulb/mlg/hdmarmol/smalltest/results/WT/mines/output_filename.fraction_modified_reads.plus.wig.bed
  
  
  #		wig2bed < /globalscratch/ulb/mlg/hdmarmol/smalltest/results/KO/tomboDenovo/output_filename.fraction_modified_reads.plus.wig > /globalscratch/ulb/mlg/hdmarmol/smalltest/results/KO/mines/output_filename.fraction_modified_reads.plus.wig.bed
  
  		python3 /MINES/cDNA_MINES.py --fraction_modified /globalscratch/ulb/mlg/hdmarmol/smalltest/results/WT/mines/output_filename.fraction_modified_reads.plus.wig.bed --coverage /globalscratch/ulb/mlg/hdmarmol/smalltest/results/WT/tomboDenovo/output_filename.coverage.plus.bedgraph --output /globalscratch/ulb/mlg/hdmarmol/smalltest/results/WT/mines/m6A_output_filename.bed --ref transcriptome.fa --kmer_models /MINES/Final_Models/names.txt
  		
  #		python3 /MINES/cDNA_MINES.py --fraction_modified /globalscratch/ulb/mlg/hdmarmol/smalltest/results/KO/mines/output_filename.fraction_modified_reads.plus.wig.bed --coverage /globalscratch/ulb/mlg/hdmarmol/smalltest/results/KO/tomboDenovo/output_filename.coverage.plus.bedgraph --output /globalscratch/ulb/mlg/hdmarmol/smalltest/results/KO/mines/m6A_output_filename.bed --ref transcriptome.fa --kmer_models /MINES/Final_Models/names.txt

Command exit status:
  1

Command output:
  (empty)

Command error:
  INFO:    Environment variable SINGULARITYENV_TMPDIR is set, but APPTAINERENV_TMPDIR is preferred
  .command.sh: line 6: /globalscratch/ulb/mlg/hdmarmol/smalltest/results/tomboDenovo/sample.level_samp_comp_detect.statistic.plus: No such file or directory

Work dir:
  /globalscratch/users/h/d/hdmarmol/smalltest/work/76/5f1f427d1e6d08b4d448752f293fa1

Tip: you can try to figure out what's wrong by changing to the process work dir and showing the script file named `.command.sh`



