The following modules were not unloaded:
  (Use "module --force purge" to unload all):

  1) releases/2023a   2) tis/2018.01
N E X T F L O W  ~  version 22.10.0
Launching `/home/ulb/mlg/hdmarmol/maestriNanolympicMod/myNanolympics/NanOlympicsMod/pipeline.nf` [disturbed_lovelace] DSL1 - revision: dbe57c499c
WARN: The `into` operator should be used to connect two or more target channels -- consider replacing it with `.set { bed_nanocompore }`
SampleName: MAESTRI_WT, Condition: WT, DataPath: /globalscratch/ulb/mlg/hdmarmol/sampledata/HEK293T_BP_WT1_Chromosome1_basecalled/workspace/
Tuple: [MAESTRI_WT, WT, /globalscratch/ulb/mlg/hdmarmol/sampledata/HEK293T_BP_WT1_Chromosome1_basecalled/workspace/]
SampleName: MAESTRI_MD, Condition: KO, DataPath: /globalscratch/ulb/mlg/hdmarmol/sampledata/HEK293T_BP_METTL3Inhibitor1_Chromosome1_basecalled/workspace/
Tuple: [MAESTRI_MD, KO, /globalscratch/ulb/mlg/hdmarmol/sampledata/HEK293T_BP_METTL3Inhibitor1_Chromosome1_basecalled/workspace/]
[-        ] process > multi2single -
[-        ] process > fastq        -

[-        ] process > multi2single  -
[-        ] process > fastq         -
[-        ] process > minimap2      -
[-        ] process > minimap2Merge -
[-        ] process > tombo1        -
[-        ] process > tombo2        -
[-        ] process > tombo3        -
WARN: Operator `choice` is deprecated -- it will be removed in a future release
WARN: Operator `choice` is deprecated -- it will be removed in a future release
WARN: Output `set` must define at least two component -- Check process `tombo1`
WARN: Input `set` must define at least two component -- Check process `tombo2`
WARN: Output `set` must define at least two component -- Check process `tombo2`
WARN: Input `set` must define at least two component -- Check process `tombo3`
WARN: Input `set` must define at least two component -- Check process `nanom6a`

[f1/3bfba0] process > multi2single (2) [100%] 2 of 2, cached: 2 ✔
[f7/d734a6] process > fastq (1)        [100%] 1 of 1, cached: 1
[-        ] process > minimap2         -
[-        ] process > minimap2Merge    -
[-        ] process > tombo1           -
[-        ] process > tombo2           -
[-        ] process > tombo3           -
[-        ] process > nanom6a          -
[-        ] process > differr          -
[-        ] process > eligos           -
[-        ] process > mines            -
[-        ] process > dena             -
[-        ] process > epinanoSVM       -
[-        ] process > epinanoError     -
[-        ] process > nanodoc          -
[-        ] process > drummer          -
[-        ] process > nanopolish1      -
WARN: Operator `choice` is deprecated -- it will be removed in a future release
WARN: Operator `choice` is deprecated -- it will be removed in a future release
WARN: Output `set` must define at least two component -- Check process `tombo1`
WARN: Input `set` must define at least two component -- Check process `tombo2`
WARN: Output `set` must define at least two component -- Check process `tombo2`
WARN: Input `set` must define at least two component -- Check process `tombo3`
WARN: Input `set` must define at least two component -- Check process `nanom6a`
WARN: Operator `choice` is deprecated -- it will be removed in a future release
WARN: Operator `choice` is deprecated -- it will be removed in a future release
WARN: Input `set` must define at least two component -- Check process `mines`
WARN: Input `set` must define at least two component -- Check process `dena`
WARN: Operator `choice` is deprecated -- it will be removed in a future release
WARN: Operator `choice` is deprecated -- it will be removed in a future release

[f1/3bfba0] process > multi2single (2) [100%] 2 of 2, cached: 2 ✔
[d6/406e63] process > fastq (2)        [100%] 2 of 2, cached: 2 ✔
[-        ] process > minimap2         -
[-        ] process > minimap2Merge    -
[06/61fbef] process > tombo1 (1)       [100%] 1 of 1, cached: 1 ✔
[-        ] process > tombo2           -
[-        ] process > tombo3           [  0%] 0 of 1
[-        ] process > nanom6a          -
[-        ] process > differr          -
[-        ] process > eligos           -
[-        ] process > mines            -
[-        ] process > dena             -
[-        ] process > epinanoSVM       -
[-        ] process > epinanoError     -
[e5/92d01c] process > nanodoc (1)      [100%] 1 of 1, cached: 1 ✔
[-        ] process > drummer          -
[-        ] process > nanopolish1      -
[-        ] process > xpore1           -
[-        ] process > xpore2           -
[-        ] process > nanocompore1     -
[-        ] process > nanocompore2     -
[-        ] process > m6anet1          -
[-        ] process > m6anet2          -
[-        ] process > yanocomp1        -
[-        ] process > yanocomp2        -
[-        ] process > postprocessing   -
WARN: Operator `choice` is deprecated -- it will be removed in a future release
WARN: Operator `choice` is deprecated -- it will be removed in a future release
WARN: Output `set` must define at least two component -- Check process `tombo1`
WARN: Input `set` must define at least two component -- Check process `tombo2`
WARN: Output `set` must define at least two component -- Check process `tombo2`
WARN: Input `set` must define at least two component -- Check process `tombo3`
WARN: Input `set` must define at least two component -- Check process `nanom6a`
WARN: Operator `choice` is deprecated -- it will be removed in a future release
WARN: Operator `choice` is deprecated -- it will be removed in a future release
WARN: Input `set` must define at least two component -- Check process `mines`
WARN: Input `set` must define at least two component -- Check process `dena`
WARN: Operator `choice` is deprecated -- it will be removed in a future release
WARN: Operator `choice` is deprecated -- it will be removed in a future release
WARN: Operator `choice` is deprecated -- it will be removed in a future release
WARN: Operator `choice` is deprecated -- it will be removed in a future release
WARN: Operator `choice` is deprecated -- it will be removed in a future release
WARN: Operator `choice` is deprecated -- it will be removed in a future release

executor >  slurm (1)
[f1/3bfba0] process > multi2single (2) [100%] 2 of 2, cached: 2 ✔
[d6/406e63] process > fastq (2)        [100%] 2 of 2, cached: 2 ✔
[e7/cd1f5e] process > minimap2 (2)     [100%] 2 of 2, cached: 2 ✔
[-        ] process > minimap2Merge    -
[06/61fbef] process > tombo1 (1)       [100%] 1 of 1, cached: 1 ✔
[-        ] process > tombo2           [  0%] 0 of 1
[e3/a04b1f] process > tombo3 (1)       [  0%] 0 of 1
[-        ] process > nanom6a          [  0%] 0 of 1
[-        ] process > differr          -
[-        ] process > eligos           -
[-        ] process > mines            -
[-        ] process > dena             -
[-        ] process > epinanoSVM       -
[-        ] process > epinanoError     -
[e5/92d01c] process > nanodoc (1)      [100%] 1 of 1, cached: 1 ✔
[-        ] process > drummer          -
[-        ] process > nanopolish1      -
[-        ] process > xpore1           -
[-        ] process > xpore2           -
[-        ] process > nanocompore1     -
[-        ] process > nanocompore2     -
[-        ] process > m6anet1          -
[-        ] process > m6anet2          -
[-        ] process > yanocomp1        -
[-        ] process > yanocomp2        -
[-        ] process > postprocessing   -
WARN: Operator `choice` is deprecated -- it will be removed in a future release
WARN: Operator `choice` is deprecated -- it will be removed in a future release
WARN: Output `set` must define at least two component -- Check process `tombo1`
WARN: Input `set` must define at least two component -- Check process `tombo2`
WARN: Output `set` must define at least two component -- Check process `tombo2`
WARN: Input `set` must define at least two component -- Check process `tombo3`
WARN: Input `set` must define at least two component -- Check process `nanom6a`
WARN: Operator `choice` is deprecated -- it will be removed in a future release
WARN: Operator `choice` is deprecated -- it will be removed in a future release
WARN: Input `set` must define at least two component -- Check process `mines`
WARN: Input `set` must define at least two component -- Check process `dena`
WARN: Operator `choice` is deprecated -- it will be removed in a future release
WARN: Operator `choice` is deprecated -- it will be removed in a future release
WARN: Operator `choice` is deprecated -- it will be removed in a future release
WARN: Operator `choice` is deprecated -- it will be removed in a future release
WARN: Operator `choice` is deprecated -- it will be removed in a future release
WARN: Operator `choice` is deprecated -- it will be removed in a future release

executor >  slurm (4)
[f1/3bfba0] process > multi2single (2)  [100%] 2 of 2, cached: 2 ✔
[d6/406e63] process > fastq (2)         [100%] 2 of 2, cached: 2 ✔
[e7/cd1f5e] process > minimap2 (2)      [100%] 2 of 2, cached: 2 ✔
[98/98231a] process > minimap2Merge (1) [100%] 1 of 1, cached: 1 ✔
[06/61fbef] process > tombo1 (1)        [100%] 1 of 1, cached: 1 ✔
[1d/ac379a] process > tombo2 (1)        [  0%] 0 of 1
[e3/a04b1f] process > tombo3 (1)        [  0%] 0 of 1
[ff/bc3fbb] process > nanom6a (1)       [  0%] 0 of 1
[-        ] process > differr           [  0%] 0 of 1
[b8/4e3a1b] process > eligos (1)        [100%] 1 of 1, cached: 1 ✔
[-        ] process > mines             -
[-        ] process > dena              -
[-        ] process > epinanoSVM        -
[-        ] process > epinanoError      -
[e5/92d01c] process > nanodoc (1)       [100%] 1 of 1, cached: 1 ✔
[ac/29d0e6] process > drummer (1)       [100%] 1 of 1, cached: 1 ✔
[25/11df95] process > nanopolish1 (1)   [  0%] 0 of 2
[-        ] process > xpore1            -
[-        ] process > xpore2            -
[-        ] process > nanocompore1      -
[-        ] process > nanocompore2      -
[-        ] process > m6anet1           -
[-        ] process > m6anet2           -
[-        ] process > yanocomp1         -
[-        ] process > yanocomp2         -
[-        ] process > postprocessing    -
WARN: Operator `choice` is deprecated -- it will be removed in a future release
WARN: Operator `choice` is deprecated -- it will be removed in a future release
WARN: Output `set` must define at least two component -- Check process `tombo1`
WARN: Input `set` must define at least two component -- Check process `tombo2`
WARN: Output `set` must define at least two component -- Check process `tombo2`
WARN: Input `set` must define at least two component -- Check process `tombo3`
WARN: Input `set` must define at least two component -- Check process `nanom6a`
WARN: Operator `choice` is deprecated -- it will be removed in a future release
WARN: Operator `choice` is deprecated -- it will be removed in a future release
WARN: Input `set` must define at least two component -- Check process `mines`
WARN: Input `set` must define at least two component -- Check process `dena`
WARN: Operator `choice` is deprecated -- it will be removed in a future release
WARN: Operator `choice` is deprecated -- it will be removed in a future release
WARN: Operator `choice` is deprecated -- it will be removed in a future release
WARN: Operator `choice` is deprecated -- it will be removed in a future release
WARN: Operator `choice` is deprecated -- it will be removed in a future release
WARN: Operator `choice` is deprecated -- it will be removed in a future release

executor >  slurm (6)
[f1/3bfba0] process > multi2single (2)  [100%] 2 of 2, cached: 2 ✔
[d6/406e63] process > fastq (2)         [100%] 2 of 2, cached: 2 ✔
[e7/cd1f5e] process > minimap2 (2)      [100%] 2 of 2, cached: 2 ✔
[98/98231a] process > minimap2Merge (1) [100%] 1 of 1, cached: 1 ✔
[06/61fbef] process > tombo1 (1)        [100%] 1 of 1, cached: 1 ✔
[1d/ac379a] process > tombo2 (1)        [  0%] 0 of 1
[e3/a04b1f] process > tombo3 (1)        [  0%] 0 of 1
[ff/bc3fbb] process > nanom6a (1)       [  0%] 0 of 1
[78/01110d] process > differr (1)       [  0%] 0 of 1
[b8/4e3a1b] process > eligos (1)        [100%] 1 of 1, cached: 1 ✔
[-        ] process > mines             -
[-        ] process > dena              -
[-        ] process > epinanoSVM        -
[-        ] process > epinanoError      -
[e5/92d01c] process > nanodoc (1)       [100%] 1 of 1, cached: 1 ✔
[ac/29d0e6] process > drummer (1)       [100%] 1 of 1, cached: 1 ✔
[c6/2ca1ee] process > nanopolish1 (2)   [  0%] 0 of 2
[-        ] process > xpore1            -
[-        ] process > xpore2            -
[-        ] process > nanocompore1      -
[-        ] process > nanocompore2      -
[-        ] process > m6anet1           -
[-        ] process > m6anet2           -
[-        ] process > yanocomp1         -
[-        ] process > yanocomp2         -
[-        ] process > postprocessing    -
Pulling Singularity image docker://bproject/dena:v1 [cache /globalscratch/ulb/mlg/hdmarmol/caches/bproject-dena-v1.img]
WARN: Operator `choice` is deprecated -- it will be removed in a future release
WARN: Operator `choice` is deprecated -- it will be removed in a future release
WARN: Output `set` must define at least two component -- Check process `tombo1`
WARN: Input `set` must define at least two component -- Check process `tombo2`
WARN: Output `set` must define at least two component -- Check process `tombo2`
WARN: Input `set` must define at least two component -- Check process `tombo3`
WARN: Input `set` must define at least two component -- Check process `nanom6a`
WARN: Operator `choice` is deprecated -- it will be removed in a future release
WARN: Operator `choice` is deprecated -- it will be removed in a future release
WARN: Input `set` must define at least two component -- Check process `mines`
WARN: Input `set` must define at least two component -- Check process `dena`
WARN: Operator `choice` is deprecated -- it will be removed in a future release
WARN: Operator `choice` is deprecated -- it will be removed in a future release
WARN: Operator `choice` is deprecated -- it will be removed in a future release
WARN: Operator `choice` is deprecated -- it will be removed in a future release
WARN: Operator `choice` is deprecated -- it will be removed in a future release
WARN: Operator `choice` is deprecated -- it will be removed in a future release

executor >  slurm (6)
[f1/3bfba0] process > multi2single (2)  [100%] 2 of 2, cached: 2 ✔
[d6/406e63] process > fastq (2)         [100%] 2 of 2, cached: 2 ✔
[e7/cd1f5e] process > minimap2 (2)      [100%] 2 of 2, cached: 2 ✔
[98/98231a] process > minimap2Merge (1) [100%] 1 of 1, cached: 1 ✔
[06/61fbef] process > tombo1 (1)        [100%] 1 of 1, cached: 1 ✔
[1d/ac379a] process > tombo2 (1)        [  0%] 0 of 1
[e3/a04b1f] process > tombo3 (1)        [  0%] 0 of 1
[ff/bc3fbb] process > nanom6a (1)       [  0%] 0 of 1
[78/01110d] process > differr (1)       [  0%] 0 of 1
[b8/4e3a1b] process > eligos (1)        [100%] 1 of 1, cached: 1 ✔
[-        ] process > mines             -
[-        ] process > dena              -
[-        ] process > epinanoSVM        -
[-        ] process > epinanoError      -
[e5/92d01c] process > nanodoc (1)       [100%] 1 of 1, cached: 1 ✔
[ac/29d0e6] process > drummer (1)       [100%] 1 of 1, cached: 1 ✔
[c6/2ca1ee] process > nanopolish1 (2)   [  0%] 0 of 2
[-        ] process > xpore1            -
[-        ] process > xpore2            -
[-        ] process > nanocompore1      -
[-        ] process > nanocompore2      -
[-        ] process > m6anet1           -
[-        ] process > m6anet2           -
[-        ] process > yanocomp1         -
[-        ] process > yanocomp2         -
[-        ] process > postprocessing    -
Pulling Singularity image docker://bproject/dena:v1 [cache /globalscratch/ulb/mlg/hdmarmol/caches/bproject-dena-v1.img]
WARN: Operator `choice` is deprecated -- it will be removed in a future release
WARN: Operator `choice` is deprecated -- it will be removed in a future release
WARN: Output `set` must define at least two component -- Check process `tombo1`
WARN: Input `set` must define at least two component -- Check process `tombo2`
WARN: Output `set` must define at least two component -- Check process `tombo2`
WARN: Input `set` must define at least two component -- Check process `tombo3`
WARN: Input `set` must define at least two component -- Check process `nanom6a`
WARN: Operator `choice` is deprecated -- it will be removed in a future release
WARN: Operator `choice` is deprecated -- it will be removed in a future release
WARN: Input `set` must define at least two component -- Check process `mines`
WARN: Input `set` must define at least two component -- Check process `dena`
WARN: Operator `choice` is deprecated -- it will be removed in a future release
WARN: Operator `choice` is deprecated -- it will be removed in a future release
WARN: Operator `choice` is deprecated -- it will be removed in a future release
WARN: Operator `choice` is deprecated -- it will be removed in a future release
WARN: Operator `choice` is deprecated -- it will be removed in a future release
WARN: Operator `choice` is deprecated -- it will be removed in a future release

executor >  slurm (6)
[f1/3bfba0] process > multi2single (2)  [100%] 2 of 2, cached: 2 ✔
[d6/406e63] process > fastq (2)         [100%] 2 of 2, cached: 2 ✔
[e7/cd1f5e] process > minimap2 (2)      [100%] 2 of 2, cached: 2 ✔
[98/98231a] process > minimap2Merge (1) [100%] 1 of 1, cached: 1 ✔
[06/61fbef] process > tombo1 (1)        [100%] 1 of 1, cached: 1 ✔
[1d/ac379a] process > tombo2 (1)        [  0%] 0 of 1
[e3/a04b1f] process > tombo3 (1)        [  0%] 0 of 1
[ff/bc3fbb] process > nanom6a (1)       [  0%] 0 of 1 ✔
[78/01110d] process > differr (1)       [  0%] 0 of 1
[b8/4e3a1b] process > eligos (1)        [100%] 1 of 1, cached: 1 ✔
[-        ] process > mines             -
[-        ] process > dena              -
[-        ] process > epinanoSVM        -
[-        ] process > epinanoError      -
[e5/92d01c] process > nanodoc (1)       [100%] 1 of 1, cached: 1 ✔
[ac/29d0e6] process > drummer (1)       [100%] 1 of 1, cached: 1 ✔
[c6/2ca1ee] process > nanopolish1 (2)   [  0%] 0 of 2
[-        ] process > xpore1            -
[-        ] process > xpore2            -
[-        ] process > nanocompore1      -
[-        ] process > nanocompore2      -
[-        ] process > m6anet1           -
[-        ] process > m6anet2           -
[-        ] process > yanocomp1         -
[-        ] process > yanocomp2         -
[-        ] process > postprocessing    -
Pulling Singularity image docker://bproject/dena:v1 [cache /globalscratch/ulb/mlg/hdmarmol/caches/bproject-dena-v1.img]
WARN: Operator `choice` is deprecated -- it will be removed in a future release
WARN: Operator `choice` is deprecated -- it will be removed in a future release
WARN: Output `set` must define at least two component -- Check process `tombo1`
WARN: Input `set` must define at least two component -- Check process `tombo2`
WARN: Output `set` must define at least two component -- Check process `tombo2`
WARN: Input `set` must define at least two component -- Check process `tombo3`
WARN: Input `set` must define at least two component -- Check process `nanom6a`
WARN: Operator `choice` is deprecated -- it will be removed in a future release
WARN: Operator `choice` is deprecated -- it will be removed in a future release
WARN: Input `set` must define at least two component -- Check process `mines`
WARN: Input `set` must define at least two component -- Check process `dena`
WARN: Operator `choice` is deprecated -- it will be removed in a future release
WARN: Operator `choice` is deprecated -- it will be removed in a future release
WARN: Operator `choice` is deprecated -- it will be removed in a future release
WARN: Operator `choice` is deprecated -- it will be removed in a future release
WARN: Operator `choice` is deprecated -- it will be removed in a future release
WARN: Operator `choice` is deprecated -- it will be removed in a future release
Error executing process > 'nanom6a (1)'

Caused by:
  Process `nanom6a (1)` terminated with an error exit status (1)

Command executed:

  export _JAVA_OPTIONS="-Xmx1024M -Xms4G"
  echo _JAVA_OPTIONS
    	java -jar /picard/build/libs/picard.jar CreateSequenceDictionary R=genome.fa O=genome.dict
  java -jar /picard/build/libs/picard.jar CreateSequenceDictionary R=transcriptome.fa O=transcriptome.dict

Command exit status:
  1

Command output:
  _JAVA_OPTIONS
  Error occurred during initialization of VM
  Initial heap size set to a larger value than the maximum heap size

Command error:
  INFO:    Environment variable SINGULARITYENV_TMPDIR is set, but APPTAINERENV_TMPDIR is preferred
  Picked up _JAVA_OPTIONS: -Xmx1024M -Xms4G

Work dir:
  /globalscratch/users/h/d/hdmarmol/work/ff/bc3fbb4bb1a6153268120f64a39363

Tip: you can replicate the issue by changing to the process work dir and entering the command `bash .command.run`


WARN: Killing running tasks (5)

executor >  slurm (6)
[f1/3bfba0] process > multi2single (2)  [100%] 2 of 2, cached: 2 ✔
[d6/406e63] process > fastq (2)         [100%] 2 of 2, cached: 2 ✔
[e7/cd1f5e] process > minimap2 (2)      [100%] 2 of 2, cached: 2 ✔
[98/98231a] process > minimap2Merge (1) [100%] 1 of 1, cached: 1 ✔
[06/61fbef] process > tombo1 (1)        [100%] 1 of 1, cached: 1 ✔
[-        ] process > tombo2 (1)        -
[-        ] process > tombo3 (1)        -
[ff/bc3fbb] process > nanom6a (1)       [100%] 1 of 1, failed: 1 ✘
[-        ] process > differr (1)       -
[b8/4e3a1b] process > eligos (1)        [100%] 1 of 1, cached: 1 ✔
[-        ] process > mines             -
[-        ] process > dena              -
[-        ] process > epinanoSVM        -
[-        ] process > epinanoError      -
[e5/92d01c] process > nanodoc (1)       [100%] 1 of 1, cached: 1 ✔
[ac/29d0e6] process > drummer (1)       [100%] 1 of 1, cached: 1 ✔
[-        ] process > nanopolish1 (2)   -
[-        ] process > xpore1            -
[-        ] process > xpore2            -
[-        ] process > nanocompore1      -
[-        ] process > nanocompore2      -
[-        ] process > m6anet1           -
[-        ] process > m6anet2           -
[-        ] process > yanocomp1         -
[-        ] process > yanocomp2         -
[-        ] process > postprocessing    -
Pulling Singularity image docker://bproject/dena:v1 [cache /globalscratch/ulb/mlg/hdmarmol/caches/bproject-dena-v1.img]
WARN: Operator `choice` is deprecated -- it will be removed in a future release
WARN: Operator `choice` is deprecated -- it will be removed in a future release
WARN: Output `set` must define at least two component -- Check process `tombo1`
WARN: Input `set` must define at least two component -- Check process `tombo2`
WARN: Output `set` must define at least two component -- Check process `tombo2`
WARN: Input `set` must define at least two component -- Check process `tombo3`
WARN: Input `set` must define at least two component -- Check process `nanom6a`
WARN: Operator `choice` is deprecated -- it will be removed in a future release
WARN: Operator `choice` is deprecated -- it will be removed in a future release
WARN: Input `set` must define at least two component -- Check process `mines`
WARN: Input `set` must define at least two component -- Check process `dena`
WARN: Operator `choice` is deprecated -- it will be removed in a future release
WARN: Operator `choice` is deprecated -- it will be removed in a future release
WARN: Operator `choice` is deprecated -- it will be removed in a future release
WARN: Operator `choice` is deprecated -- it will be removed in a future release
WARN: Operator `choice` is deprecated -- it will be removed in a future release
WARN: Operator `choice` is deprecated -- it will be removed in a future release
Error executing process > 'nanom6a (1)'

Caused by:
  Process `nanom6a (1)` terminated with an error exit status (1)

Command executed:

  export _JAVA_OPTIONS="-Xmx1024M -Xms4G"
  echo _JAVA_OPTIONS
    	java -jar /picard/build/libs/picard.jar CreateSequenceDictionary R=genome.fa O=genome.dict
  java -jar /picard/build/libs/picard.jar CreateSequenceDictionary R=transcriptome.fa O=transcriptome.dict

Command exit status:
  1

Command output:
  _JAVA_OPTIONS
  Error occurred during initialization of VM
  Initial heap size set to a larger value than the maximum heap size

Command error:
  INFO:    Environment variable SINGULARITYENV_TMPDIR is set, but APPTAINERENV_TMPDIR is preferred
  Picked up _JAVA_OPTIONS: -Xmx1024M -Xms4G

Work dir:
  /globalscratch/users/h/d/hdmarmol/work/ff/bc3fbb4bb1a6153268120f64a39363

Tip: you can replicate the issue by changing to the process work dir and entering the command `bash .command.run`



