The following modules were not unloaded:
  (Use "module --force purge" to unload all):

  1) releases/2023a   2) tis/2018.01
N E X T F L O W  ~  version 22.10.0
Launching `/home/ulb/mlg/hdmarmol/maestriNanolympicMod/myNanolympics/NanOlympicsMod/pipeline.nf` [nauseous_cori] DSL1 - revision: 91e2af624e
WARN: The `into` operator should be used to connect two or more target channels -- consider replacing it with `.set { bed_nanocompore }`
SampleName: MAESTRI_WT, Condition: WT, DataPath: /globalscratch/ulb/mlg/hdmarmol/sampledata/HEK293T_BP_WT1_Chromosome1_basecalled/workspace/
Tuple: [MAESTRI_WT, WT, /globalscratch/ulb/mlg/hdmarmol/sampledata/HEK293T_BP_WT1_Chromosome1_basecalled/workspace/]
SampleName: MAESTRI_MD, Condition: KO, DataPath: /globalscratch/ulb/mlg/hdmarmol/sampledata/HEK293T_BP_METTL3Inhibitor1_Chromosome1_basecalled/workspace/
Tuple: [MAESTRI_MD, KO, /globalscratch/ulb/mlg/hdmarmol/sampledata/HEK293T_BP_METTL3Inhibitor1_Chromosome1_basecalled/workspace/]
[-        ] process > multi2single -
[-        ] process > fastq        -

[-        ] process > multi2single  -
[-        ] process > fastq         -
[-        ] process > minimap2      -
[-        ] process > minimap2Merge -
[-        ] process > tombo1        -
[-        ] process > tombo2        -
[-        ] process > tombo3        -
[-        ] process > nanom6a       -
[-        ] process > differr       -
[-        ] process > eligos        -
[-        ] process > mines         -
[-        ] process > dena          -
[-        ] process > epinanoSVM    -
[-        ] process > epinanoError  -
WARN: Operator `choice` is deprecated -- it will be removed in a future release
WARN: Operator `choice` is deprecated -- it will be removed in a future release
WARN: Output `set` must define at least two component -- Check process `tombo1`
WARN: Input `set` must define at least two component -- Check process `tombo2`
WARN: Output `set` must define at least two component -- Check process `tombo2`
WARN: Input `set` must define at least two component -- Check process `tombo3`
WARN: Input `set` must define at least two component -- Check process `nanom6a`
WARN: Operator `choice` is deprecated -- it will be removed in a future release
WARN: Operator `choice` is deprecated -- it will be removed in a future release
WARN: Input `set` must define at least two component -- Check process `mines`
WARN: Input `set` must define at least two component -- Check process `dena`
WARN: Operator `choice` is deprecated -- it will be removed in a future release

[90/f9d24e] process > multi2single (2) [100%] 1 of 1, cached: 1
[-        ] process > fastq            -
[-        ] process > minimap2         -
[-        ] process > minimap2Merge    -
[-        ] process > tombo1           -
[-        ] process > tombo2           -
[-        ] process > tombo3           -
[-        ] process > nanom6a          -
[-        ] process > differr          -
[-        ] process > eligos           -
[-        ] process > mines            -
[-        ] process > dena             -
[-        ] process > epinanoSVM       -
[-        ] process > epinanoError     -
[-        ] process > nanodoc          -
[-        ] process > drummer          -
[-        ] process > nanopolish1      -
[-        ] process > xpore1           -
[-        ] process > xpore2           -
[-        ] process > nanocompore1     -
[-        ] process > nanocompore2     -
[-        ] process > m6anet1          -
[-        ] process > m6anet2          -
[-        ] process > yanocomp1        -
[-        ] process > yanocomp2        -
[-        ] process > postprocessing   -
WARN: Operator `choice` is deprecated -- it will be removed in a future release
WARN: Operator `choice` is deprecated -- it will be removed in a future release
WARN: Output `set` must define at least two component -- Check process `tombo1`
WARN: Input `set` must define at least two component -- Check process `tombo2`
WARN: Output `set` must define at least two component -- Check process `tombo2`
WARN: Input `set` must define at least two component -- Check process `tombo3`
WARN: Input `set` must define at least two component -- Check process `nanom6a`
WARN: Operator `choice` is deprecated -- it will be removed in a future release
WARN: Operator `choice` is deprecated -- it will be removed in a future release
WARN: Input `set` must define at least two component -- Check process `mines`
WARN: Input `set` must define at least two component -- Check process `dena`
WARN: Operator `choice` is deprecated -- it will be removed in a future release
WARN: Operator `choice` is deprecated -- it will be removed in a future release
WARN: Operator `choice` is deprecated -- it will be removed in a future release
WARN: Operator `choice` is deprecated -- it will be removed in a future release
WARN: Operator `choice` is deprecated -- it will be removed in a future release
WARN: Operator `choice` is deprecated -- it will be removed in a future release

[32/ac38cf] process > multi2single (1) [100%] 2 of 2, cached: 2 ✔
[-        ] process > fastq            [  0%] 0 of 2
[-        ] process > minimap2         -
[-        ] process > minimap2Merge    -
[a7/ac0aee] process > tombo1 (1)       [100%] 1 of 1, cached: 1 ✔
[-        ] process > tombo2           [  0%] 0 of 1
[-        ] process > tombo3           [  0%] 0 of 1
[-        ] process > nanom6a          -
[-        ] process > differr          -
[-        ] process > eligos           -
[-        ] process > mines            -
[-        ] process > dena             -
[-        ] process > epinanoSVM       -
[-        ] process > epinanoError     -
[1a/5f8ae3] process > nanodoc (1)      [100%] 1 of 1, cached: 1 ✔
[-        ] process > drummer          -
[-        ] process > nanopolish1      -
[-        ] process > xpore1           -
[-        ] process > xpore2           -
[-        ] process > nanocompore1     -
[-        ] process > nanocompore2     -
[-        ] process > m6anet1          -
[-        ] process > m6anet2          -
[-        ] process > yanocomp1        -
[-        ] process > yanocomp2        -
[-        ] process > postprocessing   -
WARN: Operator `choice` is deprecated -- it will be removed in a future release
WARN: Operator `choice` is deprecated -- it will be removed in a future release
WARN: Output `set` must define at least two component -- Check process `tombo1`
WARN: Input `set` must define at least two component -- Check process `tombo2`
WARN: Output `set` must define at least two component -- Check process `tombo2`
WARN: Input `set` must define at least two component -- Check process `tombo3`
WARN: Input `set` must define at least two component -- Check process `nanom6a`
WARN: Operator `choice` is deprecated -- it will be removed in a future release
WARN: Operator `choice` is deprecated -- it will be removed in a future release
WARN: Input `set` must define at least two component -- Check process `mines`
WARN: Input `set` must define at least two component -- Check process `dena`
WARN: Operator `choice` is deprecated -- it will be removed in a future release
WARN: Operator `choice` is deprecated -- it will be removed in a future release
WARN: Operator `choice` is deprecated -- it will be removed in a future release
WARN: Operator `choice` is deprecated -- it will be removed in a future release
WARN: Operator `choice` is deprecated -- it will be removed in a future release
WARN: Operator `choice` is deprecated -- it will be removed in a future release

executor >  slurm (5)
[32/ac38cf] process > multi2single (1) [100%] 2 of 2, cached: 2 ✔
[31/531fe4] process > fastq (1)        [  0%] 0 of 2
[-        ] process > minimap2         -
[-        ] process > minimap2Merge    -
[a7/ac0aee] process > tombo1 (1)       [100%] 1 of 1, cached: 1 ✔
[35/6686f0] process > tombo2 (1)       [  0%] 0 of 1
[e0/651048] process > tombo3 (1)       [  0%] 0 of 1
[7f/c909ae] process > nanom6a (1)      [  0%] 0 of 1
[-        ] process > differr          -
[-        ] process > eligos           -
[-        ] process > mines            -
[-        ] process > dena             -
[-        ] process > epinanoSVM       -
[-        ] process > epinanoError     -
[1a/5f8ae3] process > nanodoc (1)      [100%] 1 of 1, cached: 1 ✔
[-        ] process > drummer          -
[-        ] process > nanopolish1      -
[-        ] process > xpore1           -
[-        ] process > xpore2           -
[-        ] process > nanocompore1     -
[-        ] process > nanocompore2     -
[-        ] process > m6anet1          -
[-        ] process > m6anet2          -
[-        ] process > yanocomp1        -
[-        ] process > yanocomp2        -
[-        ] process > postprocessing   -
WARN: Operator `choice` is deprecated -- it will be removed in a future release
WARN: Operator `choice` is deprecated -- it will be removed in a future release
WARN: Output `set` must define at least two component -- Check process `tombo1`
WARN: Input `set` must define at least two component -- Check process `tombo2`
WARN: Output `set` must define at least two component -- Check process `tombo2`
WARN: Input `set` must define at least two component -- Check process `tombo3`
WARN: Input `set` must define at least two component -- Check process `nanom6a`
WARN: Operator `choice` is deprecated -- it will be removed in a future release
WARN: Operator `choice` is deprecated -- it will be removed in a future release
WARN: Input `set` must define at least two component -- Check process `mines`
WARN: Input `set` must define at least two component -- Check process `dena`
WARN: Operator `choice` is deprecated -- it will be removed in a future release
WARN: Operator `choice` is deprecated -- it will be removed in a future release
WARN: Operator `choice` is deprecated -- it will be removed in a future release
WARN: Operator `choice` is deprecated -- it will be removed in a future release
WARN: Operator `choice` is deprecated -- it will be removed in a future release
WARN: Operator `choice` is deprecated -- it will be removed in a future release

executor >  slurm (5)
[32/ac38cf] process > multi2single (1) [100%] 2 of 2, cached: 2 ✔
[31/531fe4] process > fastq (1)        [  0%] 0 of 2
[-        ] process > minimap2         -
[-        ] process > minimap2Merge    -
[a7/ac0aee] process > tombo1 (1)       [100%] 1 of 1, cached: 1 ✔
[35/6686f0] process > tombo2 (1)       [  0%] 0 of 1
[e0/651048] process > tombo3 (1)       [  0%] 0 of 1
[7f/c909ae] process > nanom6a (1)      [  0%] 0 of 1
[-        ] process > differr          -
[-        ] process > eligos           -
[-        ] process > mines            -
[-        ] process > dena             -
[-        ] process > epinanoSVM       -
[-        ] process > epinanoError     -
[1a/5f8ae3] process > nanodoc (1)      [100%] 1 of 1, cached: 1 ✔
[-        ] process > drummer          -
[-        ] process > nanopolish1      -
[-        ] process > xpore1           -
[-        ] process > xpore2           -
[-        ] process > nanocompore1     -
[-        ] process > nanocompore2     -
[-        ] process > m6anet1          -
[-        ] process > m6anet2          -
[-        ] process > yanocomp1        -
[-        ] process > yanocomp2        -
[-        ] process > postprocessing   -
WARN: Operator `choice` is deprecated -- it will be removed in a future release
WARN: Operator `choice` is deprecated -- it will be removed in a future release
WARN: Output `set` must define at least two component -- Check process `tombo1`
WARN: Input `set` must define at least two component -- Check process `tombo2`
WARN: Output `set` must define at least two component -- Check process `tombo2`
WARN: Input `set` must define at least two component -- Check process `tombo3`
WARN: Input `set` must define at least two component -- Check process `nanom6a`
WARN: Operator `choice` is deprecated -- it will be removed in a future release
WARN: Operator `choice` is deprecated -- it will be removed in a future release
WARN: Input `set` must define at least two component -- Check process `mines`
WARN: Input `set` must define at least two component -- Check process `dena`
WARN: Operator `choice` is deprecated -- it will be removed in a future release
WARN: Operator `choice` is deprecated -- it will be removed in a future release
WARN: Operator `choice` is deprecated -- it will be removed in a future release
WARN: Operator `choice` is deprecated -- it will be removed in a future release
WARN: Operator `choice` is deprecated -- it will be removed in a future release
WARN: Operator `choice` is deprecated -- it will be removed in a future release

executor >  slurm (5)
[32/ac38cf] process > multi2single (1) [100%] 2 of 2, cached: 2 ✔
[31/531fe4] process > fastq (1)        [  0%] 0 of 2
[-        ] process > minimap2         -
[-        ] process > minimap2Merge    -
[a7/ac0aee] process > tombo1 (1)       [100%] 1 of 1, cached: 1 ✔
[35/6686f0] process > tombo2 (1)       [  0%] 0 of 1
[e0/651048] process > tombo3 (1)       [  0%] 0 of 1
[7f/c909ae] process > nanom6a (1)      [  0%] 0 of 1
[-        ] process > differr          -
[-        ] process > eligos           -
[-        ] process > mines            -
[-        ] process > dena             -
[-        ] process > epinanoSVM       -
[-        ] process > epinanoError     -
[1a/5f8ae3] process > nanodoc (1)      [100%] 1 of 1, cached: 1 ✔
[-        ] process > drummer          -
[-        ] process > nanopolish1      -
[-        ] process > xpore1           -
[-        ] process > xpore2           -
[-        ] process > nanocompore1     -
[-        ] process > nanocompore2     -
[-        ] process > m6anet1          -
[-        ] process > m6anet2          -
[-        ] process > yanocomp1        -
[-        ] process > yanocomp2        -
[-        ] process > postprocessing   -
WARN: Operator `choice` is deprecated -- it will be removed in a future release
WARN: Operator `choice` is deprecated -- it will be removed in a future release
WARN: Output `set` must define at least two component -- Check process `tombo1`
WARN: Input `set` must define at least two component -- Check process `tombo2`
WARN: Output `set` must define at least two component -- Check process `tombo2`
WARN: Input `set` must define at least two component -- Check process `tombo3`
WARN: Input `set` must define at least two component -- Check process `nanom6a`
WARN: Operator `choice` is deprecated -- it will be removed in a future release
WARN: Operator `choice` is deprecated -- it will be removed in a future release
WARN: Input `set` must define at least two component -- Check process `mines`
WARN: Input `set` must define at least two component -- Check process `dena`
WARN: Operator `choice` is deprecated -- it will be removed in a future release
WARN: Operator `choice` is deprecated -- it will be removed in a future release
WARN: Operator `choice` is deprecated -- it will be removed in a future release
WARN: Operator `choice` is deprecated -- it will be removed in a future release
WARN: Operator `choice` is deprecated -- it will be removed in a future release
WARN: Operator `choice` is deprecated -- it will be removed in a future release

executor >  slurm (5)
[32/ac38cf] process > multi2single (1) [100%] 2 of 2, cached: 2 ✔
[31/531fe4] process > fastq (1)        [  0%] 0 of 2
[-        ] process > minimap2         -
[-        ] process > minimap2Merge    -
[a7/ac0aee] process > tombo1 (1)       [100%] 1 of 1, cached: 1 ✔
[35/6686f0] process > tombo2 (1)       [  0%] 0 of 1
[e0/651048] process > tombo3 (1)       [  0%] 0 of 1
[7f/c909ae] process > nanom6a (1)      [  0%] 0 of 1
[-        ] process > differr          -
[-        ] process > eligos           -
[-        ] process > mines            -
[-        ] process > dena             -
[-        ] process > epinanoSVM       -
[-        ] process > epinanoError     -
[1a/5f8ae3] process > nanodoc (1)      [100%] 1 of 1, cached: 1 ✔
[-        ] process > drummer          -
[-        ] process > nanopolish1      -
[-        ] process > xpore1           -
[-        ] process > xpore2           -
[-        ] process > nanocompore1     -
[-        ] process > nanocompore2     -
[-        ] process > m6anet1          -
[-        ] process > m6anet2          -
[-        ] process > yanocomp1        -
[-        ] process > yanocomp2        -
[-        ] process > postprocessing   -

















Error executing process > 'nanom6a (1)'

Caused by:
  Process `nanom6a (1)` terminated with an error exit status (1)

Command executed:

  java -jar /picard/build/libs/picard.jar CreateSequenceDictionary -R genome.fa -O genome.dict
  		java -jar /picard/build/libs/picard.jar CreateSequenceDictionary -R transcriptome.fa -O transcriptome.dict
  
  		mkdir -p /globalscratch/ulb/mlg/hdmarmol/nanolympics/results2/WT/nanom6a/
  
  		find /globalscratch/ulb/mlg/hdmarmol/nanolympics/results2/WT/ -name "*.fast5" > /globalscratch/ulb/mlg/hdmarmol/nanolympics/results2/WT/nanom6a/files.txt
  		/nanom6A_2021_10_22/bin/extract_raw_and_feature_fast --cpu=6 --fl=/globalscratch/ulb/mlg/hdmarmol/nanolympics/results2/WT/nanom6a/files.txt -o /globalscratch/ulb/mlg/hdmarmol/nanolympics/results2/WT/nanom6a/result --clip=10 --basecall_group RawGenomeCorrected_000 --basecall_subgroup BaseCalled_template
  
  		for prob in 0.5 0.6 0.7 0.8 0.9 0.99;do /nanom6A_2021_10_22/bin/predict_sites --cpu 6 -i /globalscratch/ulb/mlg/hdmarmol/nanolympics/results2/WT/nanom6a/result -o /globalscratch/ulb/mlg/hdmarmol/nanolympics/results2/WT/nanom6a/result_final -r transcriptome.fa -g genome.fa -b /home/ulb/mlg/hdmarmol/dataInputs/dummy_genes2transcripts.txt --model /nanom6A_2021_10_22/bin/model/ --proba $prob; done
  
  #		mkdir -p /globalscratch/ulb/mlg/hdmarmol/nanolympics/results2/KO/nanom6a/
  
  #		find /globalscratch/ulb/mlg/hdmarmol/nanolympics/results2/KO/ -name "*.fast5" > /globalscratch/ulb/mlg/hdmarmol/nanolympics/results2/KO/nanom6a/files.txt
  #		/nanom6A_2021_10_22/bin/extract_raw_and_feature_fast --cpu=6 --fl=/globalscratch/ulb/mlg/hdmarmol/nanolympics/results2/KO/nanom6a/files.txt -o /globalscratch/ulb/mlg/hdmarmol/nanolympics/results2/KO/nanom6a/result --clip=10 --basecall_group RawGenomeCorrected_000 --basecall_subgroup BaseCalled_template
  
  #		for prob in 0.5 0.6 0.7 0.8 0.9 0.99;do /nanom6A_2021_10_22/bin/predict_sites --cpu 6 -i /globalscratch/ulb/mlg/hdmarmol/nanolympics/results2/KO/nanom6a/result -o /globalscratch/ulb/mlg/hdmarmol/nanolympics/results2/KO/nanom6a/result_final -r transcriptome.fa -g genome.fa -b /home/ulb/mlg/hdmarmol/dataInputs/dummy_genes2transcripts.txt --model /nanom6A_2021_10_22/bin/model/ --proba $prob; done

Command exit status:
  1

Command output:
  (empty)

Command error:
   99%|█████████▉| 496111/501606 [07:32<00:04, 1118.94it/s]
   99%|█████████▉| 496227/501606 [07:32<00:04, 1121.07it/s]
   99%|█████████▉| 496341/501606 [07:33<00:04, 1081.71it/s]
   99%|█████████▉| 496451/501606 [07:33<00:04, 1080.11it/s]
   99%|█████████▉| 496574/501606 [07:33<00:04, 1117.28it/s]
   99%|█████████▉| 496689/501606 [07:33<00:04, 1126.18it/s]
   99%|█████████▉| 496804/501606 [07:33<00:04, 1131.98it/s]
   99%|█████████▉| 496918/501606 [07:33<00:04, 1089.24it/s]
   99%|█████████▉| 497042/501606 [07:33<00:04, 1130.34it/s]
   99%|█████████▉| 497156/501606 [07:33<00:04, 1082.44it/s]
   99%|█████████▉| 497285/501606 [07:33<00:03, 1132.13it/s]
   99%|█████████▉| 497402/501606 [07:33<00:03, 1140.48it/s]
   99%|█████████▉| 497521/501606 [07:34<00:03, 1154.38it/s]
   99%|█████████▉| 497638/501606 [07:34<00:03, 1155.85it/s]
   99%|█████████▉| 497764/501606 [07:34<00:03, 1176.98it/s]
   99%|█████████▉| 497891/501606 [07:34<00:03, 1195.48it/s]
   99%|█████████▉| 498018/501606 [07:34<00:02, 1211.89it/s]
   99%|█████████▉| 498150/501606 [07:34<00:02, 1239.37it/s]
   99%|█████████▉| 498278/501606 [07:34<00:02, 1250.19it/s]
   99%|█████████▉| 498407/501606 [07:34<00:02, 1261.84it/s]
   99%|█████████▉| 498537/501606 [07:34<00:02, 1268.36it/s]
   99%|█████████▉| 498667/501606 [07:35<00:02, 1274.84it/s]
   99%|█████████▉| 498799/501606 [07:35<00:02, 1282.07it/s]
   99%|█████████▉| 498928/501606 [07:35<00:02, 1277.32it/s]
   99%|█████████▉| 499056/501606 [07:35<00:02, 1213.76it/s]
  100%|█████████▉| 499188/501606 [07:35<00:01, 1240.93it/s]
  100%|█████████▉| 499316/501606 [07:35<00:01, 1247.74it/s]
  100%|█████████▉| 499447/501606 [07:35<00:01, 1265.77it/s]
  100%|█████████▉| 499574/501606 [07:35<00:01, 1217.74it/s]
  100%|█████████▉| 499701/501606 [07:35<00:01, 1229.46it/s]
  100%|█████████▉| 499825/501606 [07:35<00:01, 1213.60it/s]
  100%|█████████▉| 499947/501606 [07:36<00:01, 1205.14it/s]
  100%|█████████▉| 500068/501606 [07:36<00:01, 1116.51it/s]
  100%|█████████▉| 500182/501606 [07:36<00:01, 1110.77it/s]
  100%|█████████▉| 500314/501606 [07:36<00:01, 1165.71it/s]
  100%|█████████▉| 500445/501606 [07:36<00:00, 1205.23it/s]
  100%|█████████▉| 500570/501606 [07:36<00:00, 1214.38it/s]
  100%|█████████▉| 500693/501606 [07:36<00:00, 1145.92it/s]
  100%|█████████▉| 500819/501606 [07:36<00:00, 1173.02it/s]
  100%|█████████▉| 500950/501606 [07:36<00:00, 1202.31it/s]
  100%|█████████▉| 501081/501606 [07:37<00:00, 1230.96it/s]
  100%|█████████▉| 501205/501606 [07:37<00:00, 1202.48it/s]
  100%|█████████▉| 501333/501606 [07:37<00:00, 1223.55it/s]
  100%|█████████▉| 501463/501606 [07:37<00:00, 1244.92it/s]
  100%|█████████▉| 501589/501606 [07:37<00:00, 736.89it/s] 
  100%|██████████| 501606/501606 [07:38<00:00, 1094.28it/s]
  genome file ok!
  referance transcripts sequence file ok!
  please check ENST00000673477::chr1:1471765-1497848 transcripts not find in /home/ulb/mlg/hdmarmol/dataInputs/dummy_genes2transcripts.txt file!

Work dir:
  /globalscratch/users/h/d/hdmarmol/work/7f/c909ae14cd3c100ceaa2c705942576

Tip: view the complete command output by changing to the process work dir and entering the command `cat .command.out`


WARN: Killing running tasks (4)

executor >  slurm (5)
[32/ac38cf] process > multi2single (1) [100%] 2 of 2, cached: 2 ✔
[-        ] process > fastq (1)        -
[-        ] process > minimap2         -
[-        ] process > minimap2Merge    -
[a7/ac0aee] process > tombo1 (1)       [100%] 1 of 1, cached: 1 ✔
[-        ] process > tombo2 (1)       -
[-        ] process > tombo3 (1)       -
[7f/c909ae] process > nanom6a (1)      [100%] 1 of 1, failed: 1 ✘
[-        ] process > differr          -
[-        ] process > eligos           -
[-        ] process > mines            -
[-        ] process > dena             -
[-        ] process > epinanoSVM       -
[-        ] process > epinanoError     -
[1a/5f8ae3] process > nanodoc (1)      [100%] 1 of 1, cached: 1 ✔
[-        ] process > drummer          -
[-        ] process > nanopolish1      -
[-        ] process > xpore1           -
[-        ] process > xpore2           -
[-        ] process > nanocompore1     -
[-        ] process > nanocompore2     -
[-        ] process > m6anet1          -
[-        ] process > m6anet2          -
[-        ] process > yanocomp1        -
[-        ] process > yanocomp2        -
[-        ] process > postprocessing   -
Error executing process > 'nanom6a (1)'

Caused by:
  Process `nanom6a (1)` terminated with an error exit status (1)

Command executed:

  java -jar /picard/build/libs/picard.jar CreateSequenceDictionary -R genome.fa -O genome.dict
  		java -jar /picard/build/libs/picard.jar CreateSequenceDictionary -R transcriptome.fa -O transcriptome.dict
  
  		mkdir -p /globalscratch/ulb/mlg/hdmarmol/nanolympics/results2/WT/nanom6a/
  
  		find /globalscratch/ulb/mlg/hdmarmol/nanolympics/results2/WT/ -name "*.fast5" > /globalscratch/ulb/mlg/hdmarmol/nanolympics/results2/WT/nanom6a/files.txt
  		/nanom6A_2021_10_22/bin/extract_raw_and_feature_fast --cpu=6 --fl=/globalscratch/ulb/mlg/hdmarmol/nanolympics/results2/WT/nanom6a/files.txt -o /globalscratch/ulb/mlg/hdmarmol/nanolympics/results2/WT/nanom6a/result --clip=10 --basecall_group RawGenomeCorrected_000 --basecall_subgroup BaseCalled_template
  
  		for prob in 0.5 0.6 0.7 0.8 0.9 0.99;do /nanom6A_2021_10_22/bin/predict_sites --cpu 6 -i /globalscratch/ulb/mlg/hdmarmol/nanolympics/results2/WT/nanom6a/result -o /globalscratch/ulb/mlg/hdmarmol/nanolympics/results2/WT/nanom6a/result_final -r transcriptome.fa -g genome.fa -b /home/ulb/mlg/hdmarmol/dataInputs/dummy_genes2transcripts.txt --model /nanom6A_2021_10_22/bin/model/ --proba $prob; done
  
  #		mkdir -p /globalscratch/ulb/mlg/hdmarmol/nanolympics/results2/KO/nanom6a/
  
  #		find /globalscratch/ulb/mlg/hdmarmol/nanolympics/results2/KO/ -name "*.fast5" > /globalscratch/ulb/mlg/hdmarmol/nanolympics/results2/KO/nanom6a/files.txt
  #		/nanom6A_2021_10_22/bin/extract_raw_and_feature_fast --cpu=6 --fl=/globalscratch/ulb/mlg/hdmarmol/nanolympics/results2/KO/nanom6a/files.txt -o /globalscratch/ulb/mlg/hdmarmol/nanolympics/results2/KO/nanom6a/result --clip=10 --basecall_group RawGenomeCorrected_000 --basecall_subgroup BaseCalled_template
  
  #		for prob in 0.5 0.6 0.7 0.8 0.9 0.99;do /nanom6A_2021_10_22/bin/predict_sites --cpu 6 -i /globalscratch/ulb/mlg/hdmarmol/nanolympics/results2/KO/nanom6a/result -o /globalscratch/ulb/mlg/hdmarmol/nanolympics/results2/KO/nanom6a/result_final -r transcriptome.fa -g genome.fa -b /home/ulb/mlg/hdmarmol/dataInputs/dummy_genes2transcripts.txt --model /nanom6A_2021_10_22/bin/model/ --proba $prob; done

Command exit status:
  1

Command output:
  (empty)

Command error:
   99%|█████████▉| 496111/501606 [07:32<00:04, 1118.94it/s]
   99%|█████████▉| 496227/501606 [07:32<00:04, 1121.07it/s]
   99%|█████████▉| 496341/501606 [07:33<00:04, 1081.71it/s]
   99%|█████████▉| 496451/501606 [07:33<00:04, 1080.11it/s]
   99%|█████████▉| 496574/501606 [07:33<00:04, 1117.28it/s]
   99%|█████████▉| 496689/501606 [07:33<00:04, 1126.18it/s]
   99%|█████████▉| 496804/501606 [07:33<00:04, 1131.98it/s]
   99%|█████████▉| 496918/501606 [07:33<00:04, 1089.24it/s]
   99%|█████████▉| 497042/501606 [07:33<00:04, 1130.34it/s]
   99%|█████████▉| 497156/501606 [07:33<00:04, 1082.44it/s]
   99%|█████████▉| 497285/501606 [07:33<00:03, 1132.13it/s]
   99%|█████████▉| 497402/501606 [07:33<00:03, 1140.48it/s]
   99%|█████████▉| 497521/501606 [07:34<00:03, 1154.38it/s]
   99%|█████████▉| 497638/501606 [07:34<00:03, 1155.85it/s]
   99%|█████████▉| 497764/501606 [07:34<00:03, 1176.98it/s]
   99%|█████████▉| 497891/501606 [07:34<00:03, 1195.48it/s]
   99%|█████████▉| 498018/501606 [07:34<00:02, 1211.89it/s]
   99%|█████████▉| 498150/501606 [07:34<00:02, 1239.37it/s]
   99%|█████████▉| 498278/501606 [07:34<00:02, 1250.19it/s]
   99%|█████████▉| 498407/501606 [07:34<00:02, 1261.84it/s]
   99%|█████████▉| 498537/501606 [07:34<00:02, 1268.36it/s]
   99%|█████████▉| 498667/501606 [07:35<00:02, 1274.84it/s]
   99%|█████████▉| 498799/501606 [07:35<00:02, 1282.07it/s]
   99%|█████████▉| 498928/501606 [07:35<00:02, 1277.32it/s]
   99%|█████████▉| 499056/501606 [07:35<00:02, 1213.76it/s]
  100%|█████████▉| 499188/501606 [07:35<00:01, 1240.93it/s]
  100%|█████████▉| 499316/501606 [07:35<00:01, 1247.74it/s]
  100%|█████████▉| 499447/501606 [07:35<00:01, 1265.77it/s]
  100%|█████████▉| 499574/501606 [07:35<00:01, 1217.74it/s]
  100%|█████████▉| 499701/501606 [07:35<00:01, 1229.46it/s]
  100%|█████████▉| 499825/501606 [07:35<00:01, 1213.60it/s]
  100%|█████████▉| 499947/501606 [07:36<00:01, 1205.14it/s]
  100%|█████████▉| 500068/501606 [07:36<00:01, 1116.51it/s]
  100%|█████████▉| 500182/501606 [07:36<00:01, 1110.77it/s]
  100%|█████████▉| 500314/501606 [07:36<00:01, 1165.71it/s]
  100%|█████████▉| 500445/501606 [07:36<00:00, 1205.23it/s]
  100%|█████████▉| 500570/501606 [07:36<00:00, 1214.38it/s]
  100%|█████████▉| 500693/501606 [07:36<00:00, 1145.92it/s]
  100%|█████████▉| 500819/501606 [07:36<00:00, 1173.02it/s]
  100%|█████████▉| 500950/501606 [07:36<00:00, 1202.31it/s]
  100%|█████████▉| 501081/501606 [07:37<00:00, 1230.96it/s]
  100%|█████████▉| 501205/501606 [07:37<00:00, 1202.48it/s]
  100%|█████████▉| 501333/501606 [07:37<00:00, 1223.55it/s]
  100%|█████████▉| 501463/501606 [07:37<00:00, 1244.92it/s]
  100%|█████████▉| 501589/501606 [07:37<00:00, 736.89it/s] 
  100%|██████████| 501606/501606 [07:38<00:00, 1094.28it/s]
  genome file ok!
  referance transcripts sequence file ok!
  please check ENST00000673477::chr1:1471765-1497848 transcripts not find in /home/ulb/mlg/hdmarmol/dataInputs/dummy_genes2transcripts.txt file!

Work dir:
  /globalscratch/users/h/d/hdmarmol/work/7f/c909ae14cd3c100ceaa2c705942576

Tip: view the complete command output by changing to the process work dir and entering the command `cat .command.out`




















